Namespace(activation='relu', batch_size=128, client_num_in_total=10, client_num_per_round=10, client_optimizer='sgd', clip_scalar=2.5, comm_round=100, data_dir='/Date/FL/DisPFL-master/data/', dataset='cifar10', epochs=5, frac=1, frequency_of_the_test=1, gpu=0, identity='fedpm-iid-model_conv6-cm100-total_clnt10-neighbor10-seed0', init='ME_init', lr=0.01, lr_decay=0.998, model='conv6', momentum=0, mu=0.9, partition_alpha=0.3, partition_method='iid', pruned_ths=0.5, seed=0, tag='test', wd=0.0005)
cuda:0
running at devicecuda:0
*********partition data***************
train_num5000  test_num1003
client_idx = 0, local_sample_number = 5000
train_num5000  test_num1006
client_idx = 1, local_sample_number = 5000
train_num5000  test_num1005
client_idx = 2, local_sample_number = 5000
train_num5000  test_num1003
client_idx = 3, local_sample_number = 5000
train_num5000  test_num1004
client_idx = 4, local_sample_number = 5000
train_num5000  test_num1004
client_idx = 5, local_sample_number = 5000
train_num5000  test_num1005
client_idx = 6, local_sample_number = 5000
train_num5000  test_num1004
client_idx = 7, local_sample_number = 5000
train_num5000  test_num1004
client_idx = 8, local_sample_number = 5000
train_num5000  test_num1005
client_idx = 9, local_sample_number = 5000
DATA Partition: Train [511, 510, 506, 509, 502, 472, 500, 470, 500, 520]; Test [103, 102, 102, 102, 101, 95, 100, 94, 100, 104]
DATA Partition: Train [514, 502, 487, 511, 471, 512, 494, 502, 516, 491]; Test [103, 101, 98, 103, 95, 103, 99, 101, 104, 99]
DATA Partition: Train [522, 468, 512, 488, 516, 517, 483, 534, 476, 484]; Test [105, 94, 103, 98, 104, 104, 97, 107, 96, 97]
DATA Partition: Train [481, 527, 475, 482, 504, 505, 505, 517, 499, 505]; Test [97, 106, 95, 97, 101, 101, 101, 104, 100, 101]
DATA Partition: Train [514, 494, 514, 535, 496, 502, 487, 467, 494, 497]; Test [103, 99, 103, 107, 100, 101, 98, 94, 99, 100]
DATA Partition: Train [503, 491, 538, 507, 515, 474, 487, 485, 509, 491]; Test [101, 99, 108, 102, 103, 95, 98, 97, 102, 99]
DATA Partition: Train [463, 495, 497, 457, 487, 537, 507, 506, 521, 530]; Test [93, 99, 100, 92, 98, 108, 102, 102, 105, 106]
DATA Partition: Train [506, 515, 466, 488, 491, 500, 512, 529, 495, 498]; Test [102, 103, 94, 98, 99, 100, 103, 106, 99, 100]
DATA Partition: Train [504, 490, 511, 519, 486, 474, 523, 484, 492, 517]; Test [101, 98, 103, 104, 98, 95, 105, 97, 99, 104]
DATA Partition: Train [482, 508, 494, 504, 532, 507, 502, 506, 498, 467]; Test [97, 102, 99, 101, 107, 102, 101, 102, 100, 94]
create_model. model_name = conv6
Mask6CNN(
  (conv1): MaskedConv2d(3, 64, kernel_size=(3, 3), stride=(1, 1), padding=same)
  (conv2): MaskedConv2d(64, 64, kernel_size=(3, 3), stride=(1, 1), padding=same)
  (conv3): MaskedConv2d(64, 128, kernel_size=(3, 3), stride=(1, 1), padding=same)
  (conv4): MaskedConv2d(128, 128, kernel_size=(3, 3), stride=(1, 1), padding=same)
  (conv5): MaskedConv2d(128, 256, kernel_size=(3, 3), stride=(1, 1), padding=same)
  (conv6): MaskedConv2d(256, 256, kernel_size=(3, 3), stride=(1, 1), padding=same)
  (dense1): MaskedLinear(in_features=4096, out_features=256, bias=True)
  (dense2): MaskedLinear(in_features=256, out_features=256, bias=True)
  (dense3): MaskedLinear(in_features=256, out_features=10, bias=True)
)
############setup_clients (START)#############
self.local_sample_number = 5000
self.local_sample_number = 5000
self.local_sample_number = 5000
self.local_sample_number = 5000
self.local_sample_number = 5000
self.local_sample_number = 5000
self.local_sample_number = 5000
self.local_sample_number = 5000
self.local_sample_number = 5000
self.local_sample_number = 5000
############setup_clients (END)#############
################Communication round : 0
client_indexes = [0, 1, 2, 3, 4, 5, 6, 7, 8, 9]
client_indexes = [0 1 2 3 4 5 6 7 8 9]
@@@@@@@@@@@@@@@@ Training Client CM(0): 0
Client Index = 0	Epoch: 0	Loss: 15.974637
Client Index = 0	Epoch: 1	Loss: 2.312076
Client Index = 0	Epoch: 2	Loss: 2.310987
Client Index = 0	Epoch: 3	Loss: 2.310047
Client Index = 0	Epoch: 4	Loss: 2.309143
@@@@@@@@@@@@@@@@ Training Client CM(0): 1
Client Index = 1	Epoch: 0	Loss: 15.592754
Client Index = 1	Epoch: 1	Loss: 2.317239
Client Index = 1	Epoch: 2	Loss: 2.313308
Client Index = 1	Epoch: 3	Loss: 2.311704
Client Index = 1	Epoch: 4	Loss: 2.312009
@@@@@@@@@@@@@@@@ Training Client CM(0): 2
Client Index = 2	Epoch: 0	Loss: 12.821747
Client Index = 2	Epoch: 1	Loss: 2.314619
Client Index = 2	Epoch: 2	Loss: 2.310965
Client Index = 2	Epoch: 3	Loss: 2.309709
Client Index = 2	Epoch: 4	Loss: 2.309796
@@@@@@@@@@@@@@@@ Training Client CM(0): 3
Client Index = 3	Epoch: 0	Loss: 14.741723
Client Index = 3	Epoch: 1	Loss: 2.317881
Client Index = 3	Epoch: 2	Loss: 2.310328
Client Index = 3	Epoch: 3	Loss: 2.309983
Client Index = 3	Epoch: 4	Loss: 2.312337
@@@@@@@@@@@@@@@@ Training Client CM(0): 4
Client Index = 4	Epoch: 0	Loss: 19.424009
Client Index = 4	Epoch: 1	Loss: 2.321807
Client Index = 4	Epoch: 2	Loss: 2.313811
Client Index = 4	Epoch: 3	Loss: 2.313190
Client Index = 4	Epoch: 4	Loss: 2.314993
@@@@@@@@@@@@@@@@ Training Client CM(0): 5
Client Index = 5	Epoch: 0	Loss: 15.235247
Client Index = 5	Epoch: 1	Loss: 2.317861
Client Index = 5	Epoch: 2	Loss: 2.315834
Client Index = 5	Epoch: 3	Loss: 2.313479
Client Index = 5	Epoch: 4	Loss: 2.316210
@@@@@@@@@@@@@@@@ Training Client CM(0): 6
Client Index = 6	Epoch: 0	Loss: 18.222455
Client Index = 6	Epoch: 1	Loss: 2.320804
Client Index = 6	Epoch: 2	Loss: 2.307913
Client Index = 6	Epoch: 3	Loss: 2.310150
Client Index = 6	Epoch: 4	Loss: 2.310141
@@@@@@@@@@@@@@@@ Training Client CM(0): 7
Client Index = 7	Epoch: 0	Loss: 16.272262
Client Index = 7	Epoch: 1	Loss: 2.316239
Client Index = 7	Epoch: 2	Loss: 2.313149
Client Index = 7	Epoch: 3	Loss: 2.308024
Client Index = 7	Epoch: 4	Loss: 2.310410
@@@@@@@@@@@@@@@@ Training Client CM(0): 8
Client Index = 8	Epoch: 0	Loss: 17.872423
Client Index = 8	Epoch: 1	Loss: 2.316917
Client Index = 8	Epoch: 2	Loss: 2.311319
Client Index = 8	Epoch: 3	Loss: 2.309569
Client Index = 8	Epoch: 4	Loss: 2.310967
@@@@@@@@@@@@@@@@ Training Client CM(0): 9
Client Index = 9	Epoch: 0	Loss: 15.591643
Client Index = 9	Epoch: 1	Loss: 2.322493
Client Index = 9	Epoch: 2	Loss: 2.312181
Client Index = 9	Epoch: 3	Loss: 2.314496
Client Index = 9	Epoch: 4	Loss: 2.307966
{'training_loss': 5.085419050097466}
0.999996593994604
0.4979399054716649
################global_test_on_all_clients : 0
{'global_test_acc': 0.10355132817025052, 'global_test_loss': 2.310524120961406}
################Communication round : 1
client_indexes = [0, 1, 2, 3, 4, 5, 6, 7, 8, 9]
client_indexes = [0 1 2 3 4 5 6 7 8 9]
@@@@@@@@@@@@@@@@ Training Client CM(1): 0
Client Index = 0	Epoch: 0	Loss: 14.078902
Client Index = 0	Epoch: 1	Loss: 2.319302
Client Index = 0	Epoch: 2	Loss: 2.309824
Client Index = 0	Epoch: 3	Loss: 2.308492
Client Index = 0	Epoch: 4	Loss: 2.305262
@@@@@@@@@@@@@@@@ Training Client CM(1): 1
Client Index = 1	Epoch: 0	Loss: 12.885374
Client Index = 1	Epoch: 1	Loss: 2.321498
Client Index = 1	Epoch: 2	Loss: 2.316707
Client Index = 1	Epoch: 3	Loss: 2.314125
Client Index = 1	Epoch: 4	Loss: 2.312076
@@@@@@@@@@@@@@@@ Training Client CM(1): 2
Client Index = 2	Epoch: 0	Loss: 16.762823
Client Index = 2	Epoch: 1	Loss: 2.319084
Client Index = 2	Epoch: 2	Loss: 2.311979
Client Index = 2	Epoch: 3	Loss: 2.312807
Client Index = 2	Epoch: 4	Loss: 2.305881
@@@@@@@@@@@@@@@@ Training Client CM(1): 3
Client Index = 3	Epoch: 0	Loss: 18.143591
Client Index = 3	Epoch: 1	Loss: 2.319183
Client Index = 3	Epoch: 2	Loss: 2.310010
Client Index = 3	Epoch: 3	Loss: 2.308188
Client Index = 3	Epoch: 4	Loss: 2.310200
@@@@@@@@@@@@@@@@ Training Client CM(1): 4
Client Index = 4	Epoch: 0	Loss: 14.094249
Client Index = 4	Epoch: 1	Loss: 2.321698
Client Index = 4	Epoch: 2	Loss: 2.316101
Client Index = 4	Epoch: 3	Loss: 2.315603
Client Index = 4	Epoch: 4	Loss: 2.313984
@@@@@@@@@@@@@@@@ Training Client CM(1): 5
Client Index = 5	Epoch: 0	Loss: 20.082440
Client Index = 5	Epoch: 1	Loss: 2.316929
Client Index = 5	Epoch: 2	Loss: 2.318484
Client Index = 5	Epoch: 3	Loss: 2.311389
Client Index = 5	Epoch: 4	Loss: 2.309511
@@@@@@@@@@@@@@@@ Training Client CM(1): 6
Client Index = 6	Epoch: 0	Loss: 21.182307
Client Index = 6	Epoch: 1	Loss: 2.321102
Client Index = 6	Epoch: 2	Loss: 2.315269
Client Index = 6	Epoch: 3	Loss: 2.315380
Client Index = 6	Epoch: 4	Loss: 2.311828
@@@@@@@@@@@@@@@@ Training Client CM(1): 7
Client Index = 7	Epoch: 0	Loss: 14.362476
Client Index = 7	Epoch: 1	Loss: 2.328187
Client Index = 7	Epoch: 2	Loss: 2.315342
Client Index = 7	Epoch: 3	Loss: 2.314818
Client Index = 7	Epoch: 4	Loss: 2.310465
@@@@@@@@@@@@@@@@ Training Client CM(1): 8
Client Index = 8	Epoch: 0	Loss: 15.798854
Client Index = 8	Epoch: 1	Loss: 2.317921
Client Index = 8	Epoch: 2	Loss: 2.312661
Client Index = 8	Epoch: 3	Loss: 2.314290
Client Index = 8	Epoch: 4	Loss: 2.305322
@@@@@@@@@@@@@@@@ Training Client CM(1): 9
Client Index = 9	Epoch: 0	Loss: 12.403492
Client Index = 9	Epoch: 1	Loss: 2.325835
Client Index = 9	Epoch: 2	Loss: 2.316902
Client Index = 9	Epoch: 3	Loss: 2.315923
Client Index = 9	Epoch: 4	Loss: 2.310990
{'training_loss': 5.047501205086708}
0.9999914876704713
0.49752106910539273
################global_test_on_all_clients : 1
{'global_test_acc': 0.10734362663208916, 'global_test_loss': 2.3113124696421647}
################Communication round : 2
client_indexes = [0, 1, 2, 3, 4, 5, 6, 7, 8, 9]
client_indexes = [0 1 2 3 4 5 6 7 8 9]
@@@@@@@@@@@@@@@@ Training Client CM(2): 0
Client Index = 0	Epoch: 0	Loss: 16.146943
Client Index = 0	Epoch: 1	Loss: 2.324326
Client Index = 0	Epoch: 2	Loss: 2.311399
Client Index = 0	Epoch: 3	Loss: 2.311984
Client Index = 0	Epoch: 4	Loss: 2.305433
@@@@@@@@@@@@@@@@ Training Client CM(2): 1
Client Index = 1	Epoch: 0	Loss: 14.935797
Client Index = 1	Epoch: 1	Loss: 2.323176
Client Index = 1	Epoch: 2	Loss: 2.314162
Client Index = 1	Epoch: 3	Loss: 2.312591
Client Index = 1	Epoch: 4	Loss: 2.306484
@@@@@@@@@@@@@@@@ Training Client CM(2): 2
Client Index = 2	Epoch: 0	Loss: 16.494909
Client Index = 2	Epoch: 1	Loss: 2.327059
Client Index = 2	Epoch: 2	Loss: 2.317719
Client Index = 2	Epoch: 3	Loss: 2.314284
Client Index = 2	Epoch: 4	Loss: 2.309203
@@@@@@@@@@@@@@@@ Training Client CM(2): 3
Client Index = 3	Epoch: 0	Loss: 14.420824
Client Index = 3	Epoch: 1	Loss: 2.322690
Client Index = 3	Epoch: 2	Loss: 2.310392
Client Index = 3	Epoch: 3	Loss: 2.316583
Client Index = 3	Epoch: 4	Loss: 2.312733
@@@@@@@@@@@@@@@@ Training Client CM(2): 4
Client Index = 4	Epoch: 0	Loss: 18.419142
Client Index = 4	Epoch: 1	Loss: 2.326046
Client Index = 4	Epoch: 2	Loss: 2.316258
Client Index = 4	Epoch: 3	Loss: 2.315783
Client Index = 4	Epoch: 4	Loss: 2.308282
@@@@@@@@@@@@@@@@ Training Client CM(2): 5
Client Index = 5	Epoch: 0	Loss: 12.859944
Client Index = 5	Epoch: 1	Loss: 2.315609
Client Index = 5	Epoch: 2	Loss: 2.314019
Client Index = 5	Epoch: 3	Loss: 2.312507
Client Index = 5	Epoch: 4	Loss: 2.311674
@@@@@@@@@@@@@@@@ Training Client CM(2): 6
Client Index = 6	Epoch: 0	Loss: 15.913528
Client Index = 6	Epoch: 1	Loss: 2.318452
Client Index = 6	Epoch: 2	Loss: 2.319549
Client Index = 6	Epoch: 3	Loss: 2.310012
Client Index = 6	Epoch: 4	Loss: 2.306229
@@@@@@@@@@@@@@@@ Training Client CM(2): 7
Client Index = 7	Epoch: 0	Loss: 15.845907
Client Index = 7	Epoch: 1	Loss: 2.319244
Client Index = 7	Epoch: 2	Loss: 2.318431
Client Index = 7	Epoch: 3	Loss: 2.309871
Client Index = 7	Epoch: 4	Loss: 2.308237
@@@@@@@@@@@@@@@@ Training Client CM(2): 8
Client Index = 8	Epoch: 0	Loss: 16.497784
Client Index = 8	Epoch: 1	Loss: 2.319500
Client Index = 8	Epoch: 2	Loss: 2.312154
Client Index = 8	Epoch: 3	Loss: 2.311639
Client Index = 8	Epoch: 4	Loss: 2.316531
@@@@@@@@@@@@@@@@ Training Client CM(2): 9
Client Index = 9	Epoch: 0	Loss: 14.128862
Client Index = 9	Epoch: 1	Loss: 2.316542
Client Index = 9	Epoch: 2	Loss: 2.310146
Client Index = 9	Epoch: 3	Loss: 2.310168
Client Index = 9	Epoch: 4	Loss: 2.311155
{'training_loss': 4.964837971448898}
0.9999937886897452
0.49769544710028546
################global_test_on_all_clients : 2
{'global_test_acc': 0.10445170518388736, 'global_test_loss': 2.308351210133023}
################Communication round : 3
client_indexes = [0, 1, 2, 3, 4, 5, 6, 7, 8, 9]
client_indexes = [0 1 2 3 4 5 6 7 8 9]
@@@@@@@@@@@@@@@@ Training Client CM(3): 0
Client Index = 0	Epoch: 0	Loss: 15.283960
Client Index = 0	Epoch: 1	Loss: 2.317362
Client Index = 0	Epoch: 2	Loss: 2.311673
Client Index = 0	Epoch: 3	Loss: 2.315306
Client Index = 0	Epoch: 4	Loss: 2.314294
@@@@@@@@@@@@@@@@ Training Client CM(3): 1
Client Index = 1	Epoch: 0	Loss: 11.389528
Client Index = 1	Epoch: 1	Loss: 2.320476
Client Index = 1	Epoch: 2	Loss: 2.313390
Client Index = 1	Epoch: 3	Loss: 2.312320
Client Index = 1	Epoch: 4	Loss: 2.311584
@@@@@@@@@@@@@@@@ Training Client CM(3): 2
Client Index = 2	Epoch: 0	Loss: 13.856971
Client Index = 2	Epoch: 1	Loss: 2.317341
Client Index = 2	Epoch: 2	Loss: 2.315028
Client Index = 2	Epoch: 3	Loss: 2.313620
Client Index = 2	Epoch: 4	Loss: 2.308312
@@@@@@@@@@@@@@@@ Training Client CM(3): 3
Client Index = 3	Epoch: 0	Loss: 14.250861
Client Index = 3	Epoch: 1	Loss: 2.317897
Client Index = 3	Epoch: 2	Loss: 2.309508
Client Index = 3	Epoch: 3	Loss: 2.307365
Client Index = 3	Epoch: 4	Loss: 2.302631
@@@@@@@@@@@@@@@@ Training Client CM(3): 4
Client Index = 4	Epoch: 0	Loss: 17.045670
Client Index = 4	Epoch: 1	Loss: 2.315114
Client Index = 4	Epoch: 2	Loss: 2.313579
Client Index = 4	Epoch: 3	Loss: 2.304699
Client Index = 4	Epoch: 4	Loss: 2.309239
@@@@@@@@@@@@@@@@ Training Client CM(3): 5
Client Index = 5	Epoch: 0	Loss: 13.121398
Client Index = 5	Epoch: 1	Loss: 2.321580
Client Index = 5	Epoch: 2	Loss: 2.316080
Client Index = 5	Epoch: 3	Loss: 2.309488
Client Index = 5	Epoch: 4	Loss: 2.310668
@@@@@@@@@@@@@@@@ Training Client CM(3): 6
Client Index = 6	Epoch: 0	Loss: 16.282259
Client Index = 6	Epoch: 1	Loss: 2.316145
Client Index = 6	Epoch: 2	Loss: 2.308963
Client Index = 6	Epoch: 3	Loss: 2.318803
Client Index = 6	Epoch: 4	Loss: 2.307709
@@@@@@@@@@@@@@@@ Training Client CM(3): 7
Client Index = 7	Epoch: 0	Loss: 17.070724
Client Index = 7	Epoch: 1	Loss: 2.319468
Client Index = 7	Epoch: 2	Loss: 2.312574
Client Index = 7	Epoch: 3	Loss: 2.312030
Client Index = 7	Epoch: 4	Loss: 2.309547
@@@@@@@@@@@@@@@@ Training Client CM(3): 8
Client Index = 8	Epoch: 0	Loss: 12.832172
Client Index = 8	Epoch: 1	Loss: 2.320595
Client Index = 8	Epoch: 2	Loss: 2.314111
Client Index = 8	Epoch: 3	Loss: 2.312571
Client Index = 8	Epoch: 4	Loss: 2.308561
@@@@@@@@@@@@@@@@ Training Client CM(3): 9
Client Index = 9	Epoch: 0	Loss: 15.087092
Client Index = 9	Epoch: 1	Loss: 2.314873
Client Index = 9	Epoch: 2	Loss: 2.311576
Client Index = 9	Epoch: 3	Loss: 2.307781
Client Index = 9	Epoch: 4	Loss: 2.306641
{'training_loss': 4.774622759103776}
0.9999941822564136
0.49772013549002425
################global_test_on_all_clients : 3
{'global_test_acc': 0.11072591953934088, 'global_test_loss': 2.308709198958803}
################Communication round : 4
client_indexes = [0, 1, 2, 3, 4, 5, 6, 7, 8, 9]
client_indexes = [0 1 2 3 4 5 6 7 8 9]
@@@@@@@@@@@@@@@@ Training Client CM(4): 0
Client Index = 0	Epoch: 0	Loss: 14.599003
Client Index = 0	Epoch: 1	Loss: 2.313040
Client Index = 0	Epoch: 2	Loss: 2.312980
Client Index = 0	Epoch: 3	Loss: 2.312723
Client Index = 0	Epoch: 4	Loss: 2.315008
@@@@@@@@@@@@@@@@ Training Client CM(4): 1
Client Index = 1	Epoch: 0	Loss: 12.545349
Client Index = 1	Epoch: 1	Loss: 2.332289
Client Index = 1	Epoch: 2	Loss: 2.311057
Client Index = 1	Epoch: 3	Loss: 2.308320
Client Index = 1	Epoch: 4	Loss: 2.313919
@@@@@@@@@@@@@@@@ Training Client CM(4): 2
Client Index = 2	Epoch: 0	Loss: 14.644040
Client Index = 2	Epoch: 1	Loss: 2.313877
Client Index = 2	Epoch: 2	Loss: 2.314587
Client Index = 2	Epoch: 3	Loss: 2.314716
Client Index = 2	Epoch: 4	Loss: 2.307790
@@@@@@@@@@@@@@@@ Training Client CM(4): 3
Client Index = 3	Epoch: 0	Loss: 14.867798
Client Index = 3	Epoch: 1	Loss: 2.315711
Client Index = 3	Epoch: 2	Loss: 2.316043
Client Index = 3	Epoch: 3	Loss: 2.311067
Client Index = 3	Epoch: 4	Loss: 2.311573
@@@@@@@@@@@@@@@@ Training Client CM(4): 4
Client Index = 4	Epoch: 0	Loss: 12.237065
Client Index = 4	Epoch: 1	Loss: 2.315224
Client Index = 4	Epoch: 2	Loss: 2.310495
Client Index = 4	Epoch: 3	Loss: 2.313099
Client Index = 4	Epoch: 4	Loss: 2.309631
@@@@@@@@@@@@@@@@ Training Client CM(4): 5
Client Index = 5	Epoch: 0	Loss: 14.501393
Client Index = 5	Epoch: 1	Loss: 2.323613
Client Index = 5	Epoch: 2	Loss: 2.319329
Client Index = 5	Epoch: 3	Loss: 2.314278
Client Index = 5	Epoch: 4	Loss: 2.307424
@@@@@@@@@@@@@@@@ Training Client CM(4): 6
Client Index = 6	Epoch: 0	Loss: 16.302125
Client Index = 6	Epoch: 1	Loss: 2.315572
Client Index = 6	Epoch: 2	Loss: 2.310597
Client Index = 6	Epoch: 3	Loss: 2.307541
Client Index = 6	Epoch: 4	Loss: 2.306160
@@@@@@@@@@@@@@@@ Training Client CM(4): 7
Client Index = 7	Epoch: 0	Loss: 15.236036
Client Index = 7	Epoch: 1	Loss: 2.316418
Client Index = 7	Epoch: 2	Loss: 2.318130
Client Index = 7	Epoch: 3	Loss: 2.315584
Client Index = 7	Epoch: 4	Loss: 2.307506
@@@@@@@@@@@@@@@@ Training Client CM(4): 8
Client Index = 8	Epoch: 0	Loss: 15.770053
Client Index = 8	Epoch: 1	Loss: 2.316371
Client Index = 8	Epoch: 2	Loss: 2.312513
Client Index = 8	Epoch: 3	Loss: 2.309549
Client Index = 8	Epoch: 4	Loss: 2.311322
@@@@@@@@@@@@@@@@ Training Client CM(4): 9
Client Index = 9	Epoch: 0	Loss: 15.873393
Client Index = 9	Epoch: 1	Loss: 2.314413
Client Index = 9	Epoch: 2	Loss: 2.309926
Client Index = 9	Epoch: 3	Loss: 2.308699
Client Index = 9	Epoch: 4	Loss: 2.308114
{'training_loss': 4.782049256563186}
0.9999925235754162
0.49759842605990806
################global_test_on_all_clients : 4
{'global_test_acc': 0.09797670509900636, 'global_test_loss': 2.3105430814848056}
################Communication round : 5
client_indexes = [0, 1, 2, 3, 4, 5, 6, 7, 8, 9]
client_indexes = [0 1 2 3 4 5 6 7 8 9]
@@@@@@@@@@@@@@@@ Training Client CM(5): 0
Client Index = 0	Epoch: 0	Loss: 15.465203
Client Index = 0	Epoch: 1	Loss: 2.320012
Client Index = 0	Epoch: 2	Loss: 2.315699
Client Index = 0	Epoch: 3	Loss: 2.312538
Client Index = 0	Epoch: 4	Loss: 2.310918
@@@@@@@@@@@@@@@@ Training Client CM(5): 1
Client Index = 1	Epoch: 0	Loss: 13.857447
Client Index = 1	Epoch: 1	Loss: 2.328184
Client Index = 1	Epoch: 2	Loss: 2.313493
Client Index = 1	Epoch: 3	Loss: 2.313019
Client Index = 1	Epoch: 4	Loss: 2.310517
@@@@@@@@@@@@@@@@ Training Client CM(5): 2
Client Index = 2	Epoch: 0	Loss: 15.572806
Client Index = 2	Epoch: 1	Loss: 2.318227
Client Index = 2	Epoch: 2	Loss: 2.313712
Client Index = 2	Epoch: 3	Loss: 2.311278
Client Index = 2	Epoch: 4	Loss: 2.311757
@@@@@@@@@@@@@@@@ Training Client CM(5): 3
Client Index = 3	Epoch: 0	Loss: 14.268912
Client Index = 3	Epoch: 1	Loss: 2.317761
Client Index = 3	Epoch: 2	Loss: 2.314157
Client Index = 3	Epoch: 3	Loss: 2.306966
Client Index = 3	Epoch: 4	Loss: 2.307417
@@@@@@@@@@@@@@@@ Training Client CM(5): 4
Client Index = 4	Epoch: 0	Loss: 12.384261
Client Index = 4	Epoch: 1	Loss: 2.321581
Client Index = 4	Epoch: 2	Loss: 2.319204
Client Index = 4	Epoch: 3	Loss: 2.314155
Client Index = 4	Epoch: 4	Loss: 2.309603
@@@@@@@@@@@@@@@@ Training Client CM(5): 5
Client Index = 5	Epoch: 0	Loss: 14.264886
Client Index = 5	Epoch: 1	Loss: 2.323133
Client Index = 5	Epoch: 2	Loss: 2.310536
Client Index = 5	Epoch: 3	Loss: 2.313181
Client Index = 5	Epoch: 4	Loss: 2.312357
@@@@@@@@@@@@@@@@ Training Client CM(5): 6
Client Index = 6	Epoch: 0	Loss: 17.857711
Client Index = 6	Epoch: 1	Loss: 2.330921
Client Index = 6	Epoch: 2	Loss: 2.315504
Client Index = 6	Epoch: 3	Loss: 2.316327
Client Index = 6	Epoch: 4	Loss: 2.308403
@@@@@@@@@@@@@@@@ Training Client CM(5): 7
Client Index = 7	Epoch: 0	Loss: 14.867155
Client Index = 7	Epoch: 1	Loss: 2.316360
Client Index = 7	Epoch: 2	Loss: 2.312915
Client Index = 7	Epoch: 3	Loss: 2.312540
Client Index = 7	Epoch: 4	Loss: 2.307165
@@@@@@@@@@@@@@@@ Training Client CM(5): 8
Client Index = 8	Epoch: 0	Loss: 16.627989
Client Index = 8	Epoch: 1	Loss: 2.319294
Client Index = 8	Epoch: 2	Loss: 2.317541
Client Index = 8	Epoch: 3	Loss: 2.312446
Client Index = 8	Epoch: 4	Loss: 2.307351
@@@@@@@@@@@@@@@@ Training Client CM(5): 9
Client Index = 9	Epoch: 0	Loss: 16.468549
Client Index = 9	Epoch: 1	Loss: 2.319856
Client Index = 9	Epoch: 2	Loss: 2.312947
Client Index = 9	Epoch: 3	Loss: 2.305363
Client Index = 9	Epoch: 4	Loss: 2.306240
{'training_loss': 4.884109900712968}
0.9999976386152196
0.4980068240017467
################global_test_on_all_clients : 5
{'global_test_acc': 0.10604761525827378, 'global_test_loss': 2.3116810598073414}
################Communication round : 6
client_indexes = [0, 1, 2, 3, 4, 5, 6, 7, 8, 9]
client_indexes = [0 1 2 3 4 5 6 7 8 9]
@@@@@@@@@@@@@@@@ Training Client CM(6): 0
Client Index = 0	Epoch: 0	Loss: 13.236870
Client Index = 0	Epoch: 1	Loss: 2.315758
Client Index = 0	Epoch: 2	Loss: 2.312484
Client Index = 0	Epoch: 3	Loss: 2.312244
Client Index = 0	Epoch: 4	Loss: 2.313883
@@@@@@@@@@@@@@@@ Training Client CM(6): 1
Client Index = 1	Epoch: 0	Loss: 15.408436
Client Index = 1	Epoch: 1	Loss: 2.316837
Client Index = 1	Epoch: 2	Loss: 2.312899
Client Index = 1	Epoch: 3	Loss: 2.316149
Client Index = 1	Epoch: 4	Loss: 2.311245
@@@@@@@@@@@@@@@@ Training Client CM(6): 2
Client Index = 2	Epoch: 0	Loss: 16.955089
Client Index = 2	Epoch: 1	Loss: 2.319139
Client Index = 2	Epoch: 2	Loss: 2.311044
Client Index = 2	Epoch: 3	Loss: 2.310912
Client Index = 2	Epoch: 4	Loss: 2.310316
@@@@@@@@@@@@@@@@ Training Client CM(6): 3
Client Index = 3	Epoch: 0	Loss: 16.533652
Client Index = 3	Epoch: 1	Loss: 2.320296
Client Index = 3	Epoch: 2	Loss: 2.310336
Client Index = 3	Epoch: 3	Loss: 2.312974
Client Index = 3	Epoch: 4	Loss: 2.305139
@@@@@@@@@@@@@@@@ Training Client CM(6): 4
Client Index = 4	Epoch: 0	Loss: 18.165412
Client Index = 4	Epoch: 1	Loss: 2.321413
Client Index = 4	Epoch: 2	Loss: 2.317006
Client Index = 4	Epoch: 3	Loss: 2.311687
Client Index = 4	Epoch: 4	Loss: 2.304656
@@@@@@@@@@@@@@@@ Training Client CM(6): 5
Client Index = 5	Epoch: 0	Loss: 14.036067
Client Index = 5	Epoch: 1	Loss: 2.318529
Client Index = 5	Epoch: 2	Loss: 2.311834
Client Index = 5	Epoch: 3	Loss: 2.310093
Client Index = 5	Epoch: 4	Loss: 2.308820
@@@@@@@@@@@@@@@@ Training Client CM(6): 6
Client Index = 6	Epoch: 0	Loss: 17.203573
Client Index = 6	Epoch: 1	Loss: 2.313932
Client Index = 6	Epoch: 2	Loss: 2.306949
Client Index = 6	Epoch: 3	Loss: 2.307319
Client Index = 6	Epoch: 4	Loss: 2.305244
@@@@@@@@@@@@@@@@ Training Client CM(6): 7
Client Index = 7	Epoch: 0	Loss: 14.956309
Client Index = 7	Epoch: 1	Loss: 2.312962
Client Index = 7	Epoch: 2	Loss: 2.312774
Client Index = 7	Epoch: 3	Loss: 2.308045
Client Index = 7	Epoch: 4	Loss: 2.306239
@@@@@@@@@@@@@@@@ Training Client CM(6): 8
Client Index = 8	Epoch: 0	Loss: 16.886196
Client Index = 8	Epoch: 1	Loss: 2.314680
Client Index = 8	Epoch: 2	Loss: 2.309478
Client Index = 8	Epoch: 3	Loss: 2.306869
Client Index = 8	Epoch: 4	Loss: 2.305276
@@@@@@@@@@@@@@@@ Training Client CM(6): 9
Client Index = 9	Epoch: 0	Loss: 13.002474
Client Index = 9	Epoch: 1	Loss: 2.316387
Client Index = 9	Epoch: 2	Loss: 2.315361
Client Index = 9	Epoch: 3	Loss: 2.312338
Client Index = 9	Epoch: 4	Loss: 2.313335
{'training_loss': 4.977339187741279}
0.9999913832491722
0.4975140524051513
################global_test_on_all_clients : 6
{'global_test_acc': 0.10724293625156622, 'global_test_loss': 2.310872374680374}
################Communication round : 7
client_indexes = [0, 1, 2, 3, 4, 5, 6, 7, 8, 9]
client_indexes = [0 1 2 3 4 5 6 7 8 9]
@@@@@@@@@@@@@@@@ Training Client CM(7): 0
Client Index = 0	Epoch: 0	Loss: 20.686281
Client Index = 0	Epoch: 1	Loss: 2.317209
Client Index = 0	Epoch: 2	Loss: 2.311543
Client Index = 0	Epoch: 3	Loss: 2.313576
Client Index = 0	Epoch: 4	Loss: 2.310108
@@@@@@@@@@@@@@@@ Training Client CM(7): 1
Client Index = 1	Epoch: 0	Loss: 18.078523
Client Index = 1	Epoch: 1	Loss: 2.320526
Client Index = 1	Epoch: 2	Loss: 2.309190
Client Index = 1	Epoch: 3	Loss: 2.310705
Client Index = 1	Epoch: 4	Loss: 2.307085
@@@@@@@@@@@@@@@@ Training Client CM(7): 2
Client Index = 2	Epoch: 0	Loss: 16.592306
Client Index = 2	Epoch: 1	Loss: 2.316850
Client Index = 2	Epoch: 2	Loss: 2.314904
Client Index = 2	Epoch: 3	Loss: 2.315184
Client Index = 2	Epoch: 4	Loss: 2.310119
@@@@@@@@@@@@@@@@ Training Client CM(7): 3
Client Index = 3	Epoch: 0	Loss: 16.105404
Client Index = 3	Epoch: 1	Loss: 2.316066
Client Index = 3	Epoch: 2	Loss: 2.315542
Client Index = 3	Epoch: 3	Loss: 2.316082
Client Index = 3	Epoch: 4	Loss: 2.312579
@@@@@@@@@@@@@@@@ Training Client CM(7): 4
Client Index = 4	Epoch: 0	Loss: 17.039688
Client Index = 4	Epoch: 1	Loss: 2.321677
Client Index = 4	Epoch: 2	Loss: 2.312208
Client Index = 4	Epoch: 3	Loss: 2.310426
Client Index = 4	Epoch: 4	Loss: 2.308313
@@@@@@@@@@@@@@@@ Training Client CM(7): 5
Client Index = 5	Epoch: 0	Loss: 14.675880
Client Index = 5	Epoch: 1	Loss: 2.316875
Client Index = 5	Epoch: 2	Loss: 2.314786
Client Index = 5	Epoch: 3	Loss: 2.309669
Client Index = 5	Epoch: 4	Loss: 2.307271
@@@@@@@@@@@@@@@@ Training Client CM(7): 6
Client Index = 6	Epoch: 0	Loss: 15.281498
Client Index = 6	Epoch: 1	Loss: 2.318097
Client Index = 6	Epoch: 2	Loss: 2.309648
Client Index = 6	Epoch: 3	Loss: 2.308412
Client Index = 6	Epoch: 4	Loss: 2.308505
@@@@@@@@@@@@@@@@ Training Client CM(7): 7
Client Index = 7	Epoch: 0	Loss: 11.751702
Client Index = 7	Epoch: 1	Loss: 2.316180
Client Index = 7	Epoch: 2	Loss: 2.314671
Client Index = 7	Epoch: 3	Loss: 2.305380
Client Index = 7	Epoch: 4	Loss: 2.306801
@@@@@@@@@@@@@@@@ Training Client CM(7): 8
Client Index = 8	Epoch: 0	Loss: 14.743718
Client Index = 8	Epoch: 1	Loss: 2.322156
Client Index = 8	Epoch: 2	Loss: 2.314810
Client Index = 8	Epoch: 3	Loss: 2.313544
Client Index = 8	Epoch: 4	Loss: 2.308552
@@@@@@@@@@@@@@@@ Training Client CM(7): 9
Client Index = 9	Epoch: 0	Loss: 13.459149
Client Index = 9	Epoch: 1	Loss: 2.318196
Client Index = 9	Epoch: 2	Loss: 2.310947
Client Index = 9	Epoch: 3	Loss: 2.315601
Client Index = 9	Epoch: 4	Loss: 2.305392
{'training_loss': 5.018590673327445}
0.9999932399297788
0.4976464601374878
################global_test_on_all_clients : 7
{'global_test_acc': 0.10793469399675104, 'global_test_loss': 2.306279523382863}
################Communication round : 8
client_indexes = [0, 1, 2, 3, 4, 5, 6, 7, 8, 9]
client_indexes = [0 1 2 3 4 5 6 7 8 9]
@@@@@@@@@@@@@@@@ Training Client CM(8): 0
Client Index = 0	Epoch: 0	Loss: 17.178579
Client Index = 0	Epoch: 1	Loss: 2.318056
Client Index = 0	Epoch: 2	Loss: 2.313874
Client Index = 0	Epoch: 3	Loss: 2.312271
Client Index = 0	Epoch: 4	Loss: 2.311441
@@@@@@@@@@@@@@@@ Training Client CM(8): 1
Client Index = 1	Epoch: 0	Loss: 16.668390
Client Index = 1	Epoch: 1	Loss: 2.327518
Client Index = 1	Epoch: 2	Loss: 2.312984
Client Index = 1	Epoch: 3	Loss: 2.311597
Client Index = 1	Epoch: 4	Loss: 2.308444
@@@@@@@@@@@@@@@@ Training Client CM(8): 2
Client Index = 2	Epoch: 0	Loss: 12.503537
Client Index = 2	Epoch: 1	Loss: 2.323215
Client Index = 2	Epoch: 2	Loss: 2.311336
Client Index = 2	Epoch: 3	Loss: 2.312336
Client Index = 2	Epoch: 4	Loss: 2.311758
@@@@@@@@@@@@@@@@ Training Client CM(8): 3
Client Index = 3	Epoch: 0	Loss: 14.608050
Client Index = 3	Epoch: 1	Loss: 2.321800
Client Index = 3	Epoch: 2	Loss: 2.317415
Client Index = 3	Epoch: 3	Loss: 2.311689
Client Index = 3	Epoch: 4	Loss: 2.308061
@@@@@@@@@@@@@@@@ Training Client CM(8): 4
Client Index = 4	Epoch: 0	Loss: 15.123780
Client Index = 4	Epoch: 1	Loss: 2.317326
Client Index = 4	Epoch: 2	Loss: 2.311229
Client Index = 4	Epoch: 3	Loss: 2.308684
Client Index = 4	Epoch: 4	Loss: 2.307748
@@@@@@@@@@@@@@@@ Training Client CM(8): 5
Client Index = 5	Epoch: 0	Loss: 18.073361
Client Index = 5	Epoch: 1	Loss: 2.320458
Client Index = 5	Epoch: 2	Loss: 2.311417
Client Index = 5	Epoch: 3	Loss: 2.315705
Client Index = 5	Epoch: 4	Loss: 2.308724
@@@@@@@@@@@@@@@@ Training Client CM(8): 6
Client Index = 6	Epoch: 0	Loss: 11.930745
Client Index = 6	Epoch: 1	Loss: 2.326643
Client Index = 6	Epoch: 2	Loss: 2.316217
Client Index = 6	Epoch: 3	Loss: 2.305416
Client Index = 6	Epoch: 4	Loss: 2.307151
@@@@@@@@@@@@@@@@ Training Client CM(8): 7
Client Index = 7	Epoch: 0	Loss: 13.721103
Client Index = 7	Epoch: 1	Loss: 2.317295
Client Index = 7	Epoch: 2	Loss: 2.306075
Client Index = 7	Epoch: 3	Loss: 2.304804
Client Index = 7	Epoch: 4	Loss: 2.303061
@@@@@@@@@@@@@@@@ Training Client CM(8): 8
Client Index = 8	Epoch: 0	Loss: 14.285388
Client Index = 8	Epoch: 1	Loss: 2.314296
Client Index = 8	Epoch: 2	Loss: 2.313240
Client Index = 8	Epoch: 3	Loss: 2.309004
Client Index = 8	Epoch: 4	Loss: 2.310032
@@@@@@@@@@@@@@@@ Training Client CM(8): 9
Client Index = 9	Epoch: 0	Loss: 19.008869
Client Index = 9	Epoch: 1	Loss: 2.314768
Client Index = 9	Epoch: 2	Loss: 2.311458
Client Index = 9	Epoch: 3	Loss: 2.306471
Client Index = 9	Epoch: 4	Loss: 2.312439
{'training_loss': 4.912305191993713}
0.9999951060981342
0.4977874005238216
################global_test_on_all_clients : 8
{'global_test_acc': 0.10943199333875782, 'global_test_loss': 2.3070164384049603}
################Communication round : 9
client_indexes = [0, 1, 2, 3, 4, 5, 6, 7, 8, 9]
client_indexes = [0 1 2 3 4 5 6 7 8 9]
@@@@@@@@@@@@@@@@ Training Client CM(9): 0
Client Index = 0	Epoch: 0	Loss: 14.612965
Client Index = 0	Epoch: 1	Loss: 2.319375
Client Index = 0	Epoch: 2	Loss: 2.314347
Client Index = 0	Epoch: 3	Loss: 2.311745
Client Index = 0	Epoch: 4	Loss: 2.311473
@@@@@@@@@@@@@@@@ Training Client CM(9): 1
Client Index = 1	Epoch: 0	Loss: 12.481819
Client Index = 1	Epoch: 1	Loss: 2.317278
Client Index = 1	Epoch: 2	Loss: 2.311819
Client Index = 1	Epoch: 3	Loss: 2.315863
Client Index = 1	Epoch: 4	Loss: 2.309566
@@@@@@@@@@@@@@@@ Training Client CM(9): 2
Client Index = 2	Epoch: 0	Loss: 15.293467
Client Index = 2	Epoch: 1	Loss: 2.314650
Client Index = 2	Epoch: 2	Loss: 2.312196
Client Index = 2	Epoch: 3	Loss: 2.313064
Client Index = 2	Epoch: 4	Loss: 2.307947
@@@@@@@@@@@@@@@@ Training Client CM(9): 3
Client Index = 3	Epoch: 0	Loss: 13.578306
Client Index = 3	Epoch: 1	Loss: 2.320656
Client Index = 3	Epoch: 2	Loss: 2.307757
Client Index = 3	Epoch: 3	Loss: 2.312462
Client Index = 3	Epoch: 4	Loss: 2.314596
@@@@@@@@@@@@@@@@ Training Client CM(9): 4
Client Index = 4	Epoch: 0	Loss: 14.064215
Client Index = 4	Epoch: 1	Loss: 2.322014
Client Index = 4	Epoch: 2	Loss: 2.312873
Client Index = 4	Epoch: 3	Loss: 2.304029
Client Index = 4	Epoch: 4	Loss: 2.298271
@@@@@@@@@@@@@@@@ Training Client CM(9): 5
Client Index = 5	Epoch: 0	Loss: 14.838908
Client Index = 5	Epoch: 1	Loss: 2.313558
Client Index = 5	Epoch: 2	Loss: 2.317675
Client Index = 5	Epoch: 3	Loss: 2.313409
Client Index = 5	Epoch: 4	Loss: 2.309910
@@@@@@@@@@@@@@@@ Training Client CM(9): 6
Client Index = 6	Epoch: 0	Loss: 16.187491
Client Index = 6	Epoch: 1	Loss: 2.317314
Client Index = 6	Epoch: 2	Loss: 2.309314
Client Index = 6	Epoch: 3	Loss: 2.308056
Client Index = 6	Epoch: 4	Loss: 2.305400
@@@@@@@@@@@@@@@@ Training Client CM(9): 7
Client Index = 7	Epoch: 0	Loss: 14.597214
Client Index = 7	Epoch: 1	Loss: 2.318294
Client Index = 7	Epoch: 2	Loss: 2.314126
Client Index = 7	Epoch: 3	Loss: 2.313329
Client Index = 7	Epoch: 4	Loss: 2.310046
@@@@@@@@@@@@@@@@ Training Client CM(9): 8
Client Index = 8	Epoch: 0	Loss: 18.828670
Client Index = 8	Epoch: 1	Loss: 2.324012
Client Index = 8	Epoch: 2	Loss: 2.312568
Client Index = 8	Epoch: 3	Loss: 2.307451
Client Index = 8	Epoch: 4	Loss: 2.303858
@@@@@@@@@@@@@@@@ Training Client CM(9): 9
Client Index = 9	Epoch: 0	Loss: 18.048359
Client Index = 9	Epoch: 1	Loss: 2.326407
Client Index = 9	Epoch: 2	Loss: 2.319102
Client Index = 9	Epoch: 3	Loss: 2.321825
Client Index = 9	Epoch: 4	Loss: 2.313574
{'training_loss': 4.901252454638482}
0.9999962517094314
0.4978809565270428
################global_test_on_all_clients : 9
{'global_test_acc': 0.10704184964974857, 'global_test_loss': 2.3147476732827803}
################Communication round : 10
client_indexes = [0, 1, 2, 3, 4, 5, 6, 7, 8, 9]
client_indexes = [0 1 2 3 4 5 6 7 8 9]
@@@@@@@@@@@@@@@@ Training Client CM(10): 0
Client Index = 0	Epoch: 0	Loss: 13.713314
Client Index = 0	Epoch: 1	Loss: 2.317147
Client Index = 0	Epoch: 2	Loss: 2.309582
Client Index = 0	Epoch: 3	Loss: 2.319412
Client Index = 0	Epoch: 4	Loss: 2.310438
@@@@@@@@@@@@@@@@ Training Client CM(10): 1
Client Index = 1	Epoch: 0	Loss: 17.520394
Client Index = 1	Epoch: 1	Loss: 2.319709
Client Index = 1	Epoch: 2	Loss: 2.311157
Client Index = 1	Epoch: 3	Loss: 2.309600
Client Index = 1	Epoch: 4	Loss: 2.310541
@@@@@@@@@@@@@@@@ Training Client CM(10): 2
Client Index = 2	Epoch: 0	Loss: 18.418062
Client Index = 2	Epoch: 1	Loss: 2.313667
Client Index = 2	Epoch: 2	Loss: 2.312613
Client Index = 2	Epoch: 3	Loss: 2.312136
Client Index = 2	Epoch: 4	Loss: 2.312286
@@@@@@@@@@@@@@@@ Training Client CM(10): 3
Client Index = 3	Epoch: 0	Loss: 16.473969
Client Index = 3	Epoch: 1	Loss: 2.316957
Client Index = 3	Epoch: 2	Loss: 2.316710
Client Index = 3	Epoch: 3	Loss: 2.312763
Client Index = 3	Epoch: 4	Loss: 2.308997
@@@@@@@@@@@@@@@@ Training Client CM(10): 4
Client Index = 4	Epoch: 0	Loss: 14.873818
Client Index = 4	Epoch: 1	Loss: 2.330405
Client Index = 4	Epoch: 2	Loss: 2.310865
Client Index = 4	Epoch: 3	Loss: 2.312347
Client Index = 4	Epoch: 4	Loss: 2.308859
@@@@@@@@@@@@@@@@ Training Client CM(10): 5
Client Index = 5	Epoch: 0	Loss: 14.771921
Client Index = 5	Epoch: 1	Loss: 2.317888
Client Index = 5	Epoch: 2	Loss: 2.308894
Client Index = 5	Epoch: 3	Loss: 2.311301
Client Index = 5	Epoch: 4	Loss: 2.308281
@@@@@@@@@@@@@@@@ Training Client CM(10): 6
Client Index = 6	Epoch: 0	Loss: 15.238821
Client Index = 6	Epoch: 1	Loss: 2.319801
Client Index = 6	Epoch: 2	Loss: 2.313618
Client Index = 6	Epoch: 3	Loss: 2.313197
Client Index = 6	Epoch: 4	Loss: 2.310910
@@@@@@@@@@@@@@@@ Training Client CM(10): 7
Client Index = 7	Epoch: 0	Loss: 14.492338
Client Index = 7	Epoch: 1	Loss: 2.329018
Client Index = 7	Epoch: 2	Loss: 2.315467
Client Index = 7	Epoch: 3	Loss: 2.317460
Client Index = 7	Epoch: 4	Loss: 2.313297
@@@@@@@@@@@@@@@@ Training Client CM(10): 8
Client Index = 8	Epoch: 0	Loss: 13.345997
Client Index = 8	Epoch: 1	Loss: 2.318540
Client Index = 8	Epoch: 2	Loss: 2.315044
Client Index = 8	Epoch: 3	Loss: 2.311118
Client Index = 8	Epoch: 4	Loss: 2.307574
@@@@@@@@@@@@@@@@ Training Client CM(10): 9
Client Index = 9	Epoch: 0	Loss: 13.887139
Client Index = 9	Epoch: 1	Loss: 2.321628
Client Index = 9	Epoch: 2	Loss: 2.310796
Client Index = 9	Epoch: 3	Loss: 2.311937
Client Index = 9	Epoch: 4	Loss: 2.310349
{'training_loss': 4.905961546182633}
0.999996543616424
0.4979179891116511
################global_test_on_all_clients : 10
{'global_test_acc': 0.1003722988439856, 'global_test_loss': 2.310525931169591}
################Communication round : 11
client_indexes = [0, 1, 2, 3, 4, 5, 6, 7, 8, 9]
client_indexes = [0 1 2 3 4 5 6 7 8 9]
@@@@@@@@@@@@@@@@ Training Client CM(11): 0
Client Index = 0	Epoch: 0	Loss: 16.343661
Client Index = 0	Epoch: 1	Loss: 2.327201
Client Index = 0	Epoch: 2	Loss: 2.313483
Client Index = 0	Epoch: 3	Loss: 2.309566
Client Index = 0	Epoch: 4	Loss: 2.305581
@@@@@@@@@@@@@@@@ Training Client CM(11): 1
Client Index = 1	Epoch: 0	Loss: 15.314225
Client Index = 1	Epoch: 1	Loss: 2.319845
Client Index = 1	Epoch: 2	Loss: 2.313727
Client Index = 1	Epoch: 3	Loss: 2.315987
Client Index = 1	Epoch: 4	Loss: 2.310817
@@@@@@@@@@@@@@@@ Training Client CM(11): 2
Client Index = 2	Epoch: 0	Loss: 14.092911
Client Index = 2	Epoch: 1	Loss: 2.323444
Client Index = 2	Epoch: 2	Loss: 2.308118
Client Index = 2	Epoch: 3	Loss: 2.313318
Client Index = 2	Epoch: 4	Loss: 2.308939
@@@@@@@@@@@@@@@@ Training Client CM(11): 3
Client Index = 3	Epoch: 0	Loss: 14.866893
Client Index = 3	Epoch: 1	Loss: 2.314557
Client Index = 3	Epoch: 2	Loss: 2.314046
Client Index = 3	Epoch: 3	Loss: 2.317283
Client Index = 3	Epoch: 4	Loss: 2.312060
@@@@@@@@@@@@@@@@ Training Client CM(11): 4
Client Index = 4	Epoch: 0	Loss: 17.265282
Client Index = 4	Epoch: 1	Loss: 2.321316
Client Index = 4	Epoch: 2	Loss: 2.315637
Client Index = 4	Epoch: 3	Loss: 2.307266
Client Index = 4	Epoch: 4	Loss: 2.309050
@@@@@@@@@@@@@@@@ Training Client CM(11): 5
Client Index = 5	Epoch: 0	Loss: 16.104640
Client Index = 5	Epoch: 1	Loss: 2.318089
Client Index = 5	Epoch: 2	Loss: 2.319577
Client Index = 5	Epoch: 3	Loss: 2.316800
Client Index = 5	Epoch: 4	Loss: 2.312887
@@@@@@@@@@@@@@@@ Training Client CM(11): 6
Client Index = 6	Epoch: 0	Loss: 12.460943
Client Index = 6	Epoch: 1	Loss: 2.317097
Client Index = 6	Epoch: 2	Loss: 2.314350
Client Index = 6	Epoch: 3	Loss: 2.312240
Client Index = 6	Epoch: 4	Loss: 2.309953
@@@@@@@@@@@@@@@@ Training Client CM(11): 7
Client Index = 7	Epoch: 0	Loss: 15.943506
Client Index = 7	Epoch: 1	Loss: 2.313831
Client Index = 7	Epoch: 2	Loss: 2.313861
Client Index = 7	Epoch: 3	Loss: 2.313862
Client Index = 7	Epoch: 4	Loss: 2.309494
@@@@@@@@@@@@@@@@ Training Client CM(11): 8
Client Index = 8	Epoch: 0	Loss: 13.909398
Client Index = 8	Epoch: 1	Loss: 2.315603
Client Index = 8	Epoch: 2	Loss: 2.317611
Client Index = 8	Epoch: 3	Loss: 2.308925
Client Index = 8	Epoch: 4	Loss: 2.305533
@@@@@@@@@@@@@@@@ Training Client CM(11): 9
Client Index = 9	Epoch: 0	Loss: 17.597115
Client Index = 9	Epoch: 1	Loss: 2.325815
Client Index = 9	Epoch: 2	Loss: 2.314971
Client Index = 9	Epoch: 3	Loss: 2.309513
Client Index = 9	Epoch: 4	Loss: 2.313051
