Namespace(batch_size=128, ci=0, client_num_in_total=1, client_num_per_round=1, client_optimizer='sgd', comm_round=100, data_dir='/Date/FL/DisPFL-master/data/', dataset='mnist', epochs=5, frac=1.0, frequency_of_the_test=1, gpu=0, identity="local-'dir'0.3-cm100-total_clnt1-neighbor1-seed1118", lr=0.1, lr_decay=0.998, model='cnn_mnist', momentum=0, partition_alpha=0.3, partition_method="'dir'", seed=1118, tag='test', wd=0.0005)
cuda:0
*********partition data***************
train_num30000  test_num9934
client_idx = 0, local_sample_number = 30000
DATA Partition: Train [2955, 3070, 3017, 3005, 2938, 3009, 2954, 2952, 3073, 3027]; Test [985, 1000, 1000, 1000, 980, 1000, 985, 984, 1000, 1000]
create_model. model_name = cnn_mnist
CNNMnist(
  (conv1): Conv2d(1, 10, kernel_size=(5, 5), stride=(1, 1))
  (conv2): Conv2d(10, 20, kernel_size=(5, 5), stride=(1, 1))
  (conv2_drop): Dropout2d(p=0.5, inplace=False)
  (fc1): Linear(in_features=320, out_features=50, bias=True)
  (fc2): Linear(in_features=50, out_features=10, bias=True)
)
############setup_clients (START)#############
self.local_sample_number = 30000
############setup_clients (END)#############
################Communication round : 0
client_indexes = [0]
client_indexes = [0]
@@@@@@@@@@@@@@@@ Training Client CM(0): 0
Client Index = 0	Epoch: 0	Loss: 1.178460
Client Index = 0	Epoch: 1	Loss: 0.771047
Client Index = 0	Epoch: 2	Loss: 0.700350
Client Index = 0	Epoch: 3	Loss: 0.650722
Client Index = 0	Epoch: 4	Loss: 0.624369
test acc on this client  7883 / 9934 : 61.62
################local_test_on_all_clients in communication round: 0
{'test_acc': 0.793537346486813, 'test_loss': 0.5067603518863499}
################Communication round : 1
client_indexes = [0]
client_indexes = [0]
@@@@@@@@@@@@@@@@ Training Client CM(1): 0
Client Index = 0	Epoch: 0	Loss: 0.600318
Client Index = 0	Epoch: 1	Loss: 0.583001
Client Index = 0	Epoch: 2	Loss: 0.570961
Client Index = 0	Epoch: 3	Loss: 0.552824
Client Index = 0	Epoch: 4	Loss: 0.543101
test acc on this client  8441 / 9934 : 66.62
################local_test_on_all_clients in communication round: 1
{'test_acc': 0.8497080732836723, 'test_loss': 0.42312478876363496}
################Communication round : 2
client_indexes = [0]
client_indexes = [0]
@@@@@@@@@@@@@@@@ Training Client CM(2): 0
Client Index = 0	Epoch: 0	Loss: 0.525114
Client Index = 0	Epoch: 1	Loss: 0.516705
Client Index = 0	Epoch: 2	Loss: 0.514321
Client Index = 0	Epoch: 3	Loss: 0.501198
Client Index = 0	Epoch: 4	Loss: 0.501103
test acc on this client  8516 / 9934 : 66.82
################local_test_on_all_clients in communication round: 2
{'test_acc': 0.8572579021542178, 'test_loss': 0.3887532978007941}
################Communication round : 3
client_indexes = [0]
client_indexes = [0]
@@@@@@@@@@@@@@@@ Training Client CM(3): 0
Client Index = 0	Epoch: 0	Loss: 0.488287
Client Index = 0	Epoch: 1	Loss: 0.479503
Client Index = 0	Epoch: 2	Loss: 0.479816
Client Index = 0	Epoch: 3	Loss: 0.470752
Client Index = 0	Epoch: 4	Loss: 0.469234
test acc on this client  8625 / 9934 : 67.86
################local_test_on_all_clients in communication round: 3
{'test_acc': 0.8682303201127441, 'test_loss': 0.3684162202317253}
################Communication round : 4
client_indexes = [0]
client_indexes = [0]
@@@@@@@@@@@@@@@@ Training Client CM(4): 0
Client Index = 0	Epoch: 0	Loss: 0.465049
Client Index = 0	Epoch: 1	Loss: 0.458045
Client Index = 0	Epoch: 2	Loss: 0.457837
Client Index = 0	Epoch: 3	Loss: 0.458225
Client Index = 0	Epoch: 4	Loss: 0.453469
test acc on this client  8625 / 9934 : 67.24
################local_test_on_all_clients in communication round: 4
{'test_acc': 0.8682303201127441, 'test_loss': 0.3689886050095183}
################Communication round : 5
client_indexes = [0]
client_indexes = [0]
@@@@@@@@@@@@@@@@ Training Client CM(5): 0
Client Index = 0	Epoch: 0	Loss: 0.447601
Client Index = 0	Epoch: 1	Loss: 0.445896
Client Index = 0	Epoch: 2	Loss: 0.440593
Client Index = 0	Epoch: 3	Loss: 0.442159
Client Index = 0	Epoch: 4	Loss: 0.446296
test acc on this client  8697 / 9934 : 68.04
################local_test_on_all_clients in communication round: 5
{'test_acc': 0.8754781558284679, 'test_loss': 0.34724694745435497}
################Communication round : 6
client_indexes = [0]
client_indexes = [0]
@@@@@@@@@@@@@@@@ Training Client CM(6): 0
Client Index = 0	Epoch: 0	Loss: 0.442016
Client Index = 0	Epoch: 1	Loss: 0.436211
Client Index = 0	Epoch: 2	Loss: 0.430231
Client Index = 0	Epoch: 3	Loss: 0.429475
Client Index = 0	Epoch: 4	Loss: 0.428865
test acc on this client  8613 / 9934 : 67.70
################local_test_on_all_clients in communication round: 6
{'test_acc': 0.8670223474934569, 'test_loss': 0.3554382227557704}
################Communication round : 7
client_indexes = [0]
client_indexes = [0]
@@@@@@@@@@@@@@@@ Training Client CM(7): 0
Client Index = 0	Epoch: 0	Loss: 0.426696
Client Index = 0	Epoch: 1	Loss: 0.422838
Client Index = 0	Epoch: 2	Loss: 0.419935
Client Index = 0	Epoch: 3	Loss: 0.425151
Client Index = 0	Epoch: 4	Loss: 0.422192
test acc on this client  8680 / 9934 : 68.58
################local_test_on_all_clients in communication round: 7
{'test_acc': 0.8737668612844776, 'test_loss': 0.34039461082895683}
################Communication round : 8
client_indexes = [0]
client_indexes = [0]
@@@@@@@@@@@@@@@@ Training Client CM(8): 0
Client Index = 0	Epoch: 0	Loss: 0.416331
Client Index = 0	Epoch: 1	Loss: 0.419224
Client Index = 0	Epoch: 2	Loss: 0.418063
Client Index = 0	Epoch: 3	Loss: 0.414276
Client Index = 0	Epoch: 4	Loss: 0.411160
test acc on this client  8663 / 9934 : 68.03
################local_test_on_all_clients in communication round: 8
{'test_acc': 0.8720555667404872, 'test_loss': 0.344117299079271}
################Communication round : 9
client_indexes = [0]
client_indexes = [0]
@@@@@@@@@@@@@@@@ Training Client CM(9): 0
Client Index = 0	Epoch: 0	Loss: 0.415494
Client Index = 0	Epoch: 1	Loss: 0.412891
Client Index = 0	Epoch: 2	Loss: 0.411564
Client Index = 0	Epoch: 3	Loss: 0.408553
Client Index = 0	Epoch: 4	Loss: 0.405771
test acc on this client  8725 / 9934 : 68.49
################local_test_on_all_clients in communication round: 9
{'test_acc': 0.8782967586068049, 'test_loss': 0.32290387427228445}
################Communication round : 10
client_indexes = [0]
client_indexes = [0]
@@@@@@@@@@@@@@@@ Training Client CM(10): 0
Client Index = 0	Epoch: 0	Loss: 0.401975
Client Index = 0	Epoch: 1	Loss: 0.401585
Client Index = 0	Epoch: 2	Loss: 0.405066
Client Index = 0	Epoch: 3	Loss: 0.400398
Client Index = 0	Epoch: 4	Loss: 0.400072
test acc on this client  8388 / 9934 : 66.36
################local_test_on_all_clients in communication round: 10
{'test_acc': 0.8443728608818201, 'test_loss': 0.3951941532449797}
################Communication round : 11
client_indexes = [0]
client_indexes = [0]
@@@@@@@@@@@@@@@@ Training Client CM(11): 0
Client Index = 0	Epoch: 0	Loss: 0.408457
Client Index = 0	Epoch: 1	Loss: 0.394534
Client Index = 0	Epoch: 2	Loss: 0.398812
Client Index = 0	Epoch: 3	Loss: 0.398008
Client Index = 0	Epoch: 4	Loss: 0.403468
test acc on this client  8731 / 9934 : 68.41
################local_test_on_all_clients in communication round: 11
{'test_acc': 0.8789007449164485, 'test_loss': 0.3272859776358454}
################Communication round : 12
client_indexes = [0]
client_indexes = [0]
@@@@@@@@@@@@@@@@ Training Client CM(12): 0
Client Index = 0	Epoch: 0	Loss: 0.398396
Client Index = 0	Epoch: 1	Loss: 0.402540
Client Index = 0	Epoch: 2	Loss: 0.391924
Client Index = 0	Epoch: 3	Loss: 0.396080
Client Index = 0	Epoch: 4	Loss: 0.393663
test acc on this client  8747 / 9934 : 68.54
################local_test_on_all_clients in communication round: 12
{'test_acc': 0.8805113750754983, 'test_loss': 0.3193550364626037}
################Communication round : 13
client_indexes = [0]
client_indexes = [0]
@@@@@@@@@@@@@@@@ Training Client CM(13): 0
Client Index = 0	Epoch: 0	Loss: 0.392902
Client Index = 0	Epoch: 1	Loss: 0.388878
Client Index = 0	Epoch: 2	Loss: 0.390180
Client Index = 0	Epoch: 3	Loss: 0.394875
Client Index = 0	Epoch: 4	Loss: 0.391128
test acc on this client  8710 / 9934 : 68.28
################local_test_on_all_clients in communication round: 13
{'test_acc': 0.8767867928326958, 'test_loss': 0.33592048905998356}
################Communication round : 14
client_indexes = [0]
client_indexes = [0]
@@@@@@@@@@@@@@@@ Training Client CM(14): 0
Client Index = 0	Epoch: 0	Loss: 0.385272
Client Index = 0	Epoch: 1	Loss: 0.394183
Client Index = 0	Epoch: 2	Loss: 0.389066
Client Index = 0	Epoch: 3	Loss: 0.389355
Client Index = 0	Epoch: 4	Loss: 0.381014
test acc on this client  8774 / 9934 : 68.85
################local_test_on_all_clients in communication round: 14
{'test_acc': 0.8832293134688947, 'test_loss': 0.31770262263155763}
################Communication round : 15
client_indexes = [0]
client_indexes = [0]
@@@@@@@@@@@@@@@@ Training Client CM(15): 0
Client Index = 0	Epoch: 0	Loss: 0.385148
Client Index = 0	Epoch: 1	Loss: 0.388109
Client Index = 0	Epoch: 2	Loss: 0.388498
Client Index = 0	Epoch: 3	Loss: 0.384881
Client Index = 0	Epoch: 4	Loss: 0.385213
test acc on this client  8753 / 9934 : 68.63
################local_test_on_all_clients in communication round: 15
{'test_acc': 0.8811153613851419, 'test_loss': 0.31812902077813493}
################Communication round : 16
client_indexes = [0]
client_indexes = [0]
@@@@@@@@@@@@@@@@ Training Client CM(16): 0
Client Index = 0	Epoch: 0	Loss: 0.384766
Client Index = 0	Epoch: 1	Loss: 0.385397
Client Index = 0	Epoch: 2	Loss: 0.386385
Client Index = 0	Epoch: 3	Loss: 0.381803
Client Index = 0	Epoch: 4	Loss: 0.382398
test acc on this client  8773 / 9934 : 69.02
################local_test_on_all_clients in communication round: 16
{'test_acc': 0.883128649083954, 'test_loss': 0.31233108395874465}
################Communication round : 17
client_indexes = [0]
client_indexes = [0]
@@@@@@@@@@@@@@@@ Training Client CM(17): 0
Client Index = 0	Epoch: 0	Loss: 0.378494
Client Index = 0	Epoch: 1	Loss: 0.378888
Client Index = 0	Epoch: 2	Loss: 0.380534
Client Index = 0	Epoch: 3	Loss: 0.375459
Client Index = 0	Epoch: 4	Loss: 0.377447
test acc on this client  8782 / 9934 : 68.92
################local_test_on_all_clients in communication round: 17
{'test_acc': 0.8840346285484195, 'test_loss': 0.31426309233631483}
################Communication round : 18
client_indexes = [0]
client_indexes = [0]
@@@@@@@@@@@@@@@@ Training Client CM(18): 0
Client Index = 0	Epoch: 0	Loss: 0.377010
Client Index = 0	Epoch: 1	Loss: 0.383437
Client Index = 0	Epoch: 2	Loss: 0.383180
Client Index = 0	Epoch: 3	Loss: 0.383878
Client Index = 0	Epoch: 4	Loss: 0.378104
test acc on this client  8758 / 9934 : 68.86
################local_test_on_all_clients in communication round: 18
{'test_acc': 0.8816186833098449, 'test_loss': 0.31178955640775086}
################Communication round : 19
client_indexes = [0]
client_indexes = [0]
@@@@@@@@@@@@@@@@ Training Client CM(19): 0
Client Index = 0	Epoch: 0	Loss: 0.377240
Client Index = 0	Epoch: 1	Loss: 0.379235
Client Index = 0	Epoch: 2	Loss: 0.382331
Client Index = 0	Epoch: 3	Loss: 0.381709
Client Index = 0	Epoch: 4	Loss: 0.377648
test acc on this client  8774 / 9934 : 69.04
################local_test_on_all_clients in communication round: 19
{'test_acc': 0.8832293134688947, 'test_loss': 0.3120222185275817}
################Communication round : 20
client_indexes = [0]
client_indexes = [0]
@@@@@@@@@@@@@@@@ Training Client CM(20): 0
Client Index = 0	Epoch: 0	Loss: 0.375131
Client Index = 0	Epoch: 1	Loss: 0.375381
Client Index = 0	Epoch: 2	Loss: 0.378010
Client Index = 0	Epoch: 3	Loss: 0.380502
Client Index = 0	Epoch: 4	Loss: 0.375836
test acc on this client  8645 / 9934 : 67.92
################local_test_on_all_clients in communication round: 20
{'test_acc': 0.8702436078115563, 'test_loss': 0.34529795822709386}
################Communication round : 21
client_indexes = [0]
client_indexes = [0]
@@@@@@@@@@@@@@@@ Training Client CM(21): 0
Client Index = 0	Epoch: 0	Loss: 0.375007
Client Index = 0	Epoch: 1	Loss: 0.379279
Client Index = 0	Epoch: 2	Loss: 0.377673
Client Index = 0	Epoch: 3	Loss: 0.372630
Client Index = 0	Epoch: 4	Loss: 0.370771
test acc on this client  8713 / 9934 : 68.32
################local_test_on_all_clients in communication round: 21
{'test_acc': 0.8770887859875176, 'test_loss': 0.32783707205332907}
################Communication round : 22
client_indexes = [0]
client_indexes = [0]
@@@@@@@@@@@@@@@@ Training Client CM(22): 0
Client Index = 0	Epoch: 0	Loss: 0.373507
Client Index = 0	Epoch: 1	Loss: 0.369627
Client Index = 0	Epoch: 2	Loss: 0.372945
Client Index = 0	Epoch: 3	Loss: 0.371416
Client Index = 0	Epoch: 4	Loss: 0.370409
test acc on this client  8812 / 9934 : 68.89
################local_test_on_all_clients in communication round: 22
{'test_acc': 0.8870545600966379, 'test_loss': 0.30614200746818687}
################Communication round : 23
client_indexes = [0]
client_indexes = [0]
@@@@@@@@@@@@@@@@ Training Client CM(23): 0
Client Index = 0	Epoch: 0	Loss: 0.375217
Client Index = 0	Epoch: 1	Loss: 0.372142
Client Index = 0	Epoch: 2	Loss: 0.369087
Client Index = 0	Epoch: 3	Loss: 0.372725
Client Index = 0	Epoch: 4	Loss: 0.367269
test acc on this client  8753 / 9934 : 68.07
################local_test_on_all_clients in communication round: 23
{'test_acc': 0.8811153613851419, 'test_loss': 0.32299256858773845}
################Communication round : 24
client_indexes = [0]
client_indexes = [0]
@@@@@@@@@@@@@@@@ Training Client CM(24): 0
Client Index = 0	Epoch: 0	Loss: 0.368335
Client Index = 0	Epoch: 1	Loss: 0.373286
Client Index = 0	Epoch: 2	Loss: 0.375358
Client Index = 0	Epoch: 3	Loss: 0.370165
Client Index = 0	Epoch: 4	Loss: 0.372775
test acc on this client  8777 / 9934 : 69.19
################local_test_on_all_clients in communication round: 24
{'test_acc': 0.8835313066237165, 'test_loss': 0.3154179902294644}
################Communication round : 25
client_indexes = [0]
client_indexes = [0]
@@@@@@@@@@@@@@@@ Training Client CM(25): 0
Client Index = 0	Epoch: 0	Loss: 0.371943
Client Index = 0	Epoch: 1	Loss: 0.371039
Client Index = 0	Epoch: 2	Loss: 0.368352
Client Index = 0	Epoch: 3	Loss: 0.369381
Client Index = 0	Epoch: 4	Loss: 0.369781
test acc on this client  8831 / 9934 : 69.80
################local_test_on_all_clients in communication round: 25
{'test_acc': 0.8889671834105094, 'test_loss': 0.30867731121192643}
################Communication round : 26
client_indexes = [0]
client_indexes = [0]
@@@@@@@@@@@@@@@@ Training Client CM(26): 0
Client Index = 0	Epoch: 0	Loss: 0.371269
Client Index = 0	Epoch: 1	Loss: 0.363170
Client Index = 0	Epoch: 2	Loss: 0.367885
Client Index = 0	Epoch: 3	Loss: 0.367710
Client Index = 0	Epoch: 4	Loss: 0.368235
test acc on this client  8716 / 9934 : 68.24
################local_test_on_all_clients in communication round: 26
{'test_acc': 0.8773907791423394, 'test_loss': 0.3324689889052564}
################Communication round : 27
client_indexes = [0]
client_indexes = [0]
@@@@@@@@@@@@@@@@ Training Client CM(27): 0
Client Index = 0	Epoch: 0	Loss: 0.366864
Client Index = 0	Epoch: 1	Loss: 0.365721
Client Index = 0	Epoch: 2	Loss: 0.362214
Client Index = 0	Epoch: 3	Loss: 0.370648
Client Index = 0	Epoch: 4	Loss: 0.364578
test acc on this client  8767 / 9934 : 68.80
################local_test_on_all_clients in communication round: 27
{'test_acc': 0.8825246627743104, 'test_loss': 0.31666767927202055}
################Communication round : 28
client_indexes = [0]
client_indexes = [0]
@@@@@@@@@@@@@@@@ Training Client CM(28): 0
Client Index = 0	Epoch: 0	Loss: 0.366159
Client Index = 0	Epoch: 1	Loss: 0.367872
Client Index = 0	Epoch: 2	Loss: 0.361627
Client Index = 0	Epoch: 3	Loss: 0.370531
Client Index = 0	Epoch: 4	Loss: 0.367413
test acc on this client  8810 / 9934 : 68.92
################local_test_on_all_clients in communication round: 28
{'test_acc': 0.8868532313267566, 'test_loss': 0.3124976528706098}
################Communication round : 29
client_indexes = [0]
client_indexes = [0]
@@@@@@@@@@@@@@@@ Training Client CM(29): 0
Client Index = 0	Epoch: 0	Loss: 0.366225
Client Index = 0	Epoch: 1	Loss: 0.365074
Client Index = 0	Epoch: 2	Loss: 0.361177
Client Index = 0	Epoch: 3	Loss: 0.363935
Client Index = 0	Epoch: 4	Loss: 0.362315
test acc on this client  8793 / 9934 : 69.30
################local_test_on_all_clients in communication round: 29
{'test_acc': 0.8851419367827662, 'test_loss': 0.30714127722582346}
################Communication round : 30
client_indexes = [0]
client_indexes = [0]
@@@@@@@@@@@@@@@@ Training Client CM(30): 0
Client Index = 0	Epoch: 0	Loss: 0.364890
Client Index = 0	Epoch: 1	Loss: 0.361679
Client Index = 0	Epoch: 2	Loss: 0.365909
Client Index = 0	Epoch: 3	Loss: 0.366804
Client Index = 0	Epoch: 4	Loss: 0.364443
test acc on this client  8762 / 9934 : 68.89
################local_test_on_all_clients in communication round: 30
{'test_acc': 0.8820213408496074, 'test_loss': 0.31823553811539}
################Communication round : 31
client_indexes = [0]
client_indexes = [0]
@@@@@@@@@@@@@@@@ Training Client CM(31): 0
Client Index = 0	Epoch: 0	Loss: 0.361116
Client Index = 0	Epoch: 1	Loss: 0.365356
Client Index = 0	Epoch: 2	Loss: 0.358875
Client Index = 0	Epoch: 3	Loss: 0.363765
Client Index = 0	Epoch: 4	Loss: 0.360785
test acc on this client  8727 / 9934 : 68.50
################local_test_on_all_clients in communication round: 31
{'test_acc': 0.8784980873766861, 'test_loss': 0.31919001324545915}
################Communication round : 32
client_indexes = [0]
client_indexes = [0]
@@@@@@@@@@@@@@@@ Training Client CM(32): 0
Client Index = 0	Epoch: 0	Loss: 0.363017
Client Index = 0	Epoch: 1	Loss: 0.362710
Client Index = 0	Epoch: 2	Loss: 0.361499
Client Index = 0	Epoch: 3	Loss: 0.358178
Client Index = 0	Epoch: 4	Loss: 0.363970
test acc on this client  8771 / 9934 : 69.00
################local_test_on_all_clients in communication round: 32
{'test_acc': 0.8829273203140728, 'test_loss': 0.3137747315614546}
################Communication round : 33
client_indexes = [0]
client_indexes = [0]
@@@@@@@@@@@@@@@@ Training Client CM(33): 0
Client Index = 0	Epoch: 0	Loss: 0.359503
Client Index = 0	Epoch: 1	Loss: 0.359807
Client Index = 0	Epoch: 2	Loss: 0.358773
Client Index = 0	Epoch: 3	Loss: 0.363146
Client Index = 0	Epoch: 4	Loss: 0.359145
test acc on this client  8797 / 9934 : 69.01
################local_test_on_all_clients in communication round: 33
{'test_acc': 0.8855445943225287, 'test_loss': 0.3083145184544027}
################Communication round : 34
client_indexes = [0]
client_indexes = [0]
@@@@@@@@@@@@@@@@ Training Client CM(34): 0
Client Index = 0	Epoch: 0	Loss: 0.356923
Client Index = 0	Epoch: 1	Loss: 0.362487
Client Index = 0	Epoch: 2	Loss: 0.361079
Client Index = 0	Epoch: 3	Loss: 0.362427
Client Index = 0	Epoch: 4	Loss: 0.359006
test acc on this client  8735 / 9934 : 68.24
################local_test_on_all_clients in communication round: 34
{'test_acc': 0.879303402456211, 'test_loss': 0.3170301199547357}
################Communication round : 35
client_indexes = [0]
client_indexes = [0]
@@@@@@@@@@@@@@@@ Training Client CM(35): 0
Client Index = 0	Epoch: 0	Loss: 0.366193
Client Index = 0	Epoch: 1	Loss: 0.362439
Client Index = 0	Epoch: 2	Loss: 0.361428
Client Index = 0	Epoch: 3	Loss: 0.357928
Client Index = 0	Epoch: 4	Loss: 0.359766
test acc on this client  8798 / 9934 : 69.24
################local_test_on_all_clients in communication round: 35
{'test_acc': 0.8856452587074694, 'test_loss': 0.3068629520830312}
################Communication round : 36
client_indexes = [0]
client_indexes = [0]
@@@@@@@@@@@@@@@@ Training Client CM(36): 0
Client Index = 0	Epoch: 0	Loss: 0.360746
Client Index = 0	Epoch: 1	Loss: 0.356695
Client Index = 0	Epoch: 2	Loss: 0.352587
Client Index = 0	Epoch: 3	Loss: 0.359116
Client Index = 0	Epoch: 4	Loss: 0.357073
test acc on this client  8779 / 9934 : 68.89
################local_test_on_all_clients in communication round: 36
{'test_acc': 0.8837326353935977, 'test_loss': 0.3137900323929719}
################Communication round : 37
client_indexes = [0]
client_indexes = [0]
@@@@@@@@@@@@@@@@ Training Client CM(37): 0
Client Index = 0	Epoch: 0	Loss: 0.351671
Client Index = 0	Epoch: 1	Loss: 0.361677
Client Index = 0	Epoch: 2	Loss: 0.357344
Client Index = 0	Epoch: 3	Loss: 0.354238
Client Index = 0	Epoch: 4	Loss: 0.356312
test acc on this client  8575 / 9934 : 67.61
################local_test_on_all_clients in communication round: 37
{'test_acc': 0.8631971008657137, 'test_loss': 0.34495987267784123}
################Communication round : 38
client_indexes = [0]
client_indexes = [0]
@@@@@@@@@@@@@@@@ Training Client CM(38): 0
Client Index = 0	Epoch: 0	Loss: 0.356005
Client Index = 0	Epoch: 1	Loss: 0.357874
Client Index = 0	Epoch: 2	Loss: 0.358297
Client Index = 0	Epoch: 3	Loss: 0.358604
Client Index = 0	Epoch: 4	Loss: 0.355517
test acc on this client  8780 / 9934 : 68.86
################local_test_on_all_clients in communication round: 38
{'test_acc': 0.8838332997785383, 'test_loss': 0.3076941921650007}
################Communication round : 39
client_indexes = [0]
client_indexes = [0]
@@@@@@@@@@@@@@@@ Training Client CM(39): 0
Client Index = 0	Epoch: 0	Loss: 0.357366
Client Index = 0	Epoch: 1	Loss: 0.350973
Client Index = 0	Epoch: 2	Loss: 0.352707
Client Index = 0	Epoch: 3	Loss: 0.358992
Client Index = 0	Epoch: 4	Loss: 0.357034
test acc on this client  8800 / 9934 : 69.28
################local_test_on_all_clients in communication round: 39
{'test_acc': 0.8858465874773506, 'test_loss': 0.3124519610743372}
################Communication round : 40
client_indexes = [0]
client_indexes = [0]
@@@@@@@@@@@@@@@@ Training Client CM(40): 0
Client Index = 0	Epoch: 0	Loss: 0.355290
Client Index = 0	Epoch: 1	Loss: 0.358931
Client Index = 0	Epoch: 2	Loss: 0.353409
Client Index = 0	Epoch: 3	Loss: 0.356540
Client Index = 0	Epoch: 4	Loss: 0.352463
test acc on this client  8822 / 9934 : 69.45
################local_test_on_all_clients in communication round: 40
{'test_acc': 0.8880612039460439, 'test_loss': 0.3023667987177303}
################Communication round : 41
client_indexes = [0]
client_indexes = [0]
@@@@@@@@@@@@@@@@ Training Client CM(41): 0
Client Index = 0	Epoch: 0	Loss: 0.356275
Client Index = 0	Epoch: 1	Loss: 0.352952
Client Index = 0	Epoch: 2	Loss: 0.349846
Client Index = 0	Epoch: 3	Loss: 0.353210
Client Index = 0	Epoch: 4	Loss: 0.354173
test acc on this client  8809 / 9934 : 69.10
################local_test_on_all_clients in communication round: 41
{'test_acc': 0.886752566941816, 'test_loss': 0.312254318084327}
################Communication round : 42
client_indexes = [0]
client_indexes = [0]
@@@@@@@@@@@@@@@@ Training Client CM(42): 0
Client Index = 0	Epoch: 0	Loss: 0.357665
Client Index = 0	Epoch: 1	Loss: 0.349375
Client Index = 0	Epoch: 2	Loss: 0.353272
Client Index = 0	Epoch: 3	Loss: 0.351401
Client Index = 0	Epoch: 4	Loss: 0.352670
test acc on this client  8832 / 9934 : 69.14
################local_test_on_all_clients in communication round: 42
{'test_acc': 0.88906784779545, 'test_loss': 0.30353455540998037}
################Communication round : 43
client_indexes = [0]
client_indexes = [0]
@@@@@@@@@@@@@@@@ Training Client CM(43): 0
Client Index = 0	Epoch: 0	Loss: 0.357619
Client Index = 0	Epoch: 1	Loss: 0.351499
Client Index = 0	Epoch: 2	Loss: 0.358691
Client Index = 0	Epoch: 3	Loss: 0.349681
Client Index = 0	Epoch: 4	Loss: 0.355931
test acc on this client  8808 / 9934 : 68.60
################local_test_on_all_clients in communication round: 43
{'test_acc': 0.8866519025568754, 'test_loss': 0.30741400416405695}
################Communication round : 44
client_indexes = [0]
client_indexes = [0]
@@@@@@@@@@@@@@@@ Training Client CM(44): 0
Client Index = 0	Epoch: 0	Loss: 0.356742
Client Index = 0	Epoch: 1	Loss: 0.357186
Client Index = 0	Epoch: 2	Loss: 0.353367
Client Index = 0	Epoch: 3	Loss: 0.353219
Client Index = 0	Epoch: 4	Loss: 0.351987
test acc on this client  8795 / 9934 : 69.46
################local_test_on_all_clients in communication round: 44
{'test_acc': 0.8853432655526474, 'test_loss': 0.31652243057978763}
################Communication round : 45
client_indexes = [0]
client_indexes = [0]
@@@@@@@@@@@@@@@@ Training Client CM(45): 0
Client Index = 0	Epoch: 0	Loss: 0.352685
Client Index = 0	Epoch: 1	Loss: 0.354409
Client Index = 0	Epoch: 2	Loss: 0.351473
Client Index = 0	Epoch: 3	Loss: 0.354685
Client Index = 0	Epoch: 4	Loss: 0.347247
test acc on this client  8781 / 9934 : 68.70
################local_test_on_all_clients in communication round: 45
{'test_acc': 0.8839339641634789, 'test_loss': 0.3162195770366585}
################Communication round : 46
client_indexes = [0]
client_indexes = [0]
@@@@@@@@@@@@@@@@ Training Client CM(46): 0
Client Index = 0	Epoch: 0	Loss: 0.355642
Client Index = 0	Epoch: 1	Loss: 0.352090
Client Index = 0	Epoch: 2	Loss: 0.357258
Client Index = 0	Epoch: 3	Loss: 0.347310
Client Index = 0	Epoch: 4	Loss: 0.348970
test acc on this client  8778 / 9934 : 69.17
################local_test_on_all_clients in communication round: 46
{'test_acc': 0.8836319710086571, 'test_loss': 0.32033996907714773}
################Communication round : 47
client_indexes = [0]
client_indexes = [0]
@@@@@@@@@@@@@@@@ Training Client CM(47): 0
Client Index = 0	Epoch: 0	Loss: 0.356443
Client Index = 0	Epoch: 1	Loss: 0.352365
Client Index = 0	Epoch: 2	Loss: 0.352120
Client Index = 0	Epoch: 3	Loss: 0.352451
Client Index = 0	Epoch: 4	Loss: 0.349836
test acc on this client  8770 / 9934 : 68.73
################local_test_on_all_clients in communication round: 47
{'test_acc': 0.8828266559291322, 'test_loss': 0.3136513024022552}
################Communication round : 48
client_indexes = [0]
client_indexes = [0]
@@@@@@@@@@@@@@@@ Training Client CM(48): 0
Client Index = 0	Epoch: 0	Loss: 0.348535
Client Index = 0	Epoch: 1	Loss: 0.352517
Client Index = 0	Epoch: 2	Loss: 0.352079
Client Index = 0	Epoch: 3	Loss: 0.355585
Client Index = 0	Epoch: 4	Loss: 0.349921
test acc on this client  8777 / 9934 : 68.19
################local_test_on_all_clients in communication round: 48
{'test_acc': 0.8835313066237165, 'test_loss': 0.31703854289985123}
################Communication round : 49
client_indexes = [0]
client_indexes = [0]
@@@@@@@@@@@@@@@@ Training Client CM(49): 0
Client Index = 0	Epoch: 0	Loss: 0.352220
Client Index = 0	Epoch: 1	Loss: 0.348298
Client Index = 0	Epoch: 2	Loss: 0.351181
Client Index = 0	Epoch: 3	Loss: 0.343828
Client Index = 0	Epoch: 4	Loss: 0.352925
test acc on this client  8789 / 9934 : 69.01
################local_test_on_all_clients in communication round: 49
{'test_acc': 0.8847392792430038, 'test_loss': 0.30560245266953345}
################Communication round : 50
client_indexes = [0]
client_indexes = [0]
@@@@@@@@@@@@@@@@ Training Client CM(50): 0
Client Index = 0	Epoch: 0	Loss: 0.350245
Client Index = 0	Epoch: 1	Loss: 0.348603
Client Index = 0	Epoch: 2	Loss: 0.350647
Client Index = 0	Epoch: 3	Loss: 0.351184
Client Index = 0	Epoch: 4	Loss: 0.354294
test acc on this client  8817 / 9934 : 69.81
################local_test_on_all_clients in communication round: 50
{'test_acc': 0.8875578820213409, 'test_loss': 0.30230661602070186}
################Communication round : 51
client_indexes = [0]
client_indexes = [0]
@@@@@@@@@@@@@@@@ Training Client CM(51): 0
Client Index = 0	Epoch: 0	Loss: 0.348852
Client Index = 0	Epoch: 1	Loss: 0.354469
Client Index = 0	Epoch: 2	Loss: 0.353335
Client Index = 0	Epoch: 3	Loss: 0.346641
Client Index = 0	Epoch: 4	Loss: 0.348231
test acc on this client  8848 / 9934 : 69.37
################local_test_on_all_clients in communication round: 51
{'test_acc': 0.8906784779544997, 'test_loss': 0.3052112934111541}
################Communication round : 52
client_indexes = [0]
client_indexes = [0]
@@@@@@@@@@@@@@@@ Training Client CM(52): 0
Client Index = 0	Epoch: 0	Loss: 0.349542
Client Index = 0	Epoch: 1	Loss: 0.347049
Client Index = 0	Epoch: 2	Loss: 0.350224
Client Index = 0	Epoch: 3	Loss: 0.348628
Client Index = 0	Epoch: 4	Loss: 0.344359
test acc on this client  8732 / 9934 : 68.12
################local_test_on_all_clients in communication round: 52
{'test_acc': 0.8790014093013891, 'test_loss': 0.3143663611934294}
################Communication round : 53
client_indexes = [0]
client_indexes = [0]
@@@@@@@@@@@@@@@@ Training Client CM(53): 0
Client Index = 0	Epoch: 0	Loss: 0.349526
Client Index = 0	Epoch: 1	Loss: 0.348904
Client Index = 0	Epoch: 2	Loss: 0.348358
Client Index = 0	Epoch: 3	Loss: 0.346265
Client Index = 0	Epoch: 4	Loss: 0.342950
test acc on this client  8835 / 9934 : 69.55
################local_test_on_all_clients in communication round: 53
{'test_acc': 0.8893698409502718, 'test_loss': 0.31102381319629613}
################Communication round : 54
client_indexes = [0]
client_indexes = [0]
@@@@@@@@@@@@@@@@ Training Client CM(54): 0
Client Index = 0	Epoch: 0	Loss: 0.351026
Client Index = 0	Epoch: 1	Loss: 0.348014
Client Index = 0	Epoch: 2	Loss: 0.350545
Client Index = 0	Epoch: 3	Loss: 0.351674
Client Index = 0	Epoch: 4	Loss: 0.345334
test acc on this client  8854 / 9934 : 69.87
################local_test_on_all_clients in communication round: 54
{'test_acc': 0.8912824642641434, 'test_loss': 0.29600397695267683}
################Communication round : 55
client_indexes = [0]
client_indexes = [0]
@@@@@@@@@@@@@@@@ Training Client CM(55): 0
Client Index = 0	Epoch: 0	Loss: 0.348025
Client Index = 0	Epoch: 1	Loss: 0.344341
Client Index = 0	Epoch: 2	Loss: 0.346331
Client Index = 0	Epoch: 3	Loss: 0.353562
Client Index = 0	Epoch: 4	Loss: 0.346645
test acc on this client  8837 / 9934 : 69.68
################local_test_on_all_clients in communication round: 55
{'test_acc': 0.889571169720153, 'test_loss': 0.302026189235175}
################Communication round : 56
client_indexes = [0]
client_indexes = [0]
@@@@@@@@@@@@@@@@ Training Client CM(56): 0
Client Index = 0	Epoch: 0	Loss: 0.347146
Client Index = 0	Epoch: 1	Loss: 0.344046
Client Index = 0	Epoch: 2	Loss: 0.352117
Client Index = 0	Epoch: 3	Loss: 0.347763
Client Index = 0	Epoch: 4	Loss: 0.345308
test acc on this client  8835 / 9934 : 69.18
################local_test_on_all_clients in communication round: 56
{'test_acc': 0.8893698409502718, 'test_loss': 0.3053362605399905}
################Communication round : 57
client_indexes = [0]
client_indexes = [0]
@@@@@@@@@@@@@@@@ Training Client CM(57): 0
Client Index = 0	Epoch: 0	Loss: 0.344633
Client Index = 0	Epoch: 1	Loss: 0.345849
Client Index = 0	Epoch: 2	Loss: 0.349992
Client Index = 0	Epoch: 3	Loss: 0.348294
Client Index = 0	Epoch: 4	Loss: 0.344006
test acc on this client  8805 / 9934 : 68.58
################local_test_on_all_clients in communication round: 57
{'test_acc': 0.8863499094020536, 'test_loss': 0.30567623291165386}
################Communication round : 58
client_indexes = [0]
client_indexes = [0]
@@@@@@@@@@@@@@@@ Training Client CM(58): 0
Client Index = 0	Epoch: 0	Loss: 0.348648
Client Index = 0	Epoch: 1	Loss: 0.345164
Client Index = 0	Epoch: 2	Loss: 0.346117
Client Index = 0	Epoch: 3	Loss: 0.345878
Client Index = 0	Epoch: 4	Loss: 0.348950
test acc on this client  8814 / 9934 : 69.46
################local_test_on_all_clients in communication round: 58
{'test_acc': 0.8872558888665191, 'test_loss': 0.3047044772616521}
################Communication round : 59
client_indexes = [0]
client_indexes = [0]
@@@@@@@@@@@@@@@@ Training Client CM(59): 0
Client Index = 0	Epoch: 0	Loss: 0.348163
Client Index = 0	Epoch: 1	Loss: 0.343893
Client Index = 0	Epoch: 2	Loss: 0.343363
Client Index = 0	Epoch: 3	Loss: 0.345159
Client Index = 0	Epoch: 4	Loss: 0.348434
test acc on this client  8841 / 9934 : 69.73
################local_test_on_all_clients in communication round: 59
{'test_acc': 0.8899738272599155, 'test_loss': 0.30032148659949287}
################Communication round : 60
client_indexes = [0]
client_indexes = [0]
@@@@@@@@@@@@@@@@ Training Client CM(60): 0
Client Index = 0	Epoch: 0	Loss: 0.345489
Client Index = 0	Epoch: 1	Loss: 0.342542
Client Index = 0	Epoch: 2	Loss: 0.345742
Client Index = 0	Epoch: 3	Loss: 0.345564
Client Index = 0	Epoch: 4	Loss: 0.351283
test acc on this client  8816 / 9934 : 68.94
################local_test_on_all_clients in communication round: 60
{'test_acc': 0.8874572176364003, 'test_loss': 0.30784024819896716}
################Communication round : 61
client_indexes = [0]
client_indexes = [0]
@@@@@@@@@@@@@@@@ Training Client CM(61): 0
Client Index = 0	Epoch: 0	Loss: 0.346109
Client Index = 0	Epoch: 1	Loss: 0.343791
Client Index = 0	Epoch: 2	Loss: 0.348131
Client Index = 0	Epoch: 3	Loss: 0.347385
Client Index = 0	Epoch: 4	Loss: 0.344626
test acc on this client  8816 / 9934 : 69.56
################local_test_on_all_clients in communication round: 61
{'test_acc': 0.8874572176364003, 'test_loss': 0.30514987887980016}
################Communication round : 62
client_indexes = [0]
client_indexes = [0]
@@@@@@@@@@@@@@@@ Training Client CM(62): 0
Client Index = 0	Epoch: 0	Loss: 0.345806
Client Index = 0	Epoch: 1	Loss: 0.347434
Client Index = 0	Epoch: 2	Loss: 0.348792
Client Index = 0	Epoch: 3	Loss: 0.346881
Client Index = 0	Epoch: 4	Loss: 0.345796
test acc on this client  8744 / 9934 : 68.68
################local_test_on_all_clients in communication round: 62
{'test_acc': 0.8802093819206764, 'test_loss': 0.31918857184986676}
################Communication round : 63
client_indexes = [0]
client_indexes = [0]
@@@@@@@@@@@@@@@@ Training Client CM(63): 0
Client Index = 0	Epoch: 0	Loss: 0.344737
Client Index = 0	Epoch: 1	Loss: 0.342324
Client Index = 0	Epoch: 2	Loss: 0.346628
Client Index = 0	Epoch: 3	Loss: 0.345408
Client Index = 0	Epoch: 4	Loss: 0.346292
test acc on this client  8834 / 9934 : 69.32
################local_test_on_all_clients in communication round: 63
{'test_acc': 0.8892691765653312, 'test_loss': 0.3044857352474025}
################Communication round : 64
client_indexes = [0]
client_indexes = [0]
@@@@@@@@@@@@@@@@ Training Client CM(64): 0
Client Index = 0	Epoch: 0	Loss: 0.343006
Client Index = 0	Epoch: 1	Loss: 0.346902
Client Index = 0	Epoch: 2	Loss: 0.344872
Client Index = 0	Epoch: 3	Loss: 0.342268
Client Index = 0	Epoch: 4	Loss: 0.342277
test acc on this client  8821 / 9934 : 69.36
################local_test_on_all_clients in communication round: 64
{'test_acc': 0.8879605395611033, 'test_loss': 0.30453224683854335}
################Communication round : 65
client_indexes = [0]
client_indexes = [0]
@@@@@@@@@@@@@@@@ Training Client CM(65): 0
Client Index = 0	Epoch: 0	Loss: 0.341236
Client Index = 0	Epoch: 1	Loss: 0.345413
Client Index = 0	Epoch: 2	Loss: 0.341744
Client Index = 0	Epoch: 3	Loss: 0.344362
Client Index = 0	Epoch: 4	Loss: 0.341542
test acc on this client  8788 / 9934 : 68.93
################local_test_on_all_clients in communication round: 65
{'test_acc': 0.8846386148580632, 'test_loss': 0.3050715977729915}
################Communication round : 66
client_indexes = [0]
client_indexes = [0]
@@@@@@@@@@@@@@@@ Training Client CM(66): 0
Client Index = 0	Epoch: 0	Loss: 0.344991
Client Index = 0	Epoch: 1	Loss: 0.342506
Client Index = 0	Epoch: 2	Loss: 0.341686
Client Index = 0	Epoch: 3	Loss: 0.347537
Client Index = 0	Epoch: 4	Loss: 0.345622
test acc on this client  8859 / 9934 : 69.61
################local_test_on_all_clients in communication round: 66
{'test_acc': 0.8917857861888464, 'test_loss': 0.3030730017611072}
################Communication round : 67
client_indexes = [0]
client_indexes = [0]
@@@@@@@@@@@@@@@@ Training Client CM(67): 0
Client Index = 0	Epoch: 0	Loss: 0.338760
Client Index = 0	Epoch: 1	Loss: 0.349767
Client Index = 0	Epoch: 2	Loss: 0.343118
Client Index = 0	Epoch: 3	Loss: 0.339175
Client Index = 0	Epoch: 4	Loss: 0.340527
test acc on this client  8861 / 9934 : 69.62
################local_test_on_all_clients in communication round: 67
{'test_acc': 0.8919871149587276, 'test_loss': 0.2950500008060055}
################Communication round : 68
client_indexes = [0]
client_indexes = [0]
@@@@@@@@@@@@@@@@ Training Client CM(68): 0
Client Index = 0	Epoch: 0	Loss: 0.337460
Client Index = 0	Epoch: 1	Loss: 0.344027
Client Index = 0	Epoch: 2	Loss: 0.345642
Client Index = 0	Epoch: 3	Loss: 0.342808
Client Index = 0	Epoch: 4	Loss: 0.340184
test acc on this client  8818 / 9934 : 69.17
################local_test_on_all_clients in communication round: 68
{'test_acc': 0.8876585464062815, 'test_loss': 0.3055416101543673}
################Communication round : 69
client_indexes = [0]
client_indexes = [0]
@@@@@@@@@@@@@@@@ Training Client CM(69): 0
Client Index = 0	Epoch: 0	Loss: 0.343089
Client Index = 0	Epoch: 1	Loss: 0.341256
Client Index = 0	Epoch: 2	Loss: 0.343310
Client Index = 0	Epoch: 3	Loss: 0.344181
Client Index = 0	Epoch: 4	Loss: 0.343109
test acc on this client  8812 / 9934 : 69.39
################local_test_on_all_clients in communication round: 69
{'test_acc': 0.8870545600966379, 'test_loss': 0.29922301544974167}
################Communication round : 70
client_indexes = [0]
client_indexes = [0]
@@@@@@@@@@@@@@@@ Training Client CM(70): 0
Client Index = 0	Epoch: 0	Loss: 0.334436
Client Index = 0	Epoch: 1	Loss: 0.333089
Client Index = 0	Epoch: 2	Loss: 0.348136
Client Index = 0	Epoch: 3	Loss: 0.343874
Client Index = 0	Epoch: 4	Loss: 0.341763
test acc on this client  8853 / 9934 : 69.44
################local_test_on_all_clients in communication round: 70
{'test_acc': 0.8911817998792028, 'test_loss': 0.3041930976547848}
################Communication round : 71
client_indexes = [0]
client_indexes = [0]
@@@@@@@@@@@@@@@@ Training Client CM(71): 0
Client Index = 0	Epoch: 0	Loss: 0.341901
Client Index = 0	Epoch: 1	Loss: 0.341127
Client Index = 0	Epoch: 2	Loss: 0.338826
Client Index = 0	Epoch: 3	Loss: 0.343244
Client Index = 0	Epoch: 4	Loss: 0.344998
test acc on this client  8779 / 9934 : 69.10
################local_test_on_all_clients in communication round: 71
{'test_acc': 0.8837326353935977, 'test_loss': 0.3154038994070364}
################Communication round : 72
client_indexes = [0]
client_indexes = [0]
@@@@@@@@@@@@@@@@ Training Client CM(72): 0
Client Index = 0	Epoch: 0	Loss: 0.343778
Client Index = 0	Epoch: 1	Loss: 0.344635
Client Index = 0	Epoch: 2	Loss: 0.345873
Client Index = 0	Epoch: 3	Loss: 0.340954
Client Index = 0	Epoch: 4	Loss: 0.343194
test acc on this client  8851 / 9934 : 69.19
################local_test_on_all_clients in communication round: 72
{'test_acc': 0.8909804711093215, 'test_loss': 0.3001484447216061}
################Communication round : 73
client_indexes = [0]
client_indexes = [0]
@@@@@@@@@@@@@@@@ Training Client CM(73): 0
Client Index = 0	Epoch: 0	Loss: 0.337726
Client Index = 0	Epoch: 1	Loss: 0.335822
Client Index = 0	Epoch: 2	Loss: 0.340209
Client Index = 0	Epoch: 3	Loss: 0.337727
Client Index = 0	Epoch: 4	Loss: 0.341458
test acc on this client  8844 / 9934 : 69.94
################local_test_on_all_clients in communication round: 73
{'test_acc': 0.8902758204147373, 'test_loss': 0.2990326112620375}
################Communication round : 74
client_indexes = [0]
client_indexes = [0]
@@@@@@@@@@@@@@@@ Training Client CM(74): 0
Client Index = 0	Epoch: 0	Loss: 0.343110
Client Index = 0	Epoch: 1	Loss: 0.342754
Client Index = 0	Epoch: 2	Loss: 0.346502
Client Index = 0	Epoch: 3	Loss: 0.339950
Client Index = 0	Epoch: 4	Loss: 0.334696
test acc on this client  8812 / 9934 : 69.10
################local_test_on_all_clients in communication round: 74
{'test_acc': 0.8870545600966379, 'test_loss': 0.30897950978497035}
################Communication round : 75
client_indexes = [0]
client_indexes = [0]
@@@@@@@@@@@@@@@@ Training Client CM(75): 0
Client Index = 0	Epoch: 0	Loss: 0.342077
Client Index = 0	Epoch: 1	Loss: 0.338296
Client Index = 0	Epoch: 2	Loss: 0.337122
Client Index = 0	Epoch: 3	Loss: 0.340655
Client Index = 0	Epoch: 4	Loss: 0.343227
test acc on this client  8811 / 9934 : 68.95
################local_test_on_all_clients in communication round: 75
{'test_acc': 0.8869538957116972, 'test_loss': 0.3030539378448826}
################Communication round : 76
client_indexes = [0]
client_indexes = [0]
@@@@@@@@@@@@@@@@ Training Client CM(76): 0
Client Index = 0	Epoch: 0	Loss: 0.338125
Client Index = 0	Epoch: 1	Loss: 0.346469
Client Index = 0	Epoch: 2	Loss: 0.337265
Client Index = 0	Epoch: 3	Loss: 0.346046
Client Index = 0	Epoch: 4	Loss: 0.344300
test acc on this client  8753 / 9934 : 68.72
################local_test_on_all_clients in communication round: 76
{'test_acc': 0.8811153613851419, 'test_loss': 0.3203442547105077}
################Communication round : 77
client_indexes = [0]
client_indexes = [0]
@@@@@@@@@@@@@@@@ Training Client CM(77): 0
Client Index = 0	Epoch: 0	Loss: 0.337719
Client Index = 0	Epoch: 1	Loss: 0.334772
Client Index = 0	Epoch: 2	Loss: 0.339020
Client Index = 0	Epoch: 3	Loss: 0.342577
Client Index = 0	Epoch: 4	Loss: 0.339126
test acc on this client  8785 / 9934 : 69.07
################local_test_on_all_clients in communication round: 77
{'test_acc': 0.8843366217032413, 'test_loss': 0.3179316633372137}
################Communication round : 78
client_indexes = [0]
client_indexes = [0]
@@@@@@@@@@@@@@@@ Training Client CM(78): 0
Client Index = 0	Epoch: 0	Loss: 0.341622
Client Index = 0	Epoch: 1	Loss: 0.338805
Client Index = 0	Epoch: 2	Loss: 0.334808
Client Index = 0	Epoch: 3	Loss: 0.342490
Client Index = 0	Epoch: 4	Loss: 0.340539
test acc on this client  8872 / 9934 : 69.71
################local_test_on_all_clients in communication round: 78
{'test_acc': 0.8930944231930743, 'test_loss': 0.2951184912739036}
################Communication round : 79
client_indexes = [0]
client_indexes = [0]
@@@@@@@@@@@@@@@@ Training Client CM(79): 0
Client Index = 0	Epoch: 0	Loss: 0.342253
Client Index = 0	Epoch: 1	Loss: 0.339244
Client Index = 0	Epoch: 2	Loss: 0.338749
Client Index = 0	Epoch: 3	Loss: 0.343524
Client Index = 0	Epoch: 4	Loss: 0.337357
test acc on this client  8863 / 9934 : 69.43
################local_test_on_all_clients in communication round: 79
{'test_acc': 0.8921884437286088, 'test_loss': 0.2998389112162163}
################Communication round : 80
client_indexes = [0]
client_indexes = [0]
@@@@@@@@@@@@@@@@ Training Client CM(80): 0
Client Index = 0	Epoch: 0	Loss: 0.338150
Client Index = 0	Epoch: 1	Loss: 0.336970
Client Index = 0	Epoch: 2	Loss: 0.338066
Client Index = 0	Epoch: 3	Loss: 0.342241
Client Index = 0	Epoch: 4	Loss: 0.337612
test acc on this client  8802 / 9934 : 69.36
################local_test_on_all_clients in communication round: 80
{'test_acc': 0.8860479162472318, 'test_loss': 0.3150991535244368}
################Communication round : 81
client_indexes = [0]
client_indexes = [0]
@@@@@@@@@@@@@@@@ Training Client CM(81): 0
Client Index = 0	Epoch: 0	Loss: 0.340166
Client Index = 0	Epoch: 1	Loss: 0.341860
Client Index = 0	Epoch: 2	Loss: 0.339268
Client Index = 0	Epoch: 3	Loss: 0.335773
Client Index = 0	Epoch: 4	Loss: 0.339729
test acc on this client  8820 / 9934 : 68.98
################local_test_on_all_clients in communication round: 81
{'test_acc': 0.8878598751761627, 'test_loss': 0.30637671893718665}
################Communication round : 82
client_indexes = [0]
client_indexes = [0]
@@@@@@@@@@@@@@@@ Training Client CM(82): 0
Client Index = 0	Epoch: 0	Loss: 0.339569
Client Index = 0	Epoch: 1	Loss: 0.334864
Client Index = 0	Epoch: 2	Loss: 0.337862
Client Index = 0	Epoch: 3	Loss: 0.338839
Client Index = 0	Epoch: 4	Loss: 0.337889
test acc on this client  8841 / 9934 : 69.52
################local_test_on_all_clients in communication round: 82
{'test_acc': 0.8899738272599155, 'test_loss': 0.30078785131941}
################Communication round : 83
client_indexes = [0]
client_indexes = [0]
@@@@@@@@@@@@@@@@ Training Client CM(83): 0
Client Index = 0	Epoch: 0	Loss: 0.336228
Client Index = 0	Epoch: 1	Loss: 0.336736
Client Index = 0	Epoch: 2	Loss: 0.331245
Client Index = 0	Epoch: 3	Loss: 0.338651
Client Index = 0	Epoch: 4	Loss: 0.335816
test acc on this client  8861 / 9934 : 69.39
################local_test_on_all_clients in communication round: 83
{'test_acc': 0.8919871149587276, 'test_loss': 0.30247895872602526}
################Communication round : 84
client_indexes = [0]
client_indexes = [0]
@@@@@@@@@@@@@@@@ Training Client CM(84): 0
Client Index = 0	Epoch: 0	Loss: 0.336142
Client Index = 0	Epoch: 1	Loss: 0.339028
Client Index = 0	Epoch: 2	Loss: 0.336525
Client Index = 0	Epoch: 3	Loss: 0.335979
Client Index = 0	Epoch: 4	Loss: 0.337296
test acc on this client  8848 / 9934 : 69.52
################local_test_on_all_clients in communication round: 84
{'test_acc': 0.8906784779544997, 'test_loss': 0.2991316019828732}
################Communication round : 85
client_indexes = [0]
client_indexes = [0]
@@@@@@@@@@@@@@@@ Training Client CM(85): 0
Client Index = 0	Epoch: 0	Loss: 0.333525
Client Index = 0	Epoch: 1	Loss: 0.337797
Client Index = 0	Epoch: 2	Loss: 0.339269
Client Index = 0	Epoch: 3	Loss: 0.341755
Client Index = 0	Epoch: 4	Loss: 0.334512
test acc on this client  8739 / 9934 : 68.55
################local_test_on_all_clients in communication round: 85
{'test_acc': 0.8797060599959734, 'test_loss': 0.31829257162135205}
################Communication round : 86
client_indexes = [0]
client_indexes = [0]
@@@@@@@@@@@@@@@@ Training Client CM(86): 0
Client Index = 0	Epoch: 0	Loss: 0.337484
Client Index = 0	Epoch: 1	Loss: 0.334818
Client Index = 0	Epoch: 2	Loss: 0.333873
Client Index = 0	Epoch: 3	Loss: 0.329334
Client Index = 0	Epoch: 4	Loss: 0.337677
test acc on this client  8640 / 9934 : 67.96
################local_test_on_all_clients in communication round: 86
{'test_acc': 0.8697402858868533, 'test_loss': 0.3411548498868702}
################Communication round : 87
client_indexes = [0]
client_indexes = [0]
@@@@@@@@@@@@@@@@ Training Client CM(87): 0
Client Index = 0	Epoch: 0	Loss: 0.337117
Client Index = 0	Epoch: 1	Loss: 0.333921
Client Index = 0	Epoch: 2	Loss: 0.333705
Client Index = 0	Epoch: 3	Loss: 0.335694
Client Index = 0	Epoch: 4	Loss: 0.334555
test acc on this client  8707 / 9934 : 68.05
################local_test_on_all_clients in communication round: 87
{'test_acc': 0.876484799677874, 'test_loss': 0.33731030548437274}
################Communication round : 88
client_indexes = [0]
client_indexes = [0]
@@@@@@@@@@@@@@@@ Training Client CM(88): 0
Client Index = 0	Epoch: 0	Loss: 0.338238
Client Index = 0	Epoch: 1	Loss: 0.336687
Client Index = 0	Epoch: 2	Loss: 0.338821
Client Index = 0	Epoch: 3	Loss: 0.336162
Client Index = 0	Epoch: 4	Loss: 0.339104
test acc on this client  8840 / 9934 : 69.47
################local_test_on_all_clients in communication round: 88
{'test_acc': 0.8898731628749749, 'test_loss': 0.3024914760164315}
################Communication round : 89
client_indexes = [0]
client_indexes = [0]
@@@@@@@@@@@@@@@@ Training Client CM(89): 0
Client Index = 0	Epoch: 0	Loss: 0.331602
Client Index = 0	Epoch: 1	Loss: 0.337049
Client Index = 0	Epoch: 2	Loss: 0.341445
Client Index = 0	Epoch: 3	Loss: 0.336230
Client Index = 0	Epoch: 4	Loss: 0.337425
test acc on this client  8633 / 9934 : 68.10
################local_test_on_all_clients in communication round: 89
{'test_acc': 0.869035635192269, 'test_loss': 0.34914891796198944}
################Communication round : 90
client_indexes = [0]
client_indexes = [0]
@@@@@@@@@@@@@@@@ Training Client CM(90): 0
Client Index = 0	Epoch: 0	Loss: 0.331897
Client Index = 0	Epoch: 1	Loss: 0.342429
Client Index = 0	Epoch: 2	Loss: 0.339341
Client Index = 0	Epoch: 3	Loss: 0.332264
Client Index = 0	Epoch: 4	Loss: 0.334099
test acc on this client  8829 / 9934 : 69.24
################local_test_on_all_clients in communication round: 90
{'test_acc': 0.8887658546406282, 'test_loss': 0.3019984972376158}
################Communication round : 91
client_indexes = [0]
client_indexes = [0]
@@@@@@@@@@@@@@@@ Training Client CM(91): 0
Client Index = 0	Epoch: 0	Loss: 0.333899
Client Index = 0	Epoch: 1	Loss: 0.337290
Client Index = 0	Epoch: 2	Loss: 0.330022
Client Index = 0	Epoch: 3	Loss: 0.333674
Client Index = 0	Epoch: 4	Loss: 0.336448
test acc on this client  8795 / 9934 : 69.22
################local_test_on_all_clients in communication round: 91
{'test_acc': 0.8853432655526474, 'test_loss': 0.3051071895340066}
################Communication round : 92
client_indexes = [0]
client_indexes = [0]
@@@@@@@@@@@@@@@@ Training Client CM(92): 0
Client Index = 0	Epoch: 0	Loss: 0.335232
Client Index = 0	Epoch: 1	Loss: 0.337839
Client Index = 0	Epoch: 2	Loss: 0.332833
Client Index = 0	Epoch: 3	Loss: 0.333033
Client Index = 0	Epoch: 4	Loss: 0.336647
test acc on this client  8761 / 9934 : 68.71
################local_test_on_all_clients in communication round: 92
{'test_acc': 0.8819206764646668, 'test_loss': 0.31588264833592017}
################Communication round : 93
client_indexes = [0]
client_indexes = [0]
@@@@@@@@@@@@@@@@ Training Client CM(93): 0
Client Index = 0	Epoch: 0	Loss: 0.341677
Client Index = 0	Epoch: 1	Loss: 0.334031
Client Index = 0	Epoch: 2	Loss: 0.328406
Client Index = 0	Epoch: 3	Loss: 0.336992
Client Index = 0	Epoch: 4	Loss: 0.333043
test acc on this client  8835 / 9934 : 69.43
################local_test_on_all_clients in communication round: 93
{'test_acc': 0.8893698409502718, 'test_loss': 0.30289272355294117}
################Communication round : 94
client_indexes = [0]
client_indexes = [0]
@@@@@@@@@@@@@@@@ Training Client CM(94): 0
Client Index = 0	Epoch: 0	Loss: 0.333275
Client Index = 0	Epoch: 1	Loss: 0.337723
Client Index = 0	Epoch: 2	Loss: 0.330273
Client Index = 0	Epoch: 3	Loss: 0.335305
Client Index = 0	Epoch: 4	Loss: 0.335288
test acc on this client  8824 / 9934 : 69.35
################local_test_on_all_clients in communication round: 94
{'test_acc': 0.8882625327159251, 'test_loss': 0.30796197435374423}
################Communication round : 95
client_indexes = [0]
client_indexes = [0]
@@@@@@@@@@@@@@@@ Training Client CM(95): 0
Client Index = 0	Epoch: 0	Loss: 0.332493
Client Index = 0	Epoch: 1	Loss: 0.333753
Client Index = 0	Epoch: 2	Loss: 0.336512
Client Index = 0	Epoch: 3	Loss: 0.332978
Client Index = 0	Epoch: 4	Loss: 0.332307
test acc on this client  8805 / 9934 : 69.31
################local_test_on_all_clients in communication round: 95
{'test_acc': 0.8863499094020536, 'test_loss': 0.30837607972334397}
################Communication round : 96
client_indexes = [0]
client_indexes = [0]
@@@@@@@@@@@@@@@@ Training Client CM(96): 0
Client Index = 0	Epoch: 0	Loss: 0.331717
Client Index = 0	Epoch: 1	Loss: 0.334492
Client Index = 0	Epoch: 2	Loss: 0.329353
Client Index = 0	Epoch: 3	Loss: 0.330776
Client Index = 0	Epoch: 4	Loss: 0.329436
test acc on this client  8801 / 9934 : 68.81
################local_test_on_all_clients in communication round: 96
{'test_acc': 0.8859472518622912, 'test_loss': 0.31168982139386375}
################Communication round : 97
client_indexes = [0]
client_indexes = [0]
@@@@@@@@@@@@@@@@ Training Client CM(97): 0
Client Index = 0	Epoch: 0	Loss: 0.332613
Client Index = 0	Epoch: 1	Loss: 0.329285
Client Index = 0	Epoch: 2	Loss: 0.332606
Client Index = 0	Epoch: 3	Loss: 0.329231
Client Index = 0	Epoch: 4	Loss: 0.334191
test acc on this client  8751 / 9934 : 69.12
################local_test_on_all_clients in communication round: 97
{'test_acc': 0.8809140326152607, 'test_loss': 0.31572312212623965}
################Communication round : 98
client_indexes = [0]
client_indexes = [0]
@@@@@@@@@@@@@@@@ Training Client CM(98): 0
Client Index = 0	Epoch: 0	Loss: 0.330362
Client Index = 0	Epoch: 1	Loss: 0.328989
Client Index = 0	Epoch: 2	Loss: 0.331477
Client Index = 0	Epoch: 3	Loss: 0.333233
Client Index = 0	Epoch: 4	Loss: 0.328020
test acc on this client  8852 / 9934 : 69.22
################local_test_on_all_clients in communication round: 98
{'test_acc': 0.8910811354942622, 'test_loss': 0.29929651440281924}
################Communication round : 99
client_indexes = [0]
client_indexes = [0]
@@@@@@@@@@@@@@@@ Training Client CM(99): 0
Client Index = 0	Epoch: 0	Loss: 0.334071
Client Index = 0	Epoch: 1	Loss: 0.330633
Client Index = 0	Epoch: 2	Loss: 0.330677
Client Index = 0	Epoch: 3	Loss: 0.339897
Client Index = 0	Epoch: 4	Loss: 0.331625
test acc on this client  8845 / 9934 : 69.21
################local_test_on_all_clients in communication round: 99
{'test_acc': 0.8903764847996779, 'test_loss': 0.2992174349693746}
