Namespace(active=1.0, anneal_factor=0.5, batch_size=128, ci=0, client_num_in_total=100, client_num_per_round=10, client_optimizer='sgd', comm_round=100, cs='full', data_dir='/Date/FL/DisPFL-master/data/', dataset='cifar10', dense_ratio=0.5, diff_spa=False, different_initial=True, dis_gradient_check=True, epochs=5, erk_power_scale=1, frac=0.1, frequency_of_the_test=1, global_test=False, gpu=0, identity='DisPFL-cifar10-dir0.3-mdlresnet18-csfull-ERK_init-diff_init-DST-cm100-total_clnt100-neighbor10-dr0.5-active1.0-seed0', lr=0.1, lr_decay=0.998, model='resnet18', momentum=0, partition_alpha=0.3, partition_method='dir', public_portion=0, record_mask_diff=False, save_masks=False, seed=0, static=False, strict_avg=False, tag='test', uniform=False, wd=0.0005)
cuda:0
*********partition data***************
train_num499  test_num107
client_idx = 0, local_sample_number = 499
train_num499  test_num105
client_idx = 1, local_sample_number = 499
train_num499  test_num103
client_idx = 2, local_sample_number = 499
train_num499  test_num105
client_idx = 3, local_sample_number = 499
train_num499  test_num104
client_idx = 4, local_sample_number = 499
train_num499  test_num106
client_idx = 5, local_sample_number = 499
train_num499  test_num104
client_idx = 6, local_sample_number = 499
train_num499  test_num105
client_idx = 7, local_sample_number = 499
train_num499  test_num104
client_idx = 8, local_sample_number = 499
train_num499  test_num107
client_idx = 9, local_sample_number = 499
train_num499  test_num106
client_idx = 10, local_sample_number = 499
train_num499  test_num105
client_idx = 11, local_sample_number = 499
train_num499  test_num103
client_idx = 12, local_sample_number = 499
train_num499  test_num104
client_idx = 13, local_sample_number = 499
train_num499  test_num104
client_idx = 14, local_sample_number = 499
train_num499  test_num104
client_idx = 15, local_sample_number = 499
train_num499  test_num105
client_idx = 16, local_sample_number = 499
train_num499  test_num105
client_idx = 17, local_sample_number = 499
train_num499  test_num103
client_idx = 18, local_sample_number = 499
train_num499  test_num106
client_idx = 19, local_sample_number = 499
train_num499  test_num105
client_idx = 20, local_sample_number = 499
train_num499  test_num106
client_idx = 21, local_sample_number = 499
train_num499  test_num104
client_idx = 22, local_sample_number = 499
train_num499  test_num106
client_idx = 23, local_sample_number = 499
train_num499  test_num105
client_idx = 24, local_sample_number = 499
train_num499  test_num104
client_idx = 25, local_sample_number = 499
train_num499  test_num103
client_idx = 26, local_sample_number = 499
train_num499  test_num103
client_idx = 27, local_sample_number = 499
train_num499  test_num105
client_idx = 28, local_sample_number = 499
train_num499  test_num102
client_idx = 29, local_sample_number = 499
train_num499  test_num106
client_idx = 30, local_sample_number = 499
train_num499  test_num105
client_idx = 31, local_sample_number = 499
train_num499  test_num104
client_idx = 32, local_sample_number = 499
train_num499  test_num105
client_idx = 33, local_sample_number = 499
train_num499  test_num106
client_idx = 34, local_sample_number = 499
train_num499  test_num105
client_idx = 35, local_sample_number = 499
train_num499  test_num106
client_idx = 36, local_sample_number = 499
train_num499  test_num105
client_idx = 37, local_sample_number = 499
train_num499  test_num104
client_idx = 38, local_sample_number = 499
train_num499  test_num104
client_idx = 39, local_sample_number = 499
train_num499  test_num106
client_idx = 40, local_sample_number = 499
train_num499  test_num106
client_idx = 41, local_sample_number = 499
train_num499  test_num104
client_idx = 42, local_sample_number = 499
train_num499  test_num103
client_idx = 43, local_sample_number = 499
train_num499  test_num106
client_idx = 44, local_sample_number = 499
train_num499  test_num105
client_idx = 45, local_sample_number = 499
train_num499  test_num104
client_idx = 46, local_sample_number = 499
train_num499  test_num105
client_idx = 47, local_sample_number = 499
train_num499  test_num104
client_idx = 48, local_sample_number = 499
train_num499  test_num104
client_idx = 49, local_sample_number = 499
train_num499  test_num106
client_idx = 50, local_sample_number = 499
train_num499  test_num104
client_idx = 51, local_sample_number = 499
train_num499  test_num105
client_idx = 52, local_sample_number = 499
train_num499  test_num103
client_idx = 53, local_sample_number = 499
train_num499  test_num105
client_idx = 54, local_sample_number = 499
train_num499  test_num104
client_idx = 55, local_sample_number = 499
train_num499  test_num103
client_idx = 56, local_sample_number = 499
train_num499  test_num105
client_idx = 57, local_sample_number = 499
train_num499  test_num105
client_idx = 58, local_sample_number = 499
train_num499  test_num105
client_idx = 59, local_sample_number = 499
train_num499  test_num106
client_idx = 60, local_sample_number = 499
train_num499  test_num104
client_idx = 61, local_sample_number = 499
train_num499  test_num104
client_idx = 62, local_sample_number = 499
train_num499  test_num104
client_idx = 63, local_sample_number = 499
train_num499  test_num103
client_idx = 64, local_sample_number = 499
train_num499  test_num106
client_idx = 65, local_sample_number = 499
train_num499  test_num104
client_idx = 66, local_sample_number = 499
train_num499  test_num106
client_idx = 67, local_sample_number = 499
train_num499  test_num106
client_idx = 68, local_sample_number = 499
train_num499  test_num104
client_idx = 69, local_sample_number = 499
train_num499  test_num105
client_idx = 70, local_sample_number = 499
train_num499  test_num105
client_idx = 71, local_sample_number = 499
train_num499  test_num103
client_idx = 72, local_sample_number = 499
train_num499  test_num105
client_idx = 73, local_sample_number = 499
train_num499  test_num104
client_idx = 74, local_sample_number = 499
train_num499  test_num103
client_idx = 75, local_sample_number = 499
train_num499  test_num105
client_idx = 76, local_sample_number = 499
train_num499  test_num106
client_idx = 77, local_sample_number = 499
train_num499  test_num103
client_idx = 78, local_sample_number = 499
train_num499  test_num104
client_idx = 79, local_sample_number = 499
train_num499  test_num104
client_idx = 80, local_sample_number = 499
train_num499  test_num105
client_idx = 81, local_sample_number = 499
train_num499  test_num105
client_idx = 82, local_sample_number = 499
train_num499  test_num104
client_idx = 83, local_sample_number = 499
train_num499  test_num105
client_idx = 84, local_sample_number = 499
train_num499  test_num105
client_idx = 85, local_sample_number = 499
train_num499  test_num104
client_idx = 86, local_sample_number = 499
train_num499  test_num106
client_idx = 87, local_sample_number = 499
train_num499  test_num106
client_idx = 88, local_sample_number = 499
train_num499  test_num103
client_idx = 89, local_sample_number = 499
train_num499  test_num105
client_idx = 90, local_sample_number = 499
train_num499  test_num105
client_idx = 91, local_sample_number = 499
train_num499  test_num104
client_idx = 92, local_sample_number = 499
train_num499  test_num105
client_idx = 93, local_sample_number = 499
train_num499  test_num104
client_idx = 94, local_sample_number = 499
train_num499  test_num104
client_idx = 95, local_sample_number = 499
train_num499  test_num106
client_idx = 96, local_sample_number = 499
train_num499  test_num105
client_idx = 97, local_sample_number = 499
train_num499  test_num104
client_idx = 98, local_sample_number = 499
train_num499  test_num107
client_idx = 99, local_sample_number = 499
DATA Partition: Train [21, 0, 46, 45, 1, 55, 30, 62, 217, 22]; Test [5, 0, 10, 10, 1, 12, 7, 13, 44, 5]
DATA Partition: Train [153, 0, 60, 2, 0, 0, 97, 7, 65, 115]; Test [31, 0, 13, 1, 0, 0, 20, 2, 14, 24]
DATA Partition: Train [279, 0, 0, 35, 7, 0, 9, 134, 9, 26]; Test [56, 0, 0, 8, 2, 0, 2, 27, 2, 6]
DATA Partition: Train [28, 2, 167, 2, 1, 45, 18, 0, 128, 108]; Test [6, 1, 34, 1, 1, 10, 4, 0, 26, 22]
DATA Partition: Train [49, 0, 2, 33, 46, 3, 0, 363, 2, 1]; Test [10, 0, 1, 7, 10, 1, 0, 73, 1, 1]
DATA Partition: Train [8, 1, 118, 15, 58, 28, 0, 6, 60, 205]; Test [2, 1, 24, 4, 12, 6, 0, 2, 13, 42]
DATA Partition: Train [16, 2, 0, 18, 2, 0, 250, 2, 0, 209]; Test [4, 1, 0, 4, 1, 0, 51, 1, 0, 42]
DATA Partition: Train [20, 2, 2, 10, 4, 104, 3, 0, 241, 113]; Test [5, 1, 1, 3, 1, 21, 1, 0, 49, 23]
DATA Partition: Train [10, 23, 0, 0, 148, 56, 242, 8, 0, 12]; Test [3, 5, 0, 0, 30, 12, 49, 2, 0, 3]
DATA Partition: Train [110, 3, 1, 0, 221, 6, 41, 15, 36, 66]; Test [23, 1, 1, 0, 45, 2, 9, 4, 8, 14]
DATA Partition: Train [14, 18, 2, 6, 2, 32, 122, 70, 176, 57]; Test [3, 4, 1, 2, 1, 7, 25, 15, 36, 12]
DATA Partition: Train [45, 0, 42, 7, 69, 204, 60, 57, 15, 0]; Test [10, 0, 9, 2, 14, 41, 13, 12, 4, 0]
DATA Partition: Train [16, 0, 21, 0, 62, 0, 368, 32, 0, 0]; Test [4, 0, 5, 0, 13, 0, 74, 7, 0, 0]
DATA Partition: Train [2, 0, 0, 331, 14, 74, 47, 1, 0, 30]; Test [1, 0, 0, 67, 3, 15, 10, 1, 0, 7]
DATA Partition: Train [13, 19, 2, 0, 52, 253, 2, 1, 129, 28]; Test [3, 4, 1, 0, 11, 51, 1, 1, 26, 6]
DATA Partition: Train [4, 4, 2, 12, 115, 24, 27, 274, 37, 0]; Test [1, 1, 1, 3, 24, 5, 6, 55, 8, 0]
DATA Partition: Train [0, 0, 2, 298, 1, 175, 10, 11, 0, 2]; Test [0, 0, 1, 60, 1, 36, 3, 3, 0, 1]
DATA Partition: Train [32, 9, 165, 4, 0, 130, 46, 0, 58, 55]; Test [7, 2, 34, 1, 0, 27, 10, 0, 12, 12]
DATA Partition: Train [0, 0, 61, 0, 0, 167, 6, 118, 147, 0]; Test [0, 0, 13, 0, 0, 34, 2, 24, 30, 0]
DATA Partition: Train [26, 36, 11, 13, 0, 26, 294, 15, 7, 71]; Test [6, 8, 3, 3, 0, 6, 59, 4, 2, 15]
DATA Partition: Train [0, 345, 1, 7, 1, 23, 0, 0, 56, 66]; Test [0, 70, 1, 2, 1, 5, 0, 0, 12, 14]
DATA Partition: Train [18, 26, 25, 3, 157, 16, 61, 62, 0, 131]; Test [4, 6, 6, 1, 32, 4, 13, 13, 0, 27]
DATA Partition: Train [8, 3, 18, 322, 81, 11, 0, 12, 44, 0]; Test [2, 1, 4, 65, 17, 3, 0, 3, 9, 0]
DATA Partition: Train [26, 107, 7, 37, 169, 27, 1, 108, 6, 11]; Test [6, 22, 2, 8, 34, 6, 1, 22, 2, 3]
DATA Partition: Train [14, 0, 12, 73, 112, 18, 146, 106, 1, 17]; Test [3, 0, 3, 15, 23, 4, 30, 22, 1, 4]
DATA Partition: Train [0, 0, 109, 245, 51, 33, 0, 53, 7, 1]; Test [0, 0, 22, 50, 11, 7, 0, 11, 2, 1]
DATA Partition: Train [3, 9, 0, 0, 263, 2, 24, 16, 182, 0]; Test [1, 2, 0, 0, 53, 1, 5, 4, 37, 0]
DATA Partition: Train [29, 134, 188, 37, 28, 79, 3, 1, 0, 0]; Test [6, 27, 38, 8, 6, 16, 1, 1, 0, 0]
DATA Partition: Train [51, 136, 0, 61, 13, 11, 26, 4, 29, 168]; Test [11, 28, 0, 13, 3, 3, 6, 1, 6, 34]
DATA Partition: Train [64, 2, 204, 9, 104, 0, 93, 0, 4, 19]; Test [13, 1, 41, 2, 21, 0, 19, 0, 1, 4]
DATA Partition: Train [20, 183, 1, 1, 0, 31, 23, 179, 56, 5]; Test [5, 37, 1, 1, 0, 7, 5, 36, 12, 2]
DATA Partition: Train [2, 0, 0, 83, 12, 1, 3, 140, 101, 157]; Test [1, 0, 0, 17, 3, 1, 1, 29, 21, 32]
DATA Partition: Train [163, 4, 5, 0, 7, 48, 2, 104, 0, 166]; Test [33, 1, 2, 0, 2, 10, 1, 21, 0, 34]
DATA Partition: Train [0, 0, 195, 1, 42, 0, 77, 170, 11, 3]; Test [0, 0, 40, 1, 9, 0, 16, 35, 3, 1]
DATA Partition: Train [10, 200, 45, 24, 97, 72, 0, 12, 7, 32]; Test [3, 41, 10, 5, 20, 15, 0, 3, 2, 7]
DATA Partition: Train [101, 4, 56, 0, 108, 0, 1, 142, 82, 5]; Test [21, 1, 12, 0, 22, 0, 1, 29, 17, 2]
DATA Partition: Train [84, 38, 10, 25, 93, 222, 7, 13, 2, 5]; Test [17, 8, 3, 6, 19, 45, 2, 3, 1, 2]
DATA Partition: Train [1, 0, 14, 108, 109, 1, 1, 0, 25, 240]; Test [1, 0, 3, 22, 22, 1, 1, 0, 6, 49]
DATA Partition: Train [2, 0, 3, 10, 0, 254, 12, 1, 158, 59]; Test [1, 0, 1, 3, 0, 51, 3, 1, 32, 12]
DATA Partition: Train [293, 145, 0, 0, 3, 44, 1, 11, 0, 2]; Test [59, 30, 0, 0, 1, 9, 1, 3, 0, 1]
DATA Partition: Train [2, 0, 11, 25, 2, 68, 54, 21, 246, 70]; Test [1, 0, 3, 6, 1, 14, 11, 5, 50, 15]
DATA Partition: Train [2, 0, 2, 60, 0, 107, 26, 5, 40, 257]; Test [1, 0, 1, 13, 0, 22, 6, 2, 9, 52]
DATA Partition: Train [10, 76, 68, 0, 0, 257, 0, 8, 6, 74]; Test [3, 16, 14, 0, 0, 52, 0, 2, 2, 15]
DATA Partition: Train [10, 0, 114, 0, 277, 3, 51, 0, 0, 44]; Test [3, 0, 23, 0, 56, 1, 11, 0, 0, 9]
DATA Partition: Train [6, 5, 26, 2, 11, 40, 299, 48, 62, 0]; Test [2, 2, 6, 1, 3, 9, 60, 10, 13, 0]
DATA Partition: Train [0, 210, 25, 186, 49, 1, 0, 1, 0, 27]; Test [0, 43, 6, 38, 10, 1, 0, 1, 0, 6]
DATA Partition: Train [0, 7, 160, 7, 0, 53, 0, 91, 168, 13]; Test [0, 2, 33, 2, 0, 11, 0, 19, 34, 3]
DATA Partition: Train [19, 6, 41, 36, 0, 77, 206, 103, 2, 9]; Test [4, 2, 9, 8, 0, 16, 42, 21, 1, 2]
DATA Partition: Train [88, 0, 6, 248, 66, 39, 0, 0, 50, 2]; Test [18, 0, 2, 50, 14, 8, 0, 0, 11, 1]
DATA Partition: Train [77, 289, 111, 8, 1, 0, 1, 0, 12, 0]; Test [16, 58, 23, 2, 1, 0, 1, 0, 3, 0]
DATA Partition: Train [2, 79, 16, 70, 3, 8, 30, 3, 12, 276]; Test [1, 16, 4, 15, 1, 2, 7, 1, 3, 56]
DATA Partition: Train [113, 119, 53, 71, 64, 67, 9, 0, 1, 2]; Test [23, 24, 11, 15, 13, 14, 2, 0, 1, 1]
DATA Partition: Train [0, 3, 86, 0, 126, 17, 33, 128, 5, 101]; Test [0, 1, 18, 0, 26, 4, 7, 26, 2, 21]
DATA Partition: Train [169, 73, 0, 92, 0, 39, 38, 84, 3, 1]; Test [34, 15, 0, 19, 0, 8, 8, 17, 1, 1]
DATA Partition: Train [120, 88, 0, 17, 4, 8, 0, 165, 90, 7]; Test [25, 18, 0, 4, 1, 2, 0, 34, 19, 2]
DATA Partition: Train [39, 148, 31, 0, 0, 1, 180, 49, 51, 0]; Test [8, 30, 7, 0, 0, 1, 37, 10, 11, 0]
DATA Partition: Train [0, 2, 232, 19, 141, 4, 0, 0, 101, 0]; Test [0, 1, 47, 4, 29, 1, 0, 0, 21, 0]
DATA Partition: Train [13, 1, 3, 0, 11, 52, 233, 97, 34, 55]; Test [3, 1, 1, 0, 3, 11, 47, 20, 7, 12]
DATA Partition: Train [17, 11, 114, 8, 5, 3, 124, 23, 66, 128]; Test [4, 3, 23, 2, 2, 1, 25, 5, 14, 26]
DATA Partition: Train [1, 12, 98, 287, 9, 53, 2, 31, 0, 6]; Test [1, 3, 20, 58, 2, 11, 1, 7, 0, 2]
DATA Partition: Train [15, 52, 143, 0, 1, 167, 52, 32, 21, 16]; Test [4, 11, 29, 0, 1, 34, 11, 7, 5, 4]
DATA Partition: Train [0, 0, 12, 1, 270, 89, 0, 6, 67, 54]; Test [0, 0, 3, 1, 55, 18, 0, 2, 14, 11]
DATA Partition: Train [7, 38, 15, 94, 0, 49, 0, 187, 17, 92]; Test [2, 8, 4, 19, 0, 10, 0, 38, 4, 19]
DATA Partition: Train [109, 15, 0, 14, 165, 6, 71, 119, 0, 0]; Test [22, 4, 0, 3, 34, 2, 15, 24, 0, 0]
DATA Partition: Train [354, 51, 0, 28, 0, 24, 36, 3, 0, 3]; Test [71, 11, 0, 6, 0, 5, 8, 1, 0, 1]
DATA Partition: Train [26, 38, 32, 90, 55, 3, 0, 5, 107, 143]; Test [6, 8, 7, 19, 12, 1, 0, 2, 22, 29]
DATA Partition: Train [4, 49, 62, 11, 65, 3, 0, 19, 97, 189]; Test [1, 10, 13, 3, 14, 1, 0, 4, 20, 38]
DATA Partition: Train [15, 0, 9, 120, 2, 51, 197, 3, 1, 101]; Test [4, 0, 2, 25, 1, 11, 40, 1, 1, 21]
DATA Partition: Train [71, 23, 22, 27, 5, 0, 96, 2, 213, 40]; Test [15, 5, 5, 6, 2, 0, 20, 1, 43, 9]
DATA Partition: Train [0, 50, 127, 3, 1, 153, 148, 0, 0, 17]; Test [0, 11, 26, 1, 1, 31, 30, 0, 0, 4]
DATA Partition: Train [294, 176, 2, 14, 5, 6, 0, 1, 1, 0]; Test [59, 36, 1, 3, 2, 2, 0, 1, 1, 0]
DATA Partition: Train [191, 0, 5, 0, 0, 10, 20, 216, 53, 4]; Test [39, 0, 2, 0, 0, 3, 5, 44, 11, 1]
DATA Partition: Train [242, 0, 1, 33, 79, 0, 143, 0, 1, 0]; Test [49, 0, 1, 7, 16, 0, 29, 0, 1, 0]
DATA Partition: Train [0, 79, 42, 51, 30, 3, 12, 0, 121, 161]; Test [0, 16, 9, 11, 7, 1, 3, 0, 25, 33]
DATA Partition: Train [11, 77, 113, 0, 64, 91, 92, 22, 0, 29]; Test [3, 16, 23, 0, 13, 19, 19, 5, 0, 6]
DATA Partition: Train [34, 202, 53, 23, 64, 0, 29, 93, 0, 1]; Test [7, 41, 11, 5, 13, 0, 6, 19, 0, 1]
DATA Partition: Train [6, 113, 20, 202, 80, 0, 51, 24, 3, 0]; Test [2, 23, 5, 41, 17, 0, 11, 5, 1, 0]
DATA Partition: Train [3, 123, 5, 95, 13, 2, 5, 188, 64, 1]; Test [1, 25, 2, 20, 3, 1, 2, 38, 13, 1]
DATA Partition: Train [2, 0, 12, 52, 0, 156, 0, 0, 63, 214]; Test [1, 0, 3, 11, 0, 32, 0, 0, 13, 43]
DATA Partition: Train [0, 42, 0, 77, 24, 30, 151, 171, 0, 4]; Test [0, 9, 0, 16, 5, 7, 31, 35, 0, 1]
DATA Partition: Train [6, 41, 7, 0, 1, 434, 0, 0, 10, 0]; Test [2, 9, 2, 0, 1, 87, 0, 0, 3, 0]
DATA Partition: Train [0, 80, 1, 67, 0, 55, 72, 35, 0, 189]; Test [0, 17, 1, 14, 0, 12, 15, 8, 0, 38]
DATA Partition: Train [8, 1, 77, 27, 1, 46, 0, 0, 328, 11]; Test [2, 1, 16, 6, 1, 10, 0, 0, 66, 3]
DATA Partition: Train [122, 8, 44, 0, 0, 18, 67, 70, 126, 44]; Test [25, 2, 9, 0, 0, 4, 14, 15, 26, 9]
DATA Partition: Train [187, 109, 3, 47, 10, 0, 61, 55, 0, 27]; Test [38, 22, 1, 10, 3, 0, 13, 12, 0, 6]
DATA Partition: Train [148, 4, 76, 23, 0, 106, 66, 14, 2, 60]; Test [30, 1, 16, 5, 0, 22, 14, 3, 1, 13]
DATA Partition: Train [278, 3, 6, 13, 112, 4, 57, 7, 0, 19]; Test [56, 1, 2, 3, 23, 1, 12, 2, 0, 4]
DATA Partition: Train [83, 17, 166, 90, 75, 9, 7, 6, 27, 19]; Test [17, 4, 34, 19, 16, 2, 2, 2, 6, 4]
DATA Partition: Train [1, 26, 298, 43, 26, 0, 2, 71, 30, 2]; Test [1, 6, 60, 9, 6, 0, 1, 15, 7, 1]
DATA Partition: Train [67, 0, 189, 4, 56, 0, 45, 0, 0, 138]; Test [14, 0, 38, 1, 12, 0, 10, 0, 0, 28]
DATA Partition: Train [0, 70, 35, 174, 134, 17, 0, 65, 3, 1]; Test [0, 15, 8, 35, 27, 4, 0, 14, 1, 1]
DATA Partition: Train [30, 43, 8, 117, 0, 5, 0, 42, 221, 33]; Test [7, 9, 2, 24, 0, 2, 0, 9, 45, 7]
DATA Partition: Train [82, 14, 145, 206, 18, 8, 0, 0, 2, 24]; Test [17, 3, 30, 42, 4, 2, 0, 0, 1, 5]
DATA Partition: Train [14, 160, 157, 3, 3, 15, 0, 0, 137, 10]; Test [3, 33, 32, 1, 1, 4, 0, 0, 28, 3]
DATA Partition: Train [4, 20, 3, 1, 338, 0, 7, 114, 9, 3]; Test [1, 5, 1, 1, 68, 0, 2, 23, 2, 1]
DATA Partition: Train [4, 84, 26, 92, 0, 52, 2, 18, 202, 19]; Test [1, 17, 6, 19, 0, 11, 1, 4, 41, 4]
DATA Partition: Train [26, 183, 25, 131, 12, 67, 0, 15, 19, 21]; Test [6, 37, 6, 27, 3, 14, 0, 4, 4, 5]
DATA Partition: Train [84, 37, 27, 0, 131, 144, 16, 44, 5, 11]; Test [17, 8, 6, 0, 27, 29, 4, 9, 2, 3]
DATA Partition: Train [9, 216, 19, 8, 32, 0, 43, 171, 1, 0]; Test [2, 44, 4, 2, 7, 0, 9, 35, 1, 0]
DATA Partition: Train [40, 172, 219, 6, 6, 5, 13, 15, 2, 21]; Test [9, 35, 44, 2, 2, 2, 3, 4, 1, 5]
ResNet(
  (conv1): Conv2d(3, 64, kernel_size=(3, 3), stride=(1, 1), padding=(1, 1), bias=False)
  (bn1): GroupNorm(32, 64, eps=1e-05, affine=True)
  (layer1): Sequential(
    (0): BasicBlock(
      (conv1): Conv2d(64, 64, kernel_size=(3, 3), stride=(1, 1), padding=(1, 1), bias=False)
      (bn1): GroupNorm(32, 64, eps=1e-05, affine=True)
      (conv2): Conv2d(64, 64, kernel_size=(3, 3), stride=(1, 1), padding=(1, 1), bias=False)
      (bn2): GroupNorm(32, 64, eps=1e-05, affine=True)
      (shortcut): Sequential()
    )
    (1): BasicBlock(
      (conv1): Conv2d(64, 64, kernel_size=(3, 3), stride=(1, 1), padding=(1, 1), bias=False)
      (bn1): GroupNorm(32, 64, eps=1e-05, affine=True)
      (conv2): Conv2d(64, 64, kernel_size=(3, 3), stride=(1, 1), padding=(1, 1), bias=False)
      (bn2): GroupNorm(32, 64, eps=1e-05, affine=True)
      (shortcut): Sequential()
    )
  )
  (layer2): Sequential(
    (0): BasicBlock(
      (conv1): Conv2d(64, 128, kernel_size=(3, 3), stride=(2, 2), padding=(1, 1), bias=False)
      (bn1): GroupNorm(32, 128, eps=1e-05, affine=True)
      (conv2): Conv2d(128, 128, kernel_size=(3, 3), stride=(1, 1), padding=(1, 1), bias=False)
      (bn2): GroupNorm(32, 128, eps=1e-05, affine=True)
      (shortcut): Sequential(
        (0): Conv2d(64, 128, kernel_size=(1, 1), stride=(2, 2), bias=False)
        (1): GroupNorm(32, 128, eps=1e-05, affine=True)
      )
    )
    (1): BasicBlock(
      (conv1): Conv2d(128, 128, kernel_size=(3, 3), stride=(1, 1), padding=(1, 1), bias=False)
      (bn1): GroupNorm(32, 128, eps=1e-05, affine=True)
      (conv2): Conv2d(128, 128, kernel_size=(3, 3), stride=(1, 1), padding=(1, 1), bias=False)
      (bn2): GroupNorm(32, 128, eps=1e-05, affine=True)
      (shortcut): Sequential()
    )
  )
  (layer3): Sequential(
    (0): BasicBlock(
      (conv1): Conv2d(128, 256, kernel_size=(3, 3), stride=(2, 2), padding=(1, 1), bias=False)
      (bn1): GroupNorm(32, 256, eps=1e-05, affine=True)
      (conv2): Conv2d(256, 256, kernel_size=(3, 3), stride=(1, 1), padding=(1, 1), bias=False)
      (bn2): GroupNorm(32, 256, eps=1e-05, affine=True)
      (shortcut): Sequential(
        (0): Conv2d(128, 256, kernel_size=(1, 1), stride=(2, 2), bias=False)
        (1): GroupNorm(32, 256, eps=1e-05, affine=True)
      )
    )
    (1): BasicBlock(
      (conv1): Conv2d(256, 256, kernel_size=(3, 3), stride=(1, 1), padding=(1, 1), bias=False)
      (bn1): GroupNorm(32, 256, eps=1e-05, affine=True)
      (conv2): Conv2d(256, 256, kernel_size=(3, 3), stride=(1, 1), padding=(1, 1), bias=False)
      (bn2): GroupNorm(32, 256, eps=1e-05, affine=True)
      (shortcut): Sequential()
    )
  )
  (layer4): Sequential(
    (0): BasicBlock(
      (conv1): Conv2d(256, 512, kernel_size=(3, 3), stride=(2, 2), padding=(1, 1), bias=False)
      (bn1): GroupNorm(32, 512, eps=1e-05, affine=True)
      (conv2): Conv2d(512, 512, kernel_size=(3, 3), stride=(1, 1), padding=(1, 1), bias=False)
      (bn2): GroupNorm(32, 512, eps=1e-05, affine=True)
      (shortcut): Sequential(
        (0): Conv2d(256, 512, kernel_size=(1, 1), stride=(2, 2), bias=False)
        (1): GroupNorm(32, 512, eps=1e-05, affine=True)
      )
    )
    (1): BasicBlock(
      (conv1): Conv2d(512, 512, kernel_size=(3, 3), stride=(1, 1), padding=(1, 1), bias=False)
      (bn1): GroupNorm(32, 512, eps=1e-05, affine=True)
      (conv2): Conv2d(512, 512, kernel_size=(3, 3), stride=(1, 1), padding=(1, 1), bias=False)
      (bn2): GroupNorm(32, 512, eps=1e-05, affine=True)
      (shortcut): Sequential()
    )
  )
  (linear): Linear(in_features=512, out_features=10, bias=True)
)
############setup_clients (START)#############
self.local_sample_number = 499
self.local_sample_number = 499
self.local_sample_number = 499
self.local_sample_number = 499
self.local_sample_number = 499
self.local_sample_number = 499
self.local_sample_number = 499
self.local_sample_number = 499
self.local_sample_number = 499
self.local_sample_number = 499
self.local_sample_number = 499
self.local_sample_number = 499
self.local_sample_number = 499
self.local_sample_number = 499
self.local_sample_number = 499
self.local_sample_number = 499
self.local_sample_number = 499
self.local_sample_number = 499
self.local_sample_number = 499
self.local_sample_number = 499
self.local_sample_number = 499
self.local_sample_number = 499
self.local_sample_number = 499
self.local_sample_number = 499
self.local_sample_number = 499
self.local_sample_number = 499
self.local_sample_number = 499
self.local_sample_number = 499
self.local_sample_number = 499
self.local_sample_number = 499
self.local_sample_number = 499
self.local_sample_number = 499
self.local_sample_number = 499
self.local_sample_number = 499
self.local_sample_number = 499
self.local_sample_number = 499
self.local_sample_number = 499
self.local_sample_number = 499
self.local_sample_number = 499
self.local_sample_number = 499
self.local_sample_number = 499
self.local_sample_number = 499
self.local_sample_number = 499
self.local_sample_number = 499
self.local_sample_number = 499
self.local_sample_number = 499
self.local_sample_number = 499
self.local_sample_number = 499
self.local_sample_number = 499
self.local_sample_number = 499
self.local_sample_number = 499
self.local_sample_number = 499
self.local_sample_number = 499
self.local_sample_number = 499
self.local_sample_number = 499
self.local_sample_number = 499
self.local_sample_number = 499
self.local_sample_number = 499
self.local_sample_number = 499
self.local_sample_number = 499
self.local_sample_number = 499
self.local_sample_number = 499
self.local_sample_number = 499
self.local_sample_number = 499
self.local_sample_number = 499
self.local_sample_number = 499
self.local_sample_number = 499
self.local_sample_number = 499
self.local_sample_number = 499
self.local_sample_number = 499
self.local_sample_number = 499
self.local_sample_number = 499
self.local_sample_number = 499
self.local_sample_number = 499
self.local_sample_number = 499
self.local_sample_number = 499
self.local_sample_number = 499
self.local_sample_number = 499
self.local_sample_number = 499
self.local_sample_number = 499
self.local_sample_number = 499
self.local_sample_number = 499
self.local_sample_number = 499
self.local_sample_number = 499
self.local_sample_number = 499
self.local_sample_number = 499
self.local_sample_number = 499
self.local_sample_number = 499
self.local_sample_number = 499
self.local_sample_number = 499
self.local_sample_number = 499
self.local_sample_number = 499
self.local_sample_number = 499
self.local_sample_number = 499
self.local_sample_number = 499
self.local_sample_number = 499
self.local_sample_number = 499
self.local_sample_number = 499
self.local_sample_number = 499
self.local_sample_number = 499
############setup_clients (END)#############
initialize by ERK
################Communication round : 0
@@@@@@@@@@@@@@@@ Training Client CM(0) with spasity 0.5: 0
local mask changes: 0.0 / 11173962
