Namespace(batch_size=128, ci=0, client_num_in_total=20, client_num_per_round=2, client_optimizer='sgd', comm_round=100, data_dir='/Date/FL/DisPFL-master/data/', dataset='cifar10', epochs=5, frac=0.1, frequency_of_the_test=1, gpu=0, identity='fedavg-dir0.3-mdlresnet18-cm100-total_clnt20-neighbor2-seed1102', lr=0.1, lr_decay=0.998, model='resnet18', momentum=0, partition_alpha=0.3, partition_method='dir', seed=1102, tag='test', wd=0.0005)
cuda:0
running at devicecuda:0
*********partition data***************
train_num2500  test_num503
client_idx = 0, local_sample_number = 2500
train_num2500  test_num503
client_idx = 1, local_sample_number = 2500
train_num2500  test_num504
client_idx = 2, local_sample_number = 2500
train_num2500  test_num504
client_idx = 3, local_sample_number = 2500
train_num2500  test_num504
client_idx = 4, local_sample_number = 2500
train_num2500  test_num503
client_idx = 5, local_sample_number = 2500
train_num2500  test_num505
client_idx = 6, local_sample_number = 2500
train_num2500  test_num504
client_idx = 7, local_sample_number = 2500
train_num2500  test_num504
client_idx = 8, local_sample_number = 2500
train_num2500  test_num506
client_idx = 9, local_sample_number = 2500
train_num2500  test_num503
client_idx = 10, local_sample_number = 2500
train_num2500  test_num505
client_idx = 11, local_sample_number = 2500
train_num2500  test_num504
client_idx = 12, local_sample_number = 2500
train_num2500  test_num505
client_idx = 13, local_sample_number = 2500
train_num2500  test_num503
client_idx = 14, local_sample_number = 2500
train_num2500  test_num503
client_idx = 15, local_sample_number = 2500
train_num2500  test_num504
client_idx = 16, local_sample_number = 2500
train_num2500  test_num503
client_idx = 17, local_sample_number = 2500
train_num2500  test_num503
client_idx = 18, local_sample_number = 2500
train_num2500  test_num503
client_idx = 19, local_sample_number = 2500
DATA Partition: Train [462, 495, 64, 124, 444, 9, 33, 831, 0, 38]; Test [93, 99, 13, 25, 89, 2, 7, 167, 0, 8]
DATA Partition: Train [45, 186, 119, 12, 0, 595, 40, 56, 35, 1412]; Test [9, 38, 24, 3, 0, 119, 8, 12, 7, 283]
DATA Partition: Train [126, 1582, 51, 74, 125, 8, 73, 422, 0, 39]; Test [26, 317, 11, 15, 25, 2, 15, 85, 0, 8]
DATA Partition: Train [713, 819, 31, 15, 50, 488, 22, 1, 282, 79]; Test [143, 164, 7, 3, 10, 98, 5, 1, 57, 16]
DATA Partition: Train [501, 131, 390, 43, 0, 0, 577, 527, 255, 76]; Test [101, 27, 78, 9, 0, 0, 116, 106, 51, 16]
DATA Partition: Train [57, 72, 187, 889, 114, 54, 177, 0, 900, 50]; Test [12, 15, 38, 178, 23, 11, 36, 0, 180, 10]
DATA Partition: Train [682, 447, 57, 141, 141, 145, 380, 432, 29, 46]; Test [137, 90, 12, 29, 29, 29, 76, 87, 6, 10]
DATA Partition: Train [54, 1, 286, 287, 59, 629, 33, 780, 72, 299]; Test [11, 1, 58, 58, 12, 126, 7, 156, 15, 60]
DATA Partition: Train [34, 73, 21, 22, 9, 7, 1125, 1193, 1, 15]; Test [7, 15, 5, 5, 2, 2, 225, 239, 1, 3]
DATA Partition: Train [142, 16, 167, 508, 912, 44, 67, 1, 602, 41]; Test [29, 4, 34, 102, 183, 9, 14, 1, 121, 9]
DATA Partition: Train [954, 9, 459, 368, 100, 1, 198, 0, 318, 93]; Test [191, 2, 92, 74, 20, 1, 40, 0, 64, 19]
DATA Partition: Train [138, 16, 0, 16, 26, 562, 18, 48, 467, 1209]; Test [28, 4, 0, 4, 6, 113, 4, 10, 94, 242]
DATA Partition: Train [112, 8, 332, 101, 1095, 0, 270, 148, 408, 26]; Test [23, 2, 67, 21, 219, 0, 54, 30, 82, 6]
DATA Partition: Train [396, 86, 1297, 47, 42, 0, 248, 27, 177, 180]; Test [80, 18, 260, 10, 9, 0, 50, 6, 36, 36]
DATA Partition: Train [107, 134, 895, 0, 86, 599, 448, 3, 39, 189]; Test [22, 27, 179, 0, 18, 120, 90, 1, 8, 38]
DATA Partition: Train [56, 186, 0, 260, 205, 1443, 68, 0, 282, 0]; Test [12, 38, 0, 52, 41, 289, 14, 0, 57, 0]
DATA Partition: Train [107, 48, 0, 709, 891, 14, 433, 100, 196, 2]; Test [22, 10, 0, 142, 179, 3, 87, 20, 40, 1]
DATA Partition: Train [285, 273, 593, 58, 474, 269, 503, 43, 0, 2]; Test [57, 55, 119, 12, 95, 54, 101, 9, 0, 1]
DATA Partition: Train [27, 340, 24, 927, 214, 19, 98, 58, 49, 744]; Test [6, 68, 5, 186, 43, 4, 20, 12, 10, 149]
DATA Partition: Train [2, 78, 27, 399, 13, 114, 189, 330, 888, 460]; Test [1, 16, 6, 80, 3, 23, 38, 66, 178, 92]
create_model. model_name = resnet18
ResNet(
  (conv1): Conv2d(3, 64, kernel_size=(3, 3), stride=(1, 1), padding=(1, 1), bias=False)
  (bn1): GroupNorm(32, 64, eps=1e-05, affine=True)
  (layer1): Sequential(
    (0): BasicBlock(
      (conv1): Conv2d(64, 64, kernel_size=(3, 3), stride=(1, 1), padding=(1, 1), bias=False)
      (bn1): GroupNorm(32, 64, eps=1e-05, affine=True)
      (conv2): Conv2d(64, 64, kernel_size=(3, 3), stride=(1, 1), padding=(1, 1), bias=False)
      (bn2): GroupNorm(32, 64, eps=1e-05, affine=True)
      (shortcut): Sequential()
    )
    (1): BasicBlock(
      (conv1): Conv2d(64, 64, kernel_size=(3, 3), stride=(1, 1), padding=(1, 1), bias=False)
      (bn1): GroupNorm(32, 64, eps=1e-05, affine=True)
      (conv2): Conv2d(64, 64, kernel_size=(3, 3), stride=(1, 1), padding=(1, 1), bias=False)
      (bn2): GroupNorm(32, 64, eps=1e-05, affine=True)
      (shortcut): Sequential()
    )
  )
  (layer2): Sequential(
    (0): BasicBlock(
      (conv1): Conv2d(64, 128, kernel_size=(3, 3), stride=(2, 2), padding=(1, 1), bias=False)
      (bn1): GroupNorm(32, 128, eps=1e-05, affine=True)
      (conv2): Conv2d(128, 128, kernel_size=(3, 3), stride=(1, 1), padding=(1, 1), bias=False)
      (bn2): GroupNorm(32, 128, eps=1e-05, affine=True)
      (shortcut): Sequential(
        (0): Conv2d(64, 128, kernel_size=(1, 1), stride=(2, 2), bias=False)
        (1): GroupNorm(32, 128, eps=1e-05, affine=True)
      )
    )
    (1): BasicBlock(
      (conv1): Conv2d(128, 128, kernel_size=(3, 3), stride=(1, 1), padding=(1, 1), bias=False)
      (bn1): GroupNorm(32, 128, eps=1e-05, affine=True)
      (conv2): Conv2d(128, 128, kernel_size=(3, 3), stride=(1, 1), padding=(1, 1), bias=False)
      (bn2): GroupNorm(32, 128, eps=1e-05, affine=True)
      (shortcut): Sequential()
    )
  )
  (layer3): Sequential(
    (0): BasicBlock(
      (conv1): Conv2d(128, 256, kernel_size=(3, 3), stride=(2, 2), padding=(1, 1), bias=False)
      (bn1): GroupNorm(32, 256, eps=1e-05, affine=True)
      (conv2): Conv2d(256, 256, kernel_size=(3, 3), stride=(1, 1), padding=(1, 1), bias=False)
      (bn2): GroupNorm(32, 256, eps=1e-05, affine=True)
      (shortcut): Sequential(
        (0): Conv2d(128, 256, kernel_size=(1, 1), stride=(2, 2), bias=False)
        (1): GroupNorm(32, 256, eps=1e-05, affine=True)
      )
    )
    (1): BasicBlock(
      (conv1): Conv2d(256, 256, kernel_size=(3, 3), stride=(1, 1), padding=(1, 1), bias=False)
      (bn1): GroupNorm(32, 256, eps=1e-05, affine=True)
      (conv2): Conv2d(256, 256, kernel_size=(3, 3), stride=(1, 1), padding=(1, 1), bias=False)
      (bn2): GroupNorm(32, 256, eps=1e-05, affine=True)
      (shortcut): Sequential()
    )
  )
  (layer4): Sequential(
    (0): BasicBlock(
      (conv1): Conv2d(256, 512, kernel_size=(3, 3), stride=(2, 2), padding=(1, 1), bias=False)
      (bn1): GroupNorm(32, 512, eps=1e-05, affine=True)
      (conv2): Conv2d(512, 512, kernel_size=(3, 3), stride=(1, 1), padding=(1, 1), bias=False)
      (bn2): GroupNorm(32, 512, eps=1e-05, affine=True)
      (shortcut): Sequential(
        (0): Conv2d(256, 512, kernel_size=(1, 1), stride=(2, 2), bias=False)
        (1): GroupNorm(32, 512, eps=1e-05, affine=True)
      )
    )
    (1): BasicBlock(
      (conv1): Conv2d(512, 512, kernel_size=(3, 3), stride=(1, 1), padding=(1, 1), bias=False)
      (bn1): GroupNorm(32, 512, eps=1e-05, affine=True)
      (conv2): Conv2d(512, 512, kernel_size=(3, 3), stride=(1, 1), padding=(1, 1), bias=False)
      (bn2): GroupNorm(32, 512, eps=1e-05, affine=True)
      (shortcut): Sequential()
    )
  )
  (linear): Linear(in_features=512, out_features=10, bias=True)
)
############setup_clients (START)#############
self.local_sample_number = 2500
self.local_sample_number = 2500
self.local_sample_number = 2500
self.local_sample_number = 2500
self.local_sample_number = 2500
self.local_sample_number = 2500
self.local_sample_number = 2500
self.local_sample_number = 2500
self.local_sample_number = 2500
self.local_sample_number = 2500
self.local_sample_number = 2500
self.local_sample_number = 2500
self.local_sample_number = 2500
self.local_sample_number = 2500
self.local_sample_number = 2500
self.local_sample_number = 2500
self.local_sample_number = 2500
self.local_sample_number = 2500
self.local_sample_number = 2500
self.local_sample_number = 2500
############setup_clients (END)#############
################Communication round : 0
client_indexes = [18  1]
client_indexes = [ 1 18]
@@@@@@@@@@@@@@@@ Training Client CM(0): 1
Client Index = 1	Epoch: 0	Loss: 4.774664
Client Index = 1	Epoch: 1	Loss: 1.485507
Client Index = 1	Epoch: 2	Loss: 1.372062
Client Index = 1	Epoch: 3	Loss: 1.353628
Client Index = 1	Epoch: 4	Loss: 1.291417
@@@@@@@@@@@@@@@@ Training Client CM(0): 18
Client Index = 18	Epoch: 0	Loss: 4.392332
Client Index = 18	Epoch: 1	Loss: 1.745504
Client Index = 18	Epoch: 2	Loss: 1.604227
Client Index = 18	Epoch: 3	Loss: 1.628321
Client Index = 18	Epoch: 4	Loss: 1.542116
{'training_loss': 2.1189778596162796}
################global_test_on_all_clients : 0
{'global_test_acc': 0.09995902507838425, 'global_test_loss': 2.9332280365454766}
{'person_test_acc': 0.14646732833421888, 'person_test_loss': 2.4079999141045954}
################Communication round : 1
client_indexes = [ 3 16]
client_indexes = [ 3 16]
@@@@@@@@@@@@@@@@ Training Client CM(1): 3
Client Index = 3	Epoch: 0	Loss: 2.022017
Client Index = 3	Epoch: 1	Loss: 1.577507
Client Index = 3	Epoch: 2	Loss: 1.534545
Client Index = 3	Epoch: 3	Loss: 1.505589
Client Index = 3	Epoch: 4	Loss: 1.511035
@@@@@@@@@@@@@@@@ Training Client CM(1): 16
Client Index = 16	Epoch: 0	Loss: 2.007304
Client Index = 16	Epoch: 1	Loss: 1.552489
Client Index = 16	Epoch: 2	Loss: 1.547771
Client Index = 16	Epoch: 3	Loss: 1.543071
Client Index = 16	Epoch: 4	Loss: 1.499723
{'training_loss': 1.630105065703392}
################global_test_on_all_clients : 1
{'global_test_acc': 0.1772048916454566, 'global_test_loss': 2.6002322520659353}
{'person_test_acc': 0.16749907436596492, 'person_test_loss': 2.3169055812432386}
################Communication round : 2
client_indexes = [12  4]
client_indexes = [ 4 12]
@@@@@@@@@@@@@@@@ Training Client CM(2): 4
Client Index = 4	Epoch: 0	Loss: 1.849975
Client Index = 4	Epoch: 1	Loss: 1.741539
Client Index = 4	Epoch: 2	Loss: 1.618374
Client Index = 4	Epoch: 3	Loss: 1.621456
Client Index = 4	Epoch: 4	Loss: 1.598515
@@@@@@@@@@@@@@@@ Training Client CM(2): 12
Client Index = 12	Epoch: 0	Loss: 1.662137
Client Index = 12	Epoch: 1	Loss: 1.525588
Client Index = 12	Epoch: 2	Loss: 1.462557
Client Index = 12	Epoch: 3	Loss: 1.474593
Client Index = 12	Epoch: 4	Loss: 1.480199
{'training_loss': 1.6034932923316956}
################global_test_on_all_clients : 2
{'global_test_acc': 0.2206051091090735, 'global_test_loss': 2.5477948075945998}
{'person_test_acc': 0.21343161404850464, 'person_test_loss': 2.1983663251289403}
################Communication round : 3
client_indexes = [14  2]
client_indexes = [ 2 14]
@@@@@@@@@@@@@@@@ Training Client CM(3): 2
Client Index = 2	Epoch: 0	Loss: 1.283924
Client Index = 2	Epoch: 1	Loss: 1.074471
Client Index = 2	Epoch: 2	Loss: 1.048040
Client Index = 2	Epoch: 3	Loss: 1.039293
Client Index = 2	Epoch: 4	Loss: 0.929511
@@@@@@@@@@@@@@@@ Training Client CM(3): 14
Client Index = 14	Epoch: 0	Loss: 1.710089
Client Index = 14	Epoch: 1	Loss: 1.519139
Client Index = 14	Epoch: 2	Loss: 1.524576
Client Index = 14	Epoch: 3	Loss: 1.506304
Client Index = 14	Epoch: 4	Loss: 1.472697
{'training_loss': 1.3108044829964638}
################global_test_on_all_clients : 3
{'global_test_acc': 0.1892684302418857, 'global_test_loss': 2.4639927177457532}
{'person_test_acc': 0.23489489783783216, 'person_test_loss': 2.089163998138595}
################Communication round : 4
client_indexes = [19  3]
client_indexes = [ 3 19]
@@@@@@@@@@@@@@@@ Training Client CM(4): 3
Client Index = 3	Epoch: 0	Loss: 1.515245
Client Index = 3	Epoch: 1	Loss: 1.343869
Client Index = 3	Epoch: 2	Loss: 1.291936
Client Index = 3	Epoch: 3	Loss: 1.297497
Client Index = 3	Epoch: 4	Loss: 1.225838
@@@@@@@@@@@@@@@@ Training Client CM(4): 19
Client Index = 19	Epoch: 0	Loss: 1.684048
Client Index = 19	Epoch: 1	Loss: 1.437976
Client Index = 19	Epoch: 2	Loss: 1.424508
Client Index = 19	Epoch: 3	Loss: 1.426460
Client Index = 19	Epoch: 4	Loss: 1.392992
{'training_loss': 1.4040367132425309}
################global_test_on_all_clients : 4
{'global_test_acc': 0.22235267623517224, 'global_test_loss': 2.229845006353518}
{'person_test_acc': 0.2652019444470656, 'person_test_loss': 2.0221287122085423}
################Communication round : 5
client_indexes = [2 5]
client_indexes = [2 5]
@@@@@@@@@@@@@@@@ Training Client CM(5): 2
Client Index = 2	Epoch: 0	Loss: 1.069784
Client Index = 2	Epoch: 1	Loss: 0.967267
Client Index = 2	Epoch: 2	Loss: 0.893857
Client Index = 2	Epoch: 3	Loss: 0.883096
Client Index = 2	Epoch: 4	Loss: 0.863670
@@@@@@@@@@@@@@@@ Training Client CM(5): 5
Client Index = 5	Epoch: 0	Loss: 1.305581
Client Index = 5	Epoch: 1	Loss: 1.195615
Client Index = 5	Epoch: 2	Loss: 1.218470
Client Index = 5	Epoch: 3	Loss: 1.181461
Client Index = 5	Epoch: 4	Loss: 1.167802
{'training_loss': 1.074660212099552}
################global_test_on_all_clients : 5
{'global_test_acc': 0.24772310723441113, 'global_test_loss': 2.0420493125588397}
{'person_test_acc': 0.29939066135198533, 'person_test_loss': 1.9431293181939076}
################Communication round : 6
client_indexes = [17  7]
client_indexes = [ 7 17]
@@@@@@@@@@@@@@@@ Training Client CM(6): 7
Client Index = 7	Epoch: 0	Loss: 1.679835
Client Index = 7	Epoch: 1	Loss: 1.562427
Client Index = 7	Epoch: 2	Loss: 1.508245
Client Index = 7	Epoch: 3	Loss: 1.501590
Client Index = 7	Epoch: 4	Loss: 1.495153
@@@@@@@@@@@@@@@@ Training Client CM(6): 17
Client Index = 17	Epoch: 0	Loss: 1.590281
Client Index = 17	Epoch: 1	Loss: 1.540471
Client Index = 17	Epoch: 2	Loss: 1.529869
Client Index = 17	Epoch: 3	Loss: 1.519034
Client Index = 17	Epoch: 4	Loss: 1.476234
{'training_loss': 1.540313937664032}
################global_test_on_all_clients : 6
{'global_test_acc': 0.26371080157019816, 'global_test_loss': 1.9576267938158645}
{'person_test_acc': 0.3341401012207095, 'person_test_loss': 1.8574701108139837}
################Communication round : 7
client_indexes = [ 1 17]
client_indexes = [ 1 17]
@@@@@@@@@@@@@@@@ Training Client CM(7): 1
Client Index = 1	Epoch: 0	Loss: 1.208086
Client Index = 1	Epoch: 1	Loss: 0.951715
Client Index = 1	Epoch: 2	Loss: 0.917285
Client Index = 1	Epoch: 3	Loss: 0.932471
Client Index = 1	Epoch: 4	Loss: 0.885688
@@@@@@@@@@@@@@@@ Training Client CM(7): 17
Client Index = 17	Epoch: 0	Loss: 1.534285
Client Index = 17	Epoch: 1	Loss: 1.500679
Client Index = 17	Epoch: 2	Loss: 1.522752
Client Index = 17	Epoch: 3	Loss: 1.475501
Client Index = 17	Epoch: 4	Loss: 1.409638
{'training_loss': 1.233810097873211}
################global_test_on_all_clients : 7
{'global_test_acc': 0.24498248978423892, 'global_test_loss': 2.1792010996331634}
{'person_test_acc': 0.341893580345958, 'person_test_loss': 1.8264359666760939}
################Communication round : 8
client_indexes = [ 7 11]
client_indexes = [ 7 11]
@@@@@@@@@@@@@@@@ Training Client CM(8): 7
Client Index = 7	Epoch: 0	Loss: 1.550627
Client Index = 7	Epoch: 1	Loss: 1.459971
Client Index = 7	Epoch: 2	Loss: 1.409820
Client Index = 7	Epoch: 3	Loss: 1.474180
Client Index = 7	Epoch: 4	Loss: 1.405056
@@@@@@@@@@@@@@@@ Training Client CM(8): 11
Client Index = 11	Epoch: 0	Loss: 1.198926
Client Index = 11	Epoch: 1	Loss: 0.980372
Client Index = 11	Epoch: 2	Loss: 0.999330
Client Index = 11	Epoch: 3	Loss: 0.910475
Client Index = 11	Epoch: 4	Loss: 0.922021
{'training_loss': 1.231077825129032}
################global_test_on_all_clients : 8
{'global_test_acc': 0.2790290395406556, 'global_test_loss': 2.4641512796881524}
{'person_test_acc': 0.3785315655730521, 'person_test_loss': 1.7442119634286068}
################Communication round : 9
client_indexes = [3 6]
client_indexes = [3 6]
@@@@@@@@@@@@@@@@ Training Client CM(9): 3
Client Index = 3	Epoch: 0	Loss: 1.273334
Client Index = 3	Epoch: 1	Loss: 1.114958
Client Index = 3	Epoch: 2	Loss: 1.050136
Client Index = 3	Epoch: 3	Loss: 1.066426
Client Index = 3	Epoch: 4	Loss: 1.037394
@@@@@@@@@@@@@@@@ Training Client CM(9): 6
Client Index = 6	Epoch: 0	Loss: 1.486096
Client Index = 6	Epoch: 1	Loss: 1.369588
Client Index = 6	Epoch: 2	Loss: 1.381712
Client Index = 6	Epoch: 3	Loss: 1.311693
Client Index = 6	Epoch: 4	Loss: 1.310575
{'training_loss': 1.2401912128925323}
################global_test_on_all_clients : 9
{'global_test_acc': 0.25826372838159306, 'global_test_loss': 2.3644933787284836}
{'person_test_acc': 0.39923426084257907, 'person_test_loss': 1.6889349835918892}
################Communication round : 10
client_indexes = [ 7 10]
client_indexes = [ 7 10]
@@@@@@@@@@@@@@@@ Training Client CM(10): 7
Client Index = 7	Epoch: 0	Loss: 1.519906
Client Index = 7	Epoch: 1	Loss: 1.413096
Client Index = 7	Epoch: 2	Loss: 1.361080
Client Index = 7	Epoch: 3	Loss: 1.358671
Client Index = 7	Epoch: 4	Loss: 1.299889
@@@@@@@@@@@@@@@@ Training Client CM(10): 10
Client Index = 10	Epoch: 0	Loss: 1.402530
Client Index = 10	Epoch: 1	Loss: 1.235889
Client Index = 10	Epoch: 2	Loss: 1.262477
Client Index = 10	Epoch: 3	Loss: 1.206193
Client Index = 10	Epoch: 4	Loss: 1.192052
{'training_loss': 1.325178235471249}
################global_test_on_all_clients : 10
{'global_test_acc': 0.3086601167371346, 'global_test_loss': 1.9430983885116095}
{'person_test_acc': 0.4276591480274067, 'person_test_loss': 1.615705424071566}
################Communication round : 11
client_indexes = [3 5]
client_indexes = [3 5]
@@@@@@@@@@@@@@@@ Training Client CM(11): 3
Client Index = 3	Epoch: 0	Loss: 1.233998
Client Index = 3	Epoch: 1	Loss: 0.980854
Client Index = 3	Epoch: 2	Loss: 0.983645
Client Index = 3	Epoch: 3	Loss: 0.972319
Client Index = 3	Epoch: 4	Loss: 0.917445
@@@@@@@@@@@@@@@@ Training Client CM(11): 5
Client Index = 5	Epoch: 0	Loss: 1.151659
Client Index = 5	Epoch: 1	Loss: 1.040781
Client Index = 5	Epoch: 2	Loss: 1.111680
Client Index = 5	Epoch: 3	Loss: 1.024114
Client Index = 5	Epoch: 4	Loss: 1.031526
{'training_loss': 1.044802031815052}
################global_test_on_all_clients : 11
{'global_test_acc': 0.32922336492938276, 'global_test_loss': 1.9388073171805182}
{'person_test_acc': 0.4269623368310924, 'person_test_loss': 1.6132696090929044}
################Communication round : 12
client_indexes = [19 13]
client_indexes = [13 19]
@@@@@@@@@@@@@@@@ Training Client CM(12): 13
Client Index = 13	Epoch: 0	Loss: 1.281773
Client Index = 13	Epoch: 1	Loss: 1.053794
Client Index = 13	Epoch: 2	Loss: 1.102764
Client Index = 13	Epoch: 3	Loss: 1.047062
Client Index = 13	Epoch: 4	Loss: 1.037950
@@@@@@@@@@@@@@@@ Training Client CM(12): 19
Client Index = 19	Epoch: 0	Loss: 1.302131
Client Index = 19	Epoch: 1	Loss: 1.112999
Client Index = 19	Epoch: 2	Loss: 1.059161
Client Index = 19	Epoch: 3	Loss: 1.135080
Client Index = 19	Epoch: 4	Loss: 1.103498
{'training_loss': 1.1236212560534478}
################global_test_on_all_clients : 12
{'global_test_acc': 0.32394304734765733, 'global_test_loss': 1.9959460289299098}
{'person_test_acc': 0.45994956199496073, 'person_test_loss': 1.5200313001469024}
################Communication round : 13
client_indexes = [11 12]
client_indexes = [11 12]
@@@@@@@@@@@@@@@@ Training Client CM(13): 11
Client Index = 11	Epoch: 0	Loss: 0.976146
Client Index = 11	Epoch: 1	Loss: 0.813405
Client Index = 11	Epoch: 2	Loss: 0.727067
Client Index = 11	Epoch: 3	Loss: 0.727645
Client Index = 11	Epoch: 4	Loss: 0.826997
@@@@@@@@@@@@@@@@ Training Client CM(13): 12
Client Index = 12	Epoch: 0	Loss: 1.323145
Client Index = 12	Epoch: 1	Loss: 1.184653
Client Index = 12	Epoch: 2	Loss: 1.168227
Client Index = 12	Epoch: 3	Loss: 1.149492
Client Index = 12	Epoch: 4	Loss: 1.161000
{'training_loss': 1.0057777166366577}
################global_test_on_all_clients : 13
{'global_test_acc': 0.3912376377188613, 'global_test_loss': 1.778394740757042}
{'person_test_acc': 0.46440952584848894, 'person_test_loss': 1.5009549302175773}
################Communication round : 14
client_indexes = [19  5]
client_indexes = [ 5 19]
@@@@@@@@@@@@@@@@ Training Client CM(14): 5
Client Index = 5	Epoch: 0	Loss: 1.070462
Client Index = 5	Epoch: 1	Loss: 1.002860
Client Index = 5	Epoch: 2	Loss: 0.998924
Client Index = 5	Epoch: 3	Loss: 0.951772
Client Index = 5	Epoch: 4	Loss: 0.954305
@@@@@@@@@@@@@@@@ Training Client CM(14): 19
Client Index = 19	Epoch: 0	Loss: 1.165899
Client Index = 19	Epoch: 1	Loss: 1.056087
Client Index = 19	Epoch: 2	Loss: 1.053902
Client Index = 19	Epoch: 3	Loss: 1.029325
Client Index = 19	Epoch: 4	Loss: 1.048248
{'training_loss': 1.033178454041481}
################global_test_on_all_clients : 14
{'global_test_acc': 0.30610662117667015, 'global_test_loss': 2.0275805957269433}
{'person_test_acc': 0.4605327862858647, 'person_test_loss': 1.5148121140066115}
################Communication round : 15
client_indexes = [19 15]
client_indexes = [15 19]
@@@@@@@@@@@@@@@@ Training Client CM(15): 15
Client Index = 15	Epoch: 0	Loss: 1.058871
Client Index = 15	Epoch: 1	Loss: 0.899411
Client Index = 15	Epoch: 2	Loss: 0.846737
Client Index = 15	Epoch: 3	Loss: 0.850484
Client Index = 15	Epoch: 4	Loss: 0.853725
@@@@@@@@@@@@@@@@ Training Client CM(15): 19
Client Index = 19	Epoch: 0	Loss: 1.041331
Client Index = 19	Epoch: 1	Loss: 1.062217
Client Index = 19	Epoch: 2	Loss: 0.992738
Client Index = 19	Epoch: 3	Loss: 1.018966
Client Index = 19	Epoch: 4	Loss: 0.968012
{'training_loss': 0.9592492002248765}
################global_test_on_all_clients : 15
{'global_test_acc': 0.3184417560969389, 'global_test_loss': 2.0540576505359107}
{'person_test_acc': 0.4978091282341747, 'person_test_loss': 1.4044983507100874}
################Communication round : 16
client_indexes = [ 3 17]
client_indexes = [ 3 17]
@@@@@@@@@@@@@@@@ Training Client CM(16): 3
Client Index = 3	Epoch: 0	Loss: 1.032440
Client Index = 3	Epoch: 1	Loss: 0.868567
Client Index = 3	Epoch: 2	Loss: 0.879671
Client Index = 3	Epoch: 3	Loss: 0.828438
Client Index = 3	Epoch: 4	Loss: 0.803965
@@@@@@@@@@@@@@@@ Training Client CM(16): 17
Client Index = 17	Epoch: 0	Loss: 1.499838
Client Index = 17	Epoch: 1	Loss: 1.299595
Client Index = 17	Epoch: 2	Loss: 1.284380
Client Index = 17	Epoch: 3	Loss: 1.249496
Client Index = 17	Epoch: 4	Loss: 1.283436
{'training_loss': 1.102982634305954}
################global_test_on_all_clients : 16
{'global_test_acc': 0.3327872326287122, 'global_test_loss': 2.1489429263212534}
{'person_test_acc': 0.505063025485587, 'person_test_loss': 1.3860590149299914}
################Communication round : 17
client_indexes = [14  3]
client_indexes = [ 3 14]
@@@@@@@@@@@@@@@@ Training Client CM(17): 3
Client Index = 3	Epoch: 0	Loss: 0.856039
Client Index = 3	Epoch: 1	Loss: 0.868307
Client Index = 3	Epoch: 2	Loss: 0.809613
Client Index = 3	Epoch: 3	Loss: 0.805279
Client Index = 3	Epoch: 4	Loss: 0.790372
@@@@@@@@@@@@@@@@ Training Client CM(17): 14
Client Index = 14	Epoch: 0	Loss: 1.268915
Client Index = 14	Epoch: 1	Loss: 1.206768
Client Index = 14	Epoch: 2	Loss: 1.113004
Client Index = 14	Epoch: 3	Loss: 1.090204
Client Index = 14	Epoch: 4	Loss: 1.148528
{'training_loss': 0.995702818632126}
################global_test_on_all_clients : 17
{'global_test_acc': 0.3949217731668454, 'global_test_loss': 2.04087614649231}
{'person_test_acc': 0.5129172887946216, 'person_test_loss': 1.3751239486955198}
################Communication round : 18
client_indexes = [3 4]
client_indexes = [3 4]
@@@@@@@@@@@@@@@@ Training Client CM(18): 3
Client Index = 3	Epoch: 0	Loss: 0.850434
Client Index = 3	Epoch: 1	Loss: 0.767018
Client Index = 3	Epoch: 2	Loss: 0.799617
Client Index = 3	Epoch: 3	Loss: 0.803307
Client Index = 3	Epoch: 4	Loss: 0.735509
@@@@@@@@@@@@@@@@ Training Client CM(18): 4
Client Index = 4	Epoch: 0	Loss: 1.271744
Client Index = 4	Epoch: 1	Loss: 1.101572
Client Index = 4	Epoch: 2	Loss: 1.067255
Client Index = 4	Epoch: 3	Loss: 1.091300
Client Index = 4	Epoch: 4	Loss: 1.029635
{'training_loss': 0.9517390275001525}
################global_test_on_all_clients : 18
{'global_test_acc': 0.3981766431431185, 'global_test_loss': 1.9080564118193668}
{'person_test_acc': 0.5176791935565264, 'person_test_loss': 1.3573044070288016}
################Communication round : 19
client_indexes = [ 7 16]
client_indexes = [ 7 16]
@@@@@@@@@@@@@@@@ Training Client CM(19): 7
Client Index = 7	Epoch: 0	Loss: 1.462112
Client Index = 7	Epoch: 1	Loss: 1.236041
Client Index = 7	Epoch: 2	Loss: 1.201013
Client Index = 7	Epoch: 3	Loss: 1.174404
Client Index = 7	Epoch: 4	Loss: 1.159903
@@@@@@@@@@@@@@@@ Training Client CM(19): 16
Client Index = 16	Epoch: 0	Loss: 1.281762
Client Index = 16	Epoch: 1	Loss: 1.102245
Client Index = 16	Epoch: 2	Loss: 1.009586
Client Index = 16	Epoch: 3	Loss: 1.017507
Client Index = 16	Epoch: 4	Loss: 1.012806
{'training_loss': 1.165737855732441}
################global_test_on_all_clients : 19
{'global_test_acc': 0.43876176108405207, 'global_test_loss': 1.5354331406323345}
{'person_test_acc': 0.5325601459374788, 'person_test_loss': 1.3238715282682239}
################Communication round : 20
client_indexes = [16 13]
client_indexes = [13 16]
@@@@@@@@@@@@@@@@ Training Client CM(20): 13
Client Index = 13	Epoch: 0	Loss: 1.118158
Client Index = 13	Epoch: 1	Loss: 0.990055
Client Index = 13	Epoch: 2	Loss: 0.909825
Client Index = 13	Epoch: 3	Loss: 0.990364
Client Index = 13	Epoch: 4	Loss: 0.864811
@@@@@@@@@@@@@@@@ Training Client CM(20): 16
Client Index = 16	Epoch: 0	Loss: 1.046939
Client Index = 16	Epoch: 1	Loss: 0.989162
Client Index = 16	Epoch: 2	Loss: 0.987586
Client Index = 16	Epoch: 3	Loss: 0.981298
Client Index = 16	Epoch: 4	Loss: 0.951665
{'training_loss': 0.9829861581325532}
################global_test_on_all_clients : 20
{'global_test_acc': 0.44697771725884056, 'global_test_loss': 1.6404906552624006}
{'person_test_acc': 0.5355359435172368, 'person_test_loss': 1.3159369028284944}
################Communication round : 21
client_indexes = [ 7 10]
client_indexes = [ 7 10]
@@@@@@@@@@@@@@@@ Training Client CM(21): 7
Client Index = 7	Epoch: 0	Loss: 1.281717
Client Index = 7	Epoch: 1	Loss: 1.150586
Client Index = 7	Epoch: 2	Loss: 1.113395
Client Index = 7	Epoch: 3	Loss: 1.112024
Client Index = 7	Epoch: 4	Loss: 1.139873
@@@@@@@@@@@@@@@@ Training Client CM(21): 10
Client Index = 10	Epoch: 0	Loss: 1.088310
Client Index = 10	Epoch: 1	Loss: 1.025837
Client Index = 10	Epoch: 2	Loss: 1.028001
Client Index = 10	Epoch: 3	Loss: 0.978581
Client Index = 10	Epoch: 4	Loss: 0.947020
{'training_loss': 1.0865344989299772}
################global_test_on_all_clients : 21
{'global_test_acc': 0.4373723103929992, 'global_test_loss': 1.6506679561050401}
{'person_test_acc': 0.5421947999027333, 'person_test_loss': 1.303239583500922}
################Communication round : 22
client_indexes = [10 14]
client_indexes = [10 14]
@@@@@@@@@@@@@@@@ Training Client CM(22): 10
Client Index = 10	Epoch: 0	Loss: 1.026779
Client Index = 10	Epoch: 1	Loss: 0.959436
Client Index = 10	Epoch: 2	Loss: 0.947553
Client Index = 10	Epoch: 3	Loss: 0.947497
Client Index = 10	Epoch: 4	Loss: 0.898604
@@@@@@@@@@@@@@@@ Training Client CM(22): 14
Client Index = 14	Epoch: 0	Loss: 1.169598
Client Index = 14	Epoch: 1	Loss: 1.031167
Client Index = 14	Epoch: 2	Loss: 1.045420
Client Index = 14	Epoch: 3	Loss: 1.009402
Client Index = 14	Epoch: 4	Loss: 1.005252
{'training_loss': 1.0040706813335418}
################global_test_on_all_clients : 22
{'global_test_acc': 0.3953741737330198, 'global_test_loss': 1.7971927318458392}
{'person_test_acc': 0.5376222352904072, 'person_test_loss': 1.3174903867172596}
################Communication round : 23
client_indexes = [ 0 10]
client_indexes = [ 0 10]
@@@@@@@@@@@@@@@@ Training Client CM(23): 0
Client Index = 0	Epoch: 0	Loss: 1.190851
Client Index = 0	Epoch: 1	Loss: 0.950191
Client Index = 0	Epoch: 2	Loss: 0.949403
Client Index = 0	Epoch: 3	Loss: 0.948020
Client Index = 0	Epoch: 4	Loss: 0.869858
@@@@@@@@@@@@@@@@ Training Client CM(23): 10
Client Index = 10	Epoch: 0	Loss: 1.027716
Client Index = 10	Epoch: 1	Loss: 0.913667
Client Index = 10	Epoch: 2	Loss: 0.945158
Client Index = 10	Epoch: 3	Loss: 0.875715
Client Index = 10	Epoch: 4	Loss: 0.938532
{'training_loss': 0.9609111112356188}
################global_test_on_all_clients : 23
{'global_test_acc': 0.393899441525966, 'global_test_loss': 1.8266482379876763}
{'person_test_acc': 0.5642623943361329, 'person_test_loss': 1.2443767643332975}
################Communication round : 24
client_indexes = [13  6]
client_indexes = [ 6 13]
@@@@@@@@@@@@@@@@ Training Client CM(24): 6
Client Index = 6	Epoch: 0	Loss: 1.052191
Client Index = 6	Epoch: 1	Loss: 1.037390
Client Index = 6	Epoch: 2	Loss: 1.051183
Client Index = 6	Epoch: 3	Loss: 0.945323
Client Index = 6	Epoch: 4	Loss: 1.009823
@@@@@@@@@@@@@@@@ Training Client CM(24): 13
Client Index = 13	Epoch: 0	Loss: 1.005970
Client Index = 13	Epoch: 1	Loss: 0.842514
Client Index = 13	Epoch: 2	Loss: 0.818917
Client Index = 13	Epoch: 3	Loss: 0.831020
Client Index = 13	Epoch: 4	Loss: 0.815006
{'training_loss': 0.9409337085485459}
################global_test_on_all_clients : 24
{'global_test_acc': 0.44300739366010244, 'global_test_loss': 1.6676698307313977}
{'person_test_acc': 0.5706980379004893, 'person_test_loss': 1.2241401258071616}
################Communication round : 25
client_indexes = [13 11]
client_indexes = [11 13]
@@@@@@@@@@@@@@@@ Training Client CM(25): 11
Client Index = 11	Epoch: 0	Loss: 0.824359
Client Index = 11	Epoch: 1	Loss: 0.597304
Client Index = 11	Epoch: 2	Loss: 0.573796
Client Index = 11	Epoch: 3	Loss: 0.514902
Client Index = 11	Epoch: 4	Loss: 0.542004
@@@@@@@@@@@@@@@@ Training Client CM(25): 13
Client Index = 13	Epoch: 0	Loss: 0.865178
Client Index = 13	Epoch: 1	Loss: 0.825660
Client Index = 13	Epoch: 2	Loss: 0.790008
Client Index = 13	Epoch: 3	Loss: 0.815910
Client Index = 13	Epoch: 4	Loss: 0.779428
{'training_loss': 0.7128550656139852}
################global_test_on_all_clients : 25
{'global_test_acc': 0.42963122558196326, 'global_test_loss': 1.7767661021986112}
{'person_test_acc': 0.5722821963163309, 'person_test_loss': 1.2206591611299331}
################Communication round : 26
client_indexes = [ 8 18]
client_indexes = [ 8 18]
@@@@@@@@@@@@@@@@ Training Client CM(26): 8
Client Index = 8	Epoch: 0	Loss: 0.857524
Client Index = 8	Epoch: 1	Loss: 0.402484
Client Index = 8	Epoch: 2	Loss: 0.588697
Client Index = 8	Epoch: 3	Loss: 0.436968
Client Index = 8	Epoch: 4	Loss: 0.340560
@@@@@@@@@@@@@@@@ Training Client CM(26): 18
Client Index = 18	Epoch: 0	Loss: 1.076629
Client Index = 18	Epoch: 1	Loss: 0.858717
Client Index = 18	Epoch: 2	Loss: 0.819538
Client Index = 18	Epoch: 3	Loss: 0.786396
Client Index = 18	Epoch: 4	Loss: 0.795618
{'training_loss': 0.6963131571561099}
################global_test_on_all_clients : 26
{'global_test_acc': 0.4787717967677385, 'global_test_loss': 1.6284929424394643}
{'person_test_acc': 0.6223029053951912, 'person_test_loss': 1.086129757362095}
################Communication round : 27
client_indexes = [ 7 15]
client_indexes = [ 7 15]
@@@@@@@@@@@@@@@@ Training Client CM(27): 7
Client Index = 7	Epoch: 0	Loss: 1.111975
Client Index = 7	Epoch: 1	Loss: 1.069962
Client Index = 7	Epoch: 2	Loss: 1.013699
Client Index = 7	Epoch: 3	Loss: 0.972941
Client Index = 7	Epoch: 4	Loss: 1.038565
@@@@@@@@@@@@@@@@ Training Client CM(27): 15
Client Index = 15	Epoch: 0	Loss: 0.972398
Client Index = 15	Epoch: 1	Loss: 0.752558
Client Index = 15	Epoch: 2	Loss: 0.693609
Client Index = 15	Epoch: 3	Loss: 0.730112
Client Index = 15	Epoch: 4	Loss: 0.664671
{'training_loss': 0.9020490486919881}
################global_test_on_all_clients : 27
{'global_test_acc': 0.4433657585579385, 'global_test_loss': 1.6440980990342386}
{'person_test_acc': 0.6257772971399606, 'person_test_loss': 1.0761377918106696}
################Communication round : 28
client_indexes = [11 10]
client_indexes = [10 11]
@@@@@@@@@@@@@@@@ Training Client CM(28): 10
Client Index = 10	Epoch: 0	Loss: 1.182066
Client Index = 10	Epoch: 1	Loss: 0.891097
Client Index = 10	Epoch: 2	Loss: 0.867659
Client Index = 10	Epoch: 3	Loss: 0.825952
Client Index = 10	Epoch: 4	Loss: 0.819138
@@@@@@@@@@@@@@@@ Training Client CM(28): 11
Client Index = 11	Epoch: 0	Loss: 0.759225
Client Index = 11	Epoch: 1	Loss: 0.490657
Client Index = 11	Epoch: 2	Loss: 0.515876
Client Index = 11	Epoch: 3	Loss: 0.551373
Client Index = 11	Epoch: 4	Loss: 0.450068
{'training_loss': 0.7353112257272005}
################global_test_on_all_clients : 28
{'global_test_acc': 0.4407564186536703, 'global_test_loss': 1.7121335871661423}
{'person_test_acc': 0.6276592726138499, 'person_test_loss': 1.068007392542681}
################Communication round : 29
client_indexes = [ 7 11]
client_indexes = [ 7 11]
@@@@@@@@@@@@@@@@ Training Client CM(29): 7
Client Index = 7	Epoch: 0	Loss: 1.096130
Client Index = 7	Epoch: 1	Loss: 1.005761
Client Index = 7	Epoch: 2	Loss: 0.988356
Client Index = 7	Epoch: 3	Loss: 0.923205
Client Index = 7	Epoch: 4	Loss: 0.997599
@@@@@@@@@@@@@@@@ Training Client CM(29): 11
Client Index = 11	Epoch: 0	Loss: 0.565014
Client Index = 11	Epoch: 1	Loss: 0.415543
Client Index = 11	Epoch: 2	Loss: 0.478589
Client Index = 11	Epoch: 3	Loss: 0.414350
Client Index = 11	Epoch: 4	Loss: 0.504554
{'training_loss': 0.7389100268483162}
################global_test_on_all_clients : 29
{'global_test_acc': 0.36934602644753806, 'global_test_loss': 2.1651617802037473}
{'person_test_acc': 0.6241937296309802, 'person_test_loss': 1.0850320873260086}
################Communication round : 30
client_indexes = [11  0]
client_indexes = [ 0 11]
@@@@@@@@@@@@@@@@ Training Client CM(30): 0
Client Index = 0	Epoch: 0	Loss: 1.076302
Client Index = 0	Epoch: 1	Loss: 0.826459
Client Index = 0	Epoch: 2	Loss: 0.861389
Client Index = 0	Epoch: 3	Loss: 0.781147
Client Index = 0	Epoch: 4	Loss: 0.729987
@@@@@@@@@@@@@@@@ Training Client CM(30): 11
Client Index = 11	Epoch: 0	Loss: 0.448682
Client Index = 11	Epoch: 1	Loss: 0.417367
Client Index = 11	Epoch: 2	Loss: 0.500848
Client Index = 11	Epoch: 3	Loss: 0.412756
Client Index = 11	Epoch: 4	Loss: 0.410523
{'training_loss': 0.6465461066365242}
################global_test_on_all_clients : 30
{'global_test_acc': 0.4749075466521992, 'global_test_loss': 1.5330204147635724}
{'person_test_acc': 0.6302431755298444, 'person_test_loss': 1.0624410542306773}
################Communication round : 31
client_indexes = [15  0]
client_indexes = [ 0 15]
@@@@@@@@@@@@@@@@ Training Client CM(31): 0
Client Index = 0	Epoch: 0	Loss: 0.856870
Client Index = 0	Epoch: 1	Loss: 0.795576
Client Index = 0	Epoch: 2	Loss: 0.760638
Client Index = 0	Epoch: 3	Loss: 0.756429
Client Index = 0	Epoch: 4	Loss: 0.691268
@@@@@@@@@@@@@@@@ Training Client CM(31): 15
Client Index = 15	Epoch: 0	Loss: 0.838415
Client Index = 15	Epoch: 1	Loss: 0.726442
Client Index = 15	Epoch: 2	Loss: 0.693667
Client Index = 15	Epoch: 3	Loss: 0.714762
Client Index = 15	Epoch: 4	Loss: 0.624033
{'training_loss': 0.7458100019395351}
################global_test_on_all_clients : 31
{'global_test_acc': 0.44528924237181255, 'global_test_loss': 1.8353899137224885}
{'person_test_acc': 0.6273604717525083, 'person_test_loss': 1.073316447032922}
################Communication round : 32
client_indexes = [ 8 15]
client_indexes = [ 8 15]
@@@@@@@@@@@@@@@@ Training Client CM(32): 8
Client Index = 8	Epoch: 0	Loss: 0.698918
Client Index = 8	Epoch: 1	Loss: 0.369025
Client Index = 8	Epoch: 2	Loss: 0.350609
Client Index = 8	Epoch: 3	Loss: 0.309529
Client Index = 8	Epoch: 4	Loss: 0.380808
@@@@@@@@@@@@@@@@ Training Client CM(32): 15
Client Index = 15	Epoch: 0	Loss: 0.779524
Client Index = 15	Epoch: 1	Loss: 0.691233
Client Index = 15	Epoch: 2	Loss: 0.638569
Client Index = 15	Epoch: 3	Loss: 0.616522
Client Index = 15	Epoch: 4	Loss: 0.602432
{'training_loss': 0.5437169097363949}
################global_test_on_all_clients : 32
{'global_test_acc': 0.4473133447101178, 'global_test_loss': 1.6262495883708863}
{'person_test_acc': 0.6243848729642852, 'person_test_loss': 1.0754874090658104}
################Communication round : 33
client_indexes = [17  8]
client_indexes = [ 8 17]
@@@@@@@@@@@@@@@@ Training Client CM(33): 8
Client Index = 8	Epoch: 0	Loss: 0.451667
Client Index = 8	Epoch: 1	Loss: 0.414531
Client Index = 8	Epoch: 2	Loss: 0.258163
Client Index = 8	Epoch: 3	Loss: 0.307371
Client Index = 8	Epoch: 4	Loss: 0.430415
@@@@@@@@@@@@@@@@ Training Client CM(33): 17
Client Index = 17	Epoch: 0	Loss: 1.136731
Client Index = 17	Epoch: 1	Loss: 1.021527
Client Index = 17	Epoch: 2	Loss: 0.964721
Client Index = 17	Epoch: 3	Loss: 0.913532
Client Index = 17	Epoch: 4	Loss: 0.925244
{'training_loss': 0.682390185147524}
################global_test_on_all_clients : 33
{'global_test_acc': 0.4274418107351652, 'global_test_loss': 1.7524458309199804}
{'person_test_acc': 0.6369965047608078, 'person_test_loss': 1.0419114984208602}
################Communication round : 34
client_indexes = [15  7]
client_indexes = [ 7 15]
@@@@@@@@@@@@@@@@ Training Client CM(34): 7
Client Index = 7	Epoch: 0	Loss: 1.057258
Client Index = 7	Epoch: 1	Loss: 0.947363
Client Index = 7	Epoch: 2	Loss: 0.893335
Client Index = 7	Epoch: 3	Loss: 0.852396
Client Index = 7	Epoch: 4	Loss: 0.868202
@@@@@@@@@@@@@@@@ Training Client CM(34): 15
Client Index = 15	Epoch: 0	Loss: 0.818097
Client Index = 15	Epoch: 1	Loss: 0.685891
Client Index = 15	Epoch: 2	Loss: 0.639162
Client Index = 15	Epoch: 3	Loss: 0.600080
Client Index = 15	Epoch: 4	Loss: 0.649975
{'training_loss': 0.8011759869754314}
################global_test_on_all_clients : 34
{'global_test_acc': 0.4680572210129649, 'global_test_loss': 1.5017008749207295}
{'person_test_acc': 0.6376921325811871, 'person_test_loss': 1.0452493807650565}
################Communication round : 35
client_indexes = [2 5]
client_indexes = [2 5]
@@@@@@@@@@@@@@@@ Training Client CM(35): 2
Client Index = 2	Epoch: 0	Loss: 0.787554
Client Index = 2	Epoch: 1	Loss: 0.442135
Client Index = 2	Epoch: 2	Loss: 0.429571
Client Index = 2	Epoch: 3	Loss: 0.408509
Client Index = 2	Epoch: 4	Loss: 0.369979
@@@@@@@@@@@@@@@@ Training Client CM(35): 5
Client Index = 5	Epoch: 0	Loss: 0.878817
Client Index = 5	Epoch: 1	Loss: 0.768788
Client Index = 5	Epoch: 2	Loss: 0.729103
Client Index = 5	Epoch: 3	Loss: 0.750081
Client Index = 5	Epoch: 4	Loss: 0.670545
{'training_loss': 0.623508140668273}
################global_test_on_all_clients : 35
{'global_test_acc': 0.5180425861943343, 'global_test_loss': 1.31612591323675}
{'person_test_acc': 0.6442434989859332, 'person_test_loss': 1.0217054157999539}
################Communication round : 36
client_indexes = [17 13]
client_indexes = [13 17]
@@@@@@@@@@@@@@@@ Training Client CM(36): 13
Client Index = 13	Epoch: 0	Loss: 0.978333
Client Index = 13	Epoch: 1	Loss: 0.742784
Client Index = 13	Epoch: 2	Loss: 0.689104
Client Index = 13	Epoch: 3	Loss: 0.718020
Client Index = 13	Epoch: 4	Loss: 0.650668
@@@@@@@@@@@@@@@@ Training Client CM(36): 17
Client Index = 17	Epoch: 0	Loss: 1.067187
Client Index = 17	Epoch: 1	Loss: 0.899115
Client Index = 17	Epoch: 2	Loss: 0.920775
Client Index = 17	Epoch: 3	Loss: 0.887020
Client Index = 17	Epoch: 4	Loss: 0.865426
{'training_loss': 0.8418431119620801}
################global_test_on_all_clients : 36
{'global_test_acc': 0.46037151560074074, 'global_test_loss': 1.6079850475070887}
{'person_test_acc': 0.6500819337240392, 'person_test_loss': 1.0014147476458122}
################Communication round : 37
client_indexes = [ 1 14]
client_indexes = [ 1 14]
@@@@@@@@@@@@@@@@ Training Client CM(37): 1
Client Index = 1	Epoch: 0	Loss: 0.867008
Client Index = 1	Epoch: 1	Loss: 0.544582
Client Index = 1	Epoch: 2	Loss: 0.502690
Client Index = 1	Epoch: 3	Loss: 0.501930
Client Index = 1	Epoch: 4	Loss: 0.481572
@@@@@@@@@@@@@@@@ Training Client CM(37): 14
Client Index = 14	Epoch: 0	Loss: 0.974850
Client Index = 14	Epoch: 1	Loss: 0.867185
Client Index = 14	Epoch: 2	Loss: 0.790731
Client Index = 14	Epoch: 3	Loss: 0.769059
Client Index = 14	Epoch: 4	Loss: 0.780539
{'training_loss': 0.7080146124958993}
################global_test_on_all_clients : 37
{'global_test_acc': 0.4924019459476541, 'global_test_loss': 1.7339139549934284}
{'person_test_acc': 0.6613145380977967, 'person_test_loss': 0.9705704681056497}
################Communication round : 38
client_indexes = [14  8]
client_indexes = [ 8 14]
@@@@@@@@@@@@@@@@ Training Client CM(38): 8
Client Index = 8	Epoch: 0	Loss: 0.751327
Client Index = 8	Epoch: 1	Loss: 0.361572
Client Index = 8	Epoch: 2	Loss: 0.249252
Client Index = 8	Epoch: 3	Loss: 0.288356
Client Index = 8	Epoch: 4	Loss: 0.215476
@@@@@@@@@@@@@@@@ Training Client CM(38): 14
Client Index = 14	Epoch: 0	Loss: 0.827462
Client Index = 14	Epoch: 1	Loss: 0.780541
Client Index = 14	Epoch: 2	Loss: 0.730096
Client Index = 14	Epoch: 3	Loss: 0.645130
Client Index = 14	Epoch: 4	Loss: 0.693020
{'training_loss': 0.5542231080681085}
################global_test_on_all_clients : 38
{'global_test_acc': 0.5357440897964685, 'global_test_loss': 1.553131247823331}
{'person_test_acc': 0.6629030230610331, 'person_test_loss': 0.9672737456049566}
################Communication round : 39
client_indexes = [ 2 14]
client_indexes = [ 2 14]
@@@@@@@@@@@@@@@@ Training Client CM(39): 2
Client Index = 2	Epoch: 0	Loss: 0.709844
Client Index = 2	Epoch: 1	Loss: 0.403552
Client Index = 2	Epoch: 2	Loss: 0.354771
Client Index = 2	Epoch: 3	Loss: 0.357806
Client Index = 2	Epoch: 4	Loss: 0.325493
@@@@@@@@@@@@@@@@ Training Client CM(39): 14
Client Index = 14	Epoch: 0	Loss: 0.750861
Client Index = 14	Epoch: 1	Loss: 0.719571
Client Index = 14	Epoch: 2	Loss: 0.648435
Client Index = 14	Epoch: 3	Loss: 0.724661
Client Index = 14	Epoch: 4	Loss: 0.683415
{'training_loss': 0.5678407635539771}
################global_test_on_all_clients : 39
{'global_test_acc': 0.5205294619332645, 'global_test_loss': 1.5281149282182107}
{'person_test_acc': 0.6611129697302245, 'person_test_loss': 0.9657336492961944}
################Communication round : 40
client_indexes = [ 9 19]
client_indexes = [ 9 19]
@@@@@@@@@@@@@@@@ Training Client CM(40): 9
Client Index = 9	Epoch: 0	Loss: 1.010377
Client Index = 9	Epoch: 1	Loss: 0.771394
Client Index = 9	Epoch: 2	Loss: 0.813542
Client Index = 9	Epoch: 3	Loss: 0.678479
Client Index = 9	Epoch: 4	Loss: 0.705160
@@@@@@@@@@@@@@@@ Training Client CM(40): 19
Client Index = 19	Epoch: 0	Loss: 1.062939
Client Index = 19	Epoch: 1	Loss: 0.769886
Client Index = 19	Epoch: 2	Loss: 0.764068
Client Index = 19	Epoch: 3	Loss: 0.615739
Client Index = 19	Epoch: 4	Loss: 0.616965
{'training_loss': 0.7808548964560031}
################global_test_on_all_clients : 40
{'global_test_acc': 0.5173807423945906, 'global_test_loss': 1.3577854322292668}
{'person_test_acc': 0.7024650548479765, 'person_test_loss': 0.8724379317539462}
################Communication round : 41
client_indexes = [10 11]
client_indexes = [10 11]
@@@@@@@@@@@@@@@@ Training Client CM(41): 10
Client Index = 10	Epoch: 0	Loss: 0.859074
Client Index = 10	Epoch: 1	Loss: 0.765516
Client Index = 10	Epoch: 2	Loss: 0.764716
Client Index = 10	Epoch: 3	Loss: 0.685288
Client Index = 10	Epoch: 4	Loss: 0.709101
@@@@@@@@@@@@@@@@ Training Client CM(41): 11
Client Index = 11	Epoch: 0	Loss: 0.513023
Client Index = 11	Epoch: 1	Loss: 0.381392
Client Index = 11	Epoch: 2	Loss: 0.334879
Client Index = 11	Epoch: 3	Loss: 0.322172
Client Index = 11	Epoch: 4	Loss: 0.412484
{'training_loss': 0.5747645117342473}
################global_test_on_all_clients : 41
{'global_test_acc': 0.533550428805275, 'global_test_loss': 1.4122799048991175}
{'person_test_acc': 0.7077255709592298, 'person_test_loss': 0.859933845008098}
################Communication round : 42
client_indexes = [ 0 17]
client_indexes = [ 0 17]
@@@@@@@@@@@@@@@@ Training Client CM(42): 0
Client Index = 0	Epoch: 0	Loss: 0.876674
Client Index = 0	Epoch: 1	Loss: 0.690293
Client Index = 0	Epoch: 2	Loss: 0.686719
Client Index = 0	Epoch: 3	Loss: 0.648986
Client Index = 0	Epoch: 4	Loss: 0.576783
@@@@@@@@@@@@@@@@ Training Client CM(42): 17
Client Index = 17	Epoch: 0	Loss: 0.945675
Client Index = 17	Epoch: 1	Loss: 0.877372
Client Index = 17	Epoch: 2	Loss: 0.831929
Client Index = 17	Epoch: 3	Loss: 0.807764
Client Index = 17	Epoch: 4	Loss: 0.754764
{'training_loss': 0.7696957232058048}
################global_test_on_all_clients : 42
{'global_test_acc': 0.5088164184149916, 'global_test_loss': 1.633177133920621}
{'person_test_acc': 0.706433324438355, 'person_test_loss': 0.8647349388353712}
################Communication round : 43
client_indexes = [9 6]
client_indexes = [6 9]
@@@@@@@@@@@@@@@@ Training Client CM(43): 6
Client Index = 6	Epoch: 0	Loss: 0.762605
Client Index = 6	Epoch: 1	Loss: 0.782072
Client Index = 6	Epoch: 2	Loss: 0.709137
Client Index = 6	Epoch: 3	Loss: 0.723198
Client Index = 6	Epoch: 4	Loss: 0.710025
@@@@@@@@@@@@@@@@ Training Client CM(43): 9
Client Index = 9	Epoch: 0	Loss: 0.899083
Client Index = 9	Epoch: 1	Loss: 0.634289
Client Index = 9	Epoch: 2	Loss: 0.651522
Client Index = 9	Epoch: 3	Loss: 0.753206
Client Index = 9	Epoch: 4	Loss: 0.600715
{'training_loss': 0.7225850871205328}
################global_test_on_all_clients : 43
{'global_test_acc': 0.6256194200063476, 'global_test_loss': 1.0346435577572675}
{'person_test_acc': 0.7097973130111254, 'person_test_loss': 0.8526047770329221}
################Communication round : 44
client_indexes = [15 14]
client_indexes = [14 15]
@@@@@@@@@@@@@@@@ Training Client CM(44): 14
Client Index = 14	Epoch: 0	Loss: 0.830912
Client Index = 14	Epoch: 1	Loss: 0.712576
Client Index = 14	Epoch: 2	Loss: 0.627332
Client Index = 14	Epoch: 3	Loss: 0.658851
Client Index = 14	Epoch: 4	Loss: 0.574241
@@@@@@@@@@@@@@@@ Training Client CM(44): 15
Client Index = 15	Epoch: 0	Loss: 0.722182
Client Index = 15	Epoch: 1	Loss: 0.575267
Client Index = 15	Epoch: 2	Loss: 0.592228
Client Index = 15	Epoch: 3	Loss: 0.564306
Client Index = 15	Epoch: 4	Loss: 0.514164
{'training_loss': 0.6372059316933155}
################global_test_on_all_clients : 44
{'global_test_acc': 0.4877158535207583, 'global_test_loss': 1.7882096830474272}
{'person_test_acc': 0.7118847881602307, 'person_test_loss': 0.8540717062091053}
################Communication round : 45
client_indexes = [12 16]
client_indexes = [12 16]
@@@@@@@@@@@@@@@@ Training Client CM(45): 12
Client Index = 12	Epoch: 0	Loss: 1.055887
Client Index = 12	Epoch: 1	Loss: 0.713728
Client Index = 12	Epoch: 2	Loss: 0.695017
Client Index = 12	Epoch: 3	Loss: 0.694515
Client Index = 12	Epoch: 4	Loss: 0.685159
@@@@@@@@@@@@@@@@ Training Client CM(45): 16
Client Index = 16	Epoch: 0	Loss: 0.959780
Client Index = 16	Epoch: 1	Loss: 0.726572
Client Index = 16	Epoch: 2	Loss: 0.656442
Client Index = 16	Epoch: 3	Loss: 0.644215
Client Index = 16	Epoch: 4	Loss: 0.608650
{'training_loss': 0.7439964433014392}
################global_test_on_all_clients : 45
{'global_test_acc': 0.5736085522920122, 'global_test_loss': 1.2707920105392696}
{'person_test_acc': 0.7133728833983259, 'person_test_loss': 0.8450098936423804}
################Communication round : 46
client_indexes = [1 3]
client_indexes = [1 3]
@@@@@@@@@@@@@@@@ Training Client CM(46): 1
Client Index = 1	Epoch: 0	Loss: 0.731050
Client Index = 1	Epoch: 1	Loss: 0.482312
Client Index = 1	Epoch: 2	Loss: 0.441373
Client Index = 1	Epoch: 3	Loss: 0.415731
Client Index = 1	Epoch: 4	Loss: 0.514212
@@@@@@@@@@@@@@@@ Training Client CM(46): 3
Client Index = 3	Epoch: 0	Loss: 0.783463
Client Index = 3	Epoch: 1	Loss: 0.534012
Client Index = 3	Epoch: 2	Loss: 0.457812
Client Index = 3	Epoch: 3	Loss: 0.420627
Client Index = 3	Epoch: 4	Loss: 0.461264
{'training_loss': 0.5241857334971427}
################global_test_on_all_clients : 46
{'global_test_acc': 0.5323865653856052, 'global_test_loss': 1.559328888688545}
{'person_test_acc': 0.7201175345391003, 'person_test_loss': 0.8236169166227002}
################Communication round : 47
client_indexes = [10 14]
client_indexes = [10 14]
@@@@@@@@@@@@@@@@ Training Client CM(47): 10
Client Index = 10	Epoch: 0	Loss: 0.871436
Client Index = 10	Epoch: 1	Loss: 0.703283
Client Index = 10	Epoch: 2	Loss: 0.630552
Client Index = 10	Epoch: 3	Loss: 0.657698
Client Index = 10	Epoch: 4	Loss: 0.580319
@@@@@@@@@@@@@@@@ Training Client CM(47): 14
Client Index = 14	Epoch: 0	Loss: 0.703990
Client Index = 14	Epoch: 1	Loss: 0.718784
Client Index = 14	Epoch: 2	Loss: 0.560945
Client Index = 14	Epoch: 3	Loss: 0.617189
Client Index = 14	Epoch: 4	Loss: 0.503062
{'training_loss': 0.6547258606553077}
################global_test_on_all_clients : 47
{'global_test_acc': 0.598164771845904, 'global_test_loss': 1.2195364945350484}
{'person_test_acc': 0.7203163416961579, 'person_test_loss': 0.826182860823392}
################Communication round : 48
client_indexes = [1 9]
client_indexes = [1 9]
@@@@@@@@@@@@@@@@ Training Client CM(48): 1
Client Index = 1	Epoch: 0	Loss: 0.552568
Client Index = 1	Epoch: 1	Loss: 0.437822
Client Index = 1	Epoch: 2	Loss: 0.368953
Client Index = 1	Epoch: 3	Loss: 0.402976
Client Index = 1	Epoch: 4	Loss: 0.371159
@@@@@@@@@@@@@@@@ Training Client CM(48): 9
Client Index = 9	Epoch: 0	Loss: 0.708501
Client Index = 9	Epoch: 1	Loss: 0.627541
Client Index = 9	Epoch: 2	Loss: 0.618485
Client Index = 9	Epoch: 3	Loss: 0.525940
Client Index = 9	Epoch: 4	Loss: 0.573648
{'training_loss': 0.5187592795491218}
################global_test_on_all_clients : 48
{'global_test_acc': 0.6251606273129319, 'global_test_loss': 1.0796781891730343}
{'person_test_acc': 0.7224026381467037, 'person_test_loss': 0.8226221510256142}
################Communication round : 49
client_indexes = [14 19]
client_indexes = [14 19]
@@@@@@@@@@@@@@@@ Training Client CM(49): 14
Client Index = 14	Epoch: 0	Loss: 0.680466
Client Index = 14	Epoch: 1	Loss: 0.570826
Client Index = 14	Epoch: 2	Loss: 0.630893
Client Index = 14	Epoch: 3	Loss: 0.510396
Client Index = 14	Epoch: 4	Loss: 0.535523
@@@@@@@@@@@@@@@@ Training Client CM(49): 19
Client Index = 19	Epoch: 0	Loss: 0.767547
Client Index = 19	Epoch: 1	Loss: 0.601155
Client Index = 19	Epoch: 2	Loss: 0.553358
Client Index = 19	Epoch: 3	Loss: 0.509494
Client Index = 19	Epoch: 4	Loss: 0.575933
{'training_loss': 0.5935590247809888}
################global_test_on_all_clients : 49
{'global_test_acc': 0.6169328608104381, 'global_test_loss': 1.1880924882106725}
{'person_test_acc': 0.723893691824636, 'person_test_loss': 0.8206190830760829}
################Communication round : 50
client_indexes = [15  8]
client_indexes = [ 8 15]
@@@@@@@@@@@@@@@@ Training Client CM(50): 8
Client Index = 8	Epoch: 0	Loss: 0.639350
Client Index = 8	Epoch: 1	Loss: 0.243142
Client Index = 8	Epoch: 2	Loss: 0.214384
Client Index = 8	Epoch: 3	Loss: 0.187598
Client Index = 8	Epoch: 4	Loss: 0.217559
@@@@@@@@@@@@@@@@ Training Client CM(50): 15
Client Index = 15	Epoch: 0	Loss: 0.642479
Client Index = 15	Epoch: 1	Loss: 0.529039
Client Index = 15	Epoch: 2	Loss: 0.563109
Client Index = 15	Epoch: 3	Loss: 0.471542
Client Index = 15	Epoch: 4	Loss: 0.470879
{'training_loss': 0.41790820021182296}
################global_test_on_all_clients : 50
{'global_test_acc': 0.604216036141542, 'global_test_loss': 1.1745166970635563}
{'person_test_acc': 0.726078006571078, 'person_test_loss': 0.8089336374124354}
################Communication round : 51
client_indexes = [ 1 12]
client_indexes = [ 1 12]
@@@@@@@@@@@@@@@@ Training Client CM(51): 1
Client Index = 1	Epoch: 0	Loss: 0.665573
Client Index = 1	Epoch: 1	Loss: 0.397213
Client Index = 1	Epoch: 2	Loss: 0.330052
Client Index = 1	Epoch: 3	Loss: 0.344381
Client Index = 1	Epoch: 4	Loss: 0.299720
@@@@@@@@@@@@@@@@ Training Client CM(51): 12
Client Index = 12	Epoch: 0	Loss: 0.859896
Client Index = 12	Epoch: 1	Loss: 0.689158
Client Index = 12	Epoch: 2	Loss: 0.629209
Client Index = 12	Epoch: 3	Loss: 0.610057
Client Index = 12	Epoch: 4	Loss: 0.604543
{'training_loss': 0.5429802849888802}
################global_test_on_all_clients : 51
{'global_test_acc': 0.6315162603988687, 'global_test_loss': 1.0849947021169979}
{'person_test_acc': 0.7389770014904508, 'person_test_loss': 0.7793183725597559}
################Communication round : 52
client_indexes = [6 2]
client_indexes = [2 6]
@@@@@@@@@@@@@@@@ Training Client CM(52): 2
Client Index = 2	Epoch: 0	Loss: 0.689358
Client Index = 2	Epoch: 1	Loss: 0.313725
Client Index = 2	Epoch: 2	Loss: 0.293727
Client Index = 2	Epoch: 3	Loss: 0.266217
Client Index = 2	Epoch: 4	Loss: 0.238415
@@@@@@@@@@@@@@@@ Training Client CM(52): 6
Client Index = 6	Epoch: 0	Loss: 0.722534
Client Index = 6	Epoch: 1	Loss: 0.674693
Client Index = 6	Epoch: 2	Loss: 0.589393
Client Index = 6	Epoch: 3	Loss: 0.597869
Client Index = 6	Epoch: 4	Loss: 0.584577
{'training_loss': 0.49705088313668966}
################global_test_on_all_clients : 52
{'global_test_acc': 0.5683677279968837, 'global_test_loss': 1.3637710242642416}
{'person_test_acc': 0.741352453321348, 'person_test_loss': 0.7719829507420416}
################Communication round : 53
client_indexes = [ 0 14]
client_indexes = [ 0 14]
@@@@@@@@@@@@@@@@ Training Client CM(53): 0
Client Index = 0	Epoch: 0	Loss: 0.631209
Client Index = 0	Epoch: 1	Loss: 0.571326
Client Index = 0	Epoch: 2	Loss: 0.595599
Client Index = 0	Epoch: 3	Loss: 0.490450
Client Index = 0	Epoch: 4	Loss: 0.478708
@@@@@@@@@@@@@@@@ Training Client CM(53): 14
Client Index = 14	Epoch: 0	Loss: 0.732408
Client Index = 14	Epoch: 1	Loss: 0.555300
Client Index = 14	Epoch: 2	Loss: 0.587671
Client Index = 14	Epoch: 3	Loss: 0.481370
Client Index = 14	Epoch: 4	Loss: 0.480091
{'training_loss': 0.5604131516814232}
################global_test_on_all_clients : 53
{'global_test_acc': 0.644989019594574, 'global_test_loss': 1.095957243358286}
{'person_test_acc': 0.7519886362239325, 'person_test_loss': 0.7330729037737271}
################Communication round : 54
client_indexes = [ 3 13]
client_indexes = [ 3 13]
@@@@@@@@@@@@@@@@ Training Client CM(54): 3
Client Index = 3	Epoch: 0	Loss: 0.564977
Client Index = 3	Epoch: 1	Loss: 0.405561
Client Index = 3	Epoch: 2	Loss: 0.378598
Client Index = 3	Epoch: 3	Loss: 0.407684
Client Index = 3	Epoch: 4	Loss: 0.324147
@@@@@@@@@@@@@@@@ Training Client CM(54): 13
Client Index = 13	Epoch: 0	Loss: 0.719305
Client Index = 13	Epoch: 1	Loss: 0.558895
Client Index = 13	Epoch: 2	Loss: 0.539596
Client Index = 13	Epoch: 3	Loss: 0.421418
Client Index = 13	Epoch: 4	Loss: 0.496159
{'training_loss': 0.4816340694576502}
################global_test_on_all_clients : 54
{'global_test_acc': 0.6128382670762786, 'global_test_loss': 1.1691919858324709}
{'person_test_acc': 0.755553582004225, 'person_test_loss': 0.7264540216839287}
################Communication round : 55
client_indexes = [ 4 19]
client_indexes = [ 4 19]
@@@@@@@@@@@@@@@@ Training Client CM(55): 4
Client Index = 4	Epoch: 0	Loss: 0.706548
Client Index = 4	Epoch: 1	Loss: 0.595292
Client Index = 4	Epoch: 2	Loss: 0.541362
Client Index = 4	Epoch: 3	Loss: 0.529790
Client Index = 4	Epoch: 4	Loss: 0.500637
@@@@@@@@@@@@@@@@ Training Client CM(55): 19
Client Index = 19	Epoch: 0	Loss: 0.731764
Client Index = 19	Epoch: 1	Loss: 0.537137
Client Index = 19	Epoch: 2	Loss: 0.499092
Client Index = 19	Epoch: 3	Loss: 0.550147
Client Index = 19	Epoch: 4	Loss: 0.470925
{'training_loss': 0.5662696239352226}
################global_test_on_all_clients : 55
{'global_test_acc': 0.5851729557996487, 'global_test_loss': 1.3446230676620243}
{'person_test_acc': 0.7635883101433268, 'person_test_loss': 0.7111993051839608}
################Communication round : 56
client_indexes = [ 5 14]
client_indexes = [ 5 14]
@@@@@@@@@@@@@@@@ Training Client CM(56): 5
Client Index = 5	Epoch: 0	Loss: 0.668641
Client Index = 5	Epoch: 1	Loss: 0.587393
Client Index = 5	Epoch: 2	Loss: 0.578966
Client Index = 5	Epoch: 3	Loss: 0.529644
Client Index = 5	Epoch: 4	Loss: 0.520703
@@@@@@@@@@@@@@@@ Training Client CM(56): 14
Client Index = 14	Epoch: 0	Loss: 0.691200
Client Index = 14	Epoch: 1	Loss: 0.599795
Client Index = 14	Epoch: 2	Loss: 0.482066
Client Index = 14	Epoch: 3	Loss: 0.423048
Client Index = 14	Epoch: 4	Loss: 0.450768
{'training_loss': 0.553222334831953}
################global_test_on_all_clients : 56
{'global_test_acc': 0.6469948948314066, 'global_test_loss': 1.0449287366071547}
{'person_test_acc': 0.7647811530856728, 'person_test_loss': 0.7117467538071767}
################Communication round : 57
client_indexes = [3 4]
client_indexes = [3 4]
@@@@@@@@@@@@@@@@ Training Client CM(57): 3
Client Index = 3	Epoch: 0	Loss: 0.628076
Client Index = 3	Epoch: 1	Loss: 0.336222
Client Index = 3	Epoch: 2	Loss: 0.325888
Client Index = 3	Epoch: 3	Loss: 0.315355
Client Index = 3	Epoch: 4	Loss: 0.352614
@@@@@@@@@@@@@@@@ Training Client CM(57): 4
Client Index = 4	Epoch: 0	Loss: 0.657901
Client Index = 4	Epoch: 1	Loss: 0.531681
Client Index = 4	Epoch: 2	Loss: 0.550564
Client Index = 4	Epoch: 3	Loss: 0.440099
Client Index = 4	Epoch: 4	Loss: 0.481630
{'training_loss': 0.462003051713109}
################global_test_on_all_clients : 57
{'global_test_acc': 0.6201091516947157, 'global_test_loss': 1.1855960502220033}
{'person_test_acc': 0.7655748038793236, 'person_test_loss': 0.7124704102215901}
################Communication round : 58
client_indexes = [16 13]
client_indexes = [13 16]
@@@@@@@@@@@@@@@@ Training Client CM(58): 13
Client Index = 13	Epoch: 0	Loss: 0.537221
Client Index = 13	Epoch: 1	Loss: 0.468227
Client Index = 13	Epoch: 2	Loss: 0.464124
Client Index = 13	Epoch: 3	Loss: 0.405163
Client Index = 13	Epoch: 4	Loss: 0.413746
@@@@@@@@@@@@@@@@ Training Client CM(58): 16
Client Index = 16	Epoch: 0	Loss: 0.891968
Client Index = 16	Epoch: 1	Loss: 0.636622
Client Index = 16	Epoch: 2	Loss: 0.534373
Client Index = 16	Epoch: 3	Loss: 0.562361
Client Index = 16	Epoch: 4	Loss: 0.513120
{'training_loss': 0.5426924894005061}
################global_test_on_all_clients : 58
{'global_test_acc': 0.6488174441031769, 'global_test_loss': 1.0582635785422356}
{'person_test_acc': 0.7693436629080835, 'person_test_loss': 0.7044739316011527}
################Communication round : 59
client_indexes = [ 2 19]
client_indexes = [ 2 19]
@@@@@@@@@@@@@@@@ Training Client CM(59): 2
Client Index = 2	Epoch: 0	Loss: 0.332341
Client Index = 2	Epoch: 1	Loss: 0.276131
Client Index = 2	Epoch: 2	Loss: 0.249299
Client Index = 2	Epoch: 3	Loss: 0.212229
Client Index = 2	Epoch: 4	Loss: 0.200313
@@@@@@@@@@@@@@@@ Training Client CM(59): 19
Client Index = 19	Epoch: 0	Loss: 0.593598
Client Index = 19	Epoch: 1	Loss: 0.464216
Client Index = 19	Epoch: 2	Loss: 0.458312
Client Index = 19	Epoch: 3	Loss: 0.459643
Client Index = 19	Epoch: 4	Loss: 0.439105
{'training_loss': 0.36851870229467754}
################global_test_on_all_clients : 59
{'global_test_acc': 0.6429149169609304, 'global_test_loss': 1.0917934480011724}
{'person_test_acc': 0.7725216189811689, 'person_test_loss': 0.6926098544171687}
################Communication round : 60
client_indexes = [14 17]
client_indexes = [14 17]
@@@@@@@@@@@@@@@@ Training Client CM(60): 14
Client Index = 14	Epoch: 0	Loss: 0.693629
Client Index = 14	Epoch: 1	Loss: 0.497520
Client Index = 14	Epoch: 2	Loss: 0.488318
Client Index = 14	Epoch: 3	Loss: 0.426799
Client Index = 14	Epoch: 4	Loss: 0.370957
@@@@@@@@@@@@@@@@ Training Client CM(60): 17
Client Index = 17	Epoch: 0	Loss: 0.740078
Client Index = 17	Epoch: 1	Loss: 0.703042
Client Index = 17	Epoch: 2	Loss: 0.626996
Client Index = 17	Epoch: 3	Loss: 0.585446
Client Index = 17	Epoch: 4	Loss: 0.649732
{'training_loss': 0.5782517048716546}
################global_test_on_all_clients : 60
{'global_test_acc': 0.6515408443928992, 'global_test_loss': 1.185651233559159}
{'person_test_acc': 0.780473905263475, 'person_test_loss': 0.6679370679181887}
################Communication round : 61
client_indexes = [6 9]
client_indexes = [6 9]
@@@@@@@@@@@@@@@@ Training Client CM(61): 6
Client Index = 6	Epoch: 0	Loss: 0.650416
Client Index = 6	Epoch: 1	Loss: 0.566455
Client Index = 6	Epoch: 2	Loss: 0.534396
Client Index = 6	Epoch: 3	Loss: 0.546164
Client Index = 6	Epoch: 4	Loss: 0.481337
@@@@@@@@@@@@@@@@ Training Client CM(61): 9
Client Index = 9	Epoch: 0	Loss: 0.646422
Client Index = 9	Epoch: 1	Loss: 0.543483
Client Index = 9	Epoch: 2	Loss: 0.558431
Client Index = 9	Epoch: 3	Loss: 0.465562
Client Index = 9	Epoch: 4	Loss: 0.450316
{'training_loss': 0.5442982718348504}
################global_test_on_all_clients : 61
{'global_test_acc': 0.7102802916863558, 'global_test_loss': 0.8494494935284879}
{'person_test_acc': 0.7834398975148742, 'person_test_loss': 0.6601253965532266}
################Communication round : 62
client_indexes = [12  6]
client_indexes = [ 6 12]
@@@@@@@@@@@@@@@@ Training Client CM(62): 6
Client Index = 6	Epoch: 0	Loss: 0.563657
Client Index = 6	Epoch: 1	Loss: 0.473470
Client Index = 6	Epoch: 2	Loss: 0.475817
Client Index = 6	Epoch: 3	Loss: 0.407834
Client Index = 6	Epoch: 4	Loss: 0.428710
@@@@@@@@@@@@@@@@ Training Client CM(62): 12
Client Index = 12	Epoch: 0	Loss: 0.633913
Client Index = 12	Epoch: 1	Loss: 0.558277
Client Index = 12	Epoch: 2	Loss: 0.610868
Client Index = 12	Epoch: 3	Loss: 0.520463
Client Index = 12	Epoch: 4	Loss: 0.469141
{'training_loss': 0.5142148628830909}
################global_test_on_all_clients : 62
{'global_test_acc': 0.6777969698711594, 'global_test_loss': 0.9795230995748468}
{'person_test_acc': 0.7859182882110866, 'person_test_loss': 0.6558871436652512}
################Communication round : 63
client_indexes = [15  4]
client_indexes = [ 4 15]
@@@@@@@@@@@@@@@@ Training Client CM(63): 4
Client Index = 4	Epoch: 0	Loss: 0.545448
Client Index = 4	Epoch: 1	Loss: 0.524742
Client Index = 4	Epoch: 2	Loss: 0.417210
Client Index = 4	Epoch: 3	Loss: 0.419539
Client Index = 4	Epoch: 4	Loss: 0.455860
@@@@@@@@@@@@@@@@ Training Client CM(63): 15
Client Index = 15	Epoch: 0	Loss: 0.737680
Client Index = 15	Epoch: 1	Loss: 0.460674
Client Index = 15	Epoch: 2	Loss: 0.454886
Client Index = 15	Epoch: 3	Loss: 0.414815
Client Index = 15	Epoch: 4	Loss: 0.386310
{'training_loss': 0.48171655073761943}
################global_test_on_all_clients : 63
{'global_test_acc': 0.6335777244836718, 'global_test_loss': 1.1269327314675703}
{'person_test_acc': 0.7787772061321317, 'person_test_loss': 0.6768251170289238}
################Communication round : 64
client_indexes = [9 5]
client_indexes = [5 9]
@@@@@@@@@@@@@@@@ Training Client CM(64): 5
Client Index = 5	Epoch: 0	Loss: 0.694968
Client Index = 5	Epoch: 1	Loss: 0.480403
Client Index = 5	Epoch: 2	Loss: 0.448745
Client Index = 5	Epoch: 3	Loss: 0.471693
Client Index = 5	Epoch: 4	Loss: 0.471830
@@@@@@@@@@@@@@@@ Training Client CM(64): 9
Client Index = 9	Epoch: 0	Loss: 0.616942
Client Index = 9	Epoch: 1	Loss: 0.473630
Client Index = 9	Epoch: 2	Loss: 0.441245
Client Index = 9	Epoch: 3	Loss: 0.408536
Client Index = 9	Epoch: 4	Loss: 0.436329
{'training_loss': 0.49443204954266545}
################global_test_on_all_clients : 64
{'global_test_acc': 0.6223414429520079, 'global_test_loss': 1.1383447523399186}
{'person_test_acc': 0.7804641202207226, 'person_test_loss': 0.672220499327958}
################Communication round : 65
client_indexes = [10  0]
client_indexes = [ 0 10]
@@@@@@@@@@@@@@@@ Training Client CM(65): 0
Client Index = 0	Epoch: 0	Loss: 0.798939
Client Index = 0	Epoch: 1	Loss: 0.453996
Client Index = 0	Epoch: 2	Loss: 0.499723
Client Index = 0	Epoch: 3	Loss: 0.417933
Client Index = 0	Epoch: 4	Loss: 0.339441
@@@@@@@@@@@@@@@@ Training Client CM(65): 10
Client Index = 10	Epoch: 0	Loss: 0.707707
Client Index = 10	Epoch: 1	Loss: 0.531185
Client Index = 10	Epoch: 2	Loss: 0.514535
Client Index = 10	Epoch: 3	Loss: 0.493847
Client Index = 10	Epoch: 4	Loss: 0.480033
{'training_loss': 0.523733951151371}
################global_test_on_all_clients : 65
{'global_test_acc': 0.6223488870085903, 'global_test_loss': 1.2244265956959557}
{'person_test_acc': 0.7813587524274822, 'person_test_loss': 0.6809372759701275}
################Communication round : 66
client_indexes = [ 1 16]
client_indexes = [ 1 16]
@@@@@@@@@@@@@@@@ Training Client CM(66): 1
Client Index = 1	Epoch: 0	Loss: 0.720497
Client Index = 1	Epoch: 1	Loss: 0.333701
Client Index = 1	Epoch: 2	Loss: 0.341572
Client Index = 1	Epoch: 3	Loss: 0.272976
Client Index = 1	Epoch: 4	Loss: 0.244985
@@@@@@@@@@@@@@@@ Training Client CM(66): 16
Client Index = 16	Epoch: 0	Loss: 0.652960
Client Index = 16	Epoch: 1	Loss: 0.491548
Client Index = 16	Epoch: 2	Loss: 0.417343
Client Index = 16	Epoch: 3	Loss: 0.491114
Client Index = 16	Epoch: 4	Loss: 0.409022
{'training_loss': 0.4375718446820974}
################global_test_on_all_clients : 66
{'global_test_acc': 0.6542507876934539, 'global_test_loss': 1.0129701881017774}
{'person_test_acc': 0.7750016569053767, 'person_test_loss': 0.7096835897253101}
################Communication round : 67
client_indexes = [8 1]
client_indexes = [1 8]
@@@@@@@@@@@@@@@@ Training Client CM(67): 1
Client Index = 1	Epoch: 0	Loss: 0.382587
Client Index = 1	Epoch: 1	Loss: 0.285109
Client Index = 1	Epoch: 2	Loss: 0.262040
Client Index = 1	Epoch: 3	Loss: 0.412671
Client Index = 1	Epoch: 4	Loss: 0.244037
@@@@@@@@@@@@@@@@ Training Client CM(67): 8
Client Index = 8	Epoch: 0	Loss: 0.265538
Client Index = 8	Epoch: 1	Loss: 0.301826
Client Index = 8	Epoch: 2	Loss: 0.141850
Client Index = 8	Epoch: 3	Loss: 0.131595
Client Index = 8	Epoch: 4	Loss: 0.145138
{'training_loss': 0.2572392771206796}
################global_test_on_all_clients : 67
{'global_test_acc': 0.650879735635727, 'global_test_loss': 1.1239642858945351}
{'person_test_acc': 0.7801694596129407, 'person_test_loss': 0.6808111578828656}
################Communication round : 68
client_indexes = [16  2]
client_indexes = [ 2 16]
@@@@@@@@@@@@@@@@ Training Client CM(68): 2
Client Index = 2	Epoch: 0	Loss: 0.286306
Client Index = 2	Epoch: 1	Loss: 0.215719
Client Index = 2	Epoch: 2	Loss: 0.179833
Client Index = 2	Epoch: 3	Loss: 0.156195
Client Index = 2	Epoch: 4	Loss: 0.157712
@@@@@@@@@@@@@@@@ Training Client CM(68): 16
Client Index = 16	Epoch: 0	Loss: 0.695592
Client Index = 16	Epoch: 1	Loss: 0.484549
Client Index = 16	Epoch: 2	Loss: 0.432887
Client Index = 16	Epoch: 3	Loss: 0.377775
Client Index = 16	Epoch: 4	Loss: 0.383727
{'training_loss': 0.3370295058563352}
################global_test_on_all_clients : 68
{'global_test_acc': 0.6344336146829184, 'global_test_loss': 1.2246278053449586}
{'person_test_acc': 0.7789789834224646, 'person_test_loss': 0.6901624416890193}
################Communication round : 69
client_indexes = [14 16]
client_indexes = [14 16]
@@@@@@@@@@@@@@@@ Training Client CM(69): 14
Client Index = 14	Epoch: 0	Loss: 0.740712
Client Index = 14	Epoch: 1	Loss: 0.490864
Client Index = 14	Epoch: 2	Loss: 0.396299
Client Index = 14	Epoch: 3	Loss: 0.374168
Client Index = 14	Epoch: 4	Loss: 0.373713
@@@@@@@@@@@@@@@@ Training Client CM(69): 16
Client Index = 16	Epoch: 0	Loss: 0.455524
Client Index = 16	Epoch: 1	Loss: 0.403841
Client Index = 16	Epoch: 2	Loss: 0.328369
Client Index = 16	Epoch: 3	Loss: 0.375471
Client Index = 16	Epoch: 4	Loss: 0.359854
{'training_loss': 0.4298815309256315}
################global_test_on_all_clients : 69
{'global_test_acc': 0.703142100202142, 'global_test_loss': 0.8881427680942652}
{'person_test_acc': 0.7866212252098357, 'person_test_loss': 0.6666472897660062}
################Communication round : 70
client_indexes = [ 6 15]
client_indexes = [ 6 15]
@@@@@@@@@@@@@@@@ Training Client CM(70): 6
Client Index = 6	Epoch: 0	Loss: 0.562679
Client Index = 6	Epoch: 1	Loss: 0.462074
Client Index = 6	Epoch: 2	Loss: 0.401896
Client Index = 6	Epoch: 3	Loss: 0.442348
Client Index = 6	Epoch: 4	Loss: 0.339588
@@@@@@@@@@@@@@@@ Training Client CM(70): 15
Client Index = 15	Epoch: 0	Loss: 0.558354
Client Index = 15	Epoch: 1	Loss: 0.436171
Client Index = 15	Epoch: 2	Loss: 0.444514
Client Index = 15	Epoch: 3	Loss: 0.373883
Client Index = 15	Epoch: 4	Loss: 0.390837
{'training_loss': 0.44123432353138925}
################global_test_on_all_clients : 70
{'global_test_acc': 0.6047266753921852, 'global_test_loss': 1.2146865675365037}
{'person_test_acc': 0.7836418735967418, 'person_test_loss': 0.6866178512966326}
################Communication round : 71
client_indexes = [ 4 14]
client_indexes = [ 4 14]
@@@@@@@@@@@@@@@@ Training Client CM(71): 4
Client Index = 4	Epoch: 0	Loss: 0.584255
Client Index = 4	Epoch: 1	Loss: 0.454822
Client Index = 4	Epoch: 2	Loss: 0.390887
Client Index = 4	Epoch: 3	Loss: 0.364215
Client Index = 4	Epoch: 4	Loss: 0.353010
@@@@@@@@@@@@@@@@ Training Client CM(71): 14
Client Index = 14	Epoch: 0	Loss: 0.606010
Client Index = 14	Epoch: 1	Loss: 0.383952
Client Index = 14	Epoch: 2	Loss: 0.354704
Client Index = 14	Epoch: 3	Loss: 0.304234
Client Index = 14	Epoch: 4	Loss: 0.348049
{'training_loss': 0.4144139052182436}
################global_test_on_all_clients : 71
{'global_test_acc': 0.6884769674934967, 'global_test_loss': 1.0161256618892704}
{'person_test_acc': 0.7847140121937314, 'person_test_loss': 0.6918148577266716}
################Communication round : 72
client_indexes = [12  6]
client_indexes = [ 6 12]
@@@@@@@@@@@@@@@@ Training Client CM(72): 6
Client Index = 6	Epoch: 0	Loss: 0.495133
Client Index = 6	Epoch: 1	Loss: 0.406388
Client Index = 6	Epoch: 2	Loss: 0.360059
Client Index = 6	Epoch: 3	Loss: 0.417985
Client Index = 6	Epoch: 4	Loss: 0.339780
@@@@@@@@@@@@@@@@ Training Client CM(72): 12
Client Index = 12	Epoch: 0	Loss: 0.674765
Client Index = 12	Epoch: 1	Loss: 0.452257
Client Index = 12	Epoch: 2	Loss: 0.462352
Client Index = 12	Epoch: 3	Loss: 0.420684
Client Index = 12	Epoch: 4	Loss: 0.397330
{'training_loss': 0.4426733531802892}
################global_test_on_all_clients : 72
{'global_test_acc': 0.7169158641272546, 'global_test_loss': 0.8717172902321579}
{'person_test_acc': 0.786003694733414, 'person_test_loss': 0.6936097754341082}
################Communication round : 73
client_indexes = [2 0]
client_indexes = [0 2]
@@@@@@@@@@@@@@@@ Training Client CM(73): 0
Client Index = 0	Epoch: 0	Loss: 0.541885
Client Index = 0	Epoch: 1	Loss: 0.375377
Client Index = 0	Epoch: 2	Loss: 0.371087
Client Index = 0	Epoch: 3	Loss: 0.358691
Client Index = 0	Epoch: 4	Loss: 0.426176
@@@@@@@@@@@@@@@@ Training Client CM(73): 2
Client Index = 2	Epoch: 0	Loss: 0.445217
Client Index = 2	Epoch: 1	Loss: 0.189626
Client Index = 2	Epoch: 2	Loss: 0.162244
Client Index = 2	Epoch: 3	Loss: 0.145438
Client Index = 2	Epoch: 4	Loss: 0.145439
{'training_loss': 0.3161179783567786}
################global_test_on_all_clients : 73
{'global_test_acc': 0.6119362093526319, 'global_test_loss': 1.3251921774100892}
{'person_test_acc': 0.7823265512451374, 'person_test_loss': 0.7029139678330816}
################Communication round : 74
client_indexes = [0 1]
client_indexes = [0 1]
@@@@@@@@@@@@@@@@ Training Client CM(74): 0
Client Index = 0	Epoch: 0	Loss: 0.384630
Client Index = 0	Epoch: 1	Loss: 0.374967
Client Index = 0	Epoch: 2	Loss: 0.276879
Client Index = 0	Epoch: 3	Loss: 0.275933
Client Index = 0	Epoch: 4	Loss: 0.313861
@@@@@@@@@@@@@@@@ Training Client CM(74): 1
Client Index = 1	Epoch: 0	Loss: 0.649012
Client Index = 1	Epoch: 1	Loss: 0.311813
Client Index = 1	Epoch: 2	Loss: 0.230963
Client Index = 1	Epoch: 3	Loss: 0.220882
Client Index = 1	Epoch: 4	Loss: 0.187096
{'training_loss': 0.32260337401181455}
################global_test_on_all_clients : 74
{'global_test_acc': 0.6664546608597487, 'global_test_loss': 1.0930893671614386}
{'person_test_acc': 0.783718201344541, 'person_test_loss': 0.702835757691855}
################Communication round : 75
client_indexes = [18 11]
client_indexes = [11 18]
@@@@@@@@@@@@@@@@ Training Client CM(75): 11
Client Index = 11	Epoch: 0	Loss: 0.529070
Client Index = 11	Epoch: 1	Loss: 0.272708
Client Index = 11	Epoch: 2	Loss: 0.259299
Client Index = 11	Epoch: 3	Loss: 0.222703
Client Index = 11	Epoch: 4	Loss: 0.190100
@@@@@@@@@@@@@@@@ Training Client CM(75): 18
Client Index = 18	Epoch: 0	Loss: 0.654706
Client Index = 18	Epoch: 1	Loss: 0.433515
Client Index = 18	Epoch: 2	Loss: 0.409967
Client Index = 18	Epoch: 3	Loss: 0.364163
Client Index = 18	Epoch: 4	Loss: 0.314865
{'training_loss': 0.3651097159460187}
################global_test_on_all_clients : 75
{'global_test_acc': 0.7015865314134737, 'global_test_loss': 0.9468097767484951}
{'person_test_acc': 0.7879925552212804, 'person_test_loss': 0.6869073109735783}
################Communication round : 76
client_indexes = [11  9]
client_indexes = [ 9 11]
@@@@@@@@@@@@@@@@ Training Client CM(76): 9
Client Index = 9	Epoch: 0	Loss: 0.670530
Client Index = 9	Epoch: 1	Loss: 0.435891
Client Index = 9	Epoch: 2	Loss: 0.380817
Client Index = 9	Epoch: 3	Loss: 0.367815
Client Index = 9	Epoch: 4	Loss: 0.367476
@@@@@@@@@@@@@@@@ Training Client CM(76): 11
Client Index = 11	Epoch: 0	Loss: 0.235770
Client Index = 11	Epoch: 1	Loss: 0.213510
Client Index = 11	Epoch: 2	Loss: 0.169919
Client Index = 11	Epoch: 3	Loss: 0.445075
Client Index = 11	Epoch: 4	Loss: 0.180082
{'training_loss': 0.34668853897601365}
################global_test_on_all_clients : 76
{'global_test_acc': 0.6843932984005708, 'global_test_loss': 0.9382576127146376}
{'person_test_acc': 0.7890771636821264, 'person_test_loss': 0.6861707973034811}
################Communication round : 77
client_indexes = [14  8]
client_indexes = [ 8 14]
@@@@@@@@@@@@@@@@ Training Client CM(77): 8
Client Index = 8	Epoch: 0	Loss: 0.513901
Client Index = 8	Epoch: 1	Loss: 0.149431
Client Index = 8	Epoch: 2	Loss: 0.189101
Client Index = 8	Epoch: 3	Loss: 0.155779
Client Index = 8	Epoch: 4	Loss: 0.096630
@@@@@@@@@@@@@@@@ Training Client CM(77): 14
Client Index = 14	Epoch: 0	Loss: 0.550809
Client Index = 14	Epoch: 1	Loss: 0.343831
Client Index = 14	Epoch: 2	Loss: 0.440548
Client Index = 14	Epoch: 3	Loss: 0.395660
Client Index = 14	Epoch: 4	Loss: 0.250539
{'training_loss': 0.3086228736117482}
################global_test_on_all_clients : 77
{'global_test_acc': 0.6882635653480516, 'global_test_loss': 1.0441654651744712}
{'person_test_acc': 0.8005081807542964, 'person_test_loss': 0.6413014967851753}
################Communication round : 78
client_indexes = [19  7]
client_indexes = [ 7 19]
@@@@@@@@@@@@@@@@ Training Client CM(78): 7
Client Index = 7	Epoch: 0	Loss: 0.799095
Client Index = 7	Epoch: 1	Loss: 0.638769
Client Index = 7	Epoch: 2	Loss: 0.618704
Client Index = 7	Epoch: 3	Loss: 0.571789
Client Index = 7	Epoch: 4	Loss: 0.574496
@@@@@@@@@@@@@@@@ Training Client CM(78): 19
Client Index = 19	Epoch: 0	Loss: 0.501914
Client Index = 19	Epoch: 1	Loss: 0.410085
Client Index = 19	Epoch: 2	Loss: 0.375848
Client Index = 19	Epoch: 3	Loss: 0.341401
Client Index = 19	Epoch: 4	Loss: 0.307487
{'training_loss': 0.5139589115232229}
################global_test_on_all_clients : 78
{'global_test_acc': 0.6962519507340754, 'global_test_loss': 0.9502725471111553}
{'person_test_acc': 0.8094389217054152, 'person_test_loss': 0.6167659022715466}
################Communication round : 79
client_indexes = [ 6 14]
client_indexes = [ 6 14]
@@@@@@@@@@@@@@@@ Training Client CM(79): 6
Client Index = 6	Epoch: 0	Loss: 0.514548
Client Index = 6	Epoch: 1	Loss: 0.366773
Client Index = 6	Epoch: 2	Loss: 0.334506
Client Index = 6	Epoch: 3	Loss: 0.315454
Client Index = 6	Epoch: 4	Loss: 0.351764
@@@@@@@@@@@@@@@@ Training Client CM(79): 14
Client Index = 14	Epoch: 0	Loss: 0.524085
Client Index = 14	Epoch: 1	Loss: 0.293018
Client Index = 14	Epoch: 2	Loss: 0.310280
Client Index = 14	Epoch: 3	Loss: 0.232636
Client Index = 14	Epoch: 4	Loss: 0.263639
{'training_loss': 0.3506704539060592}
################global_test_on_all_clients : 79
{'global_test_acc': 0.7183381877418198, 'global_test_loss': 0.9552611056639522}
{'person_test_acc': 0.8110218990886405, 'person_test_loss': 0.6068883986465978}
################Communication round : 80
client_indexes = [17 13]
client_indexes = [13 17]
@@@@@@@@@@@@@@@@ Training Client CM(80): 13
Client Index = 13	Epoch: 0	Loss: 0.528057
Client Index = 13	Epoch: 1	Loss: 0.390337
Client Index = 13	Epoch: 2	Loss: 0.310383
Client Index = 13	Epoch: 3	Loss: 0.378635
Client Index = 13	Epoch: 4	Loss: 0.329703
@@@@@@@@@@@@@@@@ Training Client CM(80): 17
Client Index = 17	Epoch: 0	Loss: 0.642755
Client Index = 17	Epoch: 1	Loss: 0.500205
Client Index = 17	Epoch: 2	Loss: 0.498156
Client Index = 17	Epoch: 3	Loss: 0.426843
Client Index = 17	Epoch: 4	Loss: 0.406085
{'training_loss': 0.44111595787107943}
################global_test_on_all_clients : 80
{'global_test_acc': 0.7139705380540771, 'global_test_loss': 0.8728324635015167}
{'person_test_acc': 0.798444885920127, 'person_test_loss': 0.6440933175494915}
################Communication round : 81
client_indexes = [7 8]
client_indexes = [7 8]
@@@@@@@@@@@@@@@@ Training Client CM(81): 7
Client Index = 7	Epoch: 0	Loss: 0.743245
Client Index = 7	Epoch: 1	Loss: 0.564237
Client Index = 7	Epoch: 2	Loss: 0.569778
Client Index = 7	Epoch: 3	Loss: 0.568607
Client Index = 7	Epoch: 4	Loss: 0.470137
@@@@@@@@@@@@@@@@ Training Client CM(81): 8
Client Index = 8	Epoch: 0	Loss: 0.254281
Client Index = 8	Epoch: 1	Loss: 0.115614
Client Index = 8	Epoch: 2	Loss: 0.093504
Client Index = 8	Epoch: 3	Loss: 0.086642
Client Index = 8	Epoch: 4	Loss: 0.078962
{'training_loss': 0.3545007708389312}
################global_test_on_all_clients : 81
{'global_test_acc': 0.666661484988564, 'global_test_loss': 1.0898119503690404}
{'person_test_acc': 0.7979488541740951, 'person_test_loss': 0.6465562341587765}
################Communication round : 82
client_indexes = [ 7 15]
client_indexes = [ 7 15]
@@@@@@@@@@@@@@@@ Training Client CM(82): 7
Client Index = 7	Epoch: 0	Loss: 0.516716
Client Index = 7	Epoch: 1	Loss: 0.569832
Client Index = 7	Epoch: 2	Loss: 0.539866
Client Index = 7	Epoch: 3	Loss: 0.435474
Client Index = 7	Epoch: 4	Loss: 0.472023
@@@@@@@@@@@@@@@@ Training Client CM(82): 15
Client Index = 15	Epoch: 0	Loss: 0.640510
Client Index = 15	Epoch: 1	Loss: 0.385841
Client Index = 15	Epoch: 2	Loss: 0.370764
Client Index = 15	Epoch: 3	Loss: 0.339149
Client Index = 15	Epoch: 4	Loss: 0.336247
{'training_loss': 0.4606421005725861}
################global_test_on_all_clients : 82
{'global_test_acc': 0.683024257099839, 'global_test_loss': 0.9727214506182754}
{'person_test_acc': 0.8045049540825808, 'person_test_loss': 0.6237174779176211}
################Communication round : 83
client_indexes = [13  9]
client_indexes = [ 9 13]
@@@@@@@@@@@@@@@@ Training Client CM(83): 9
Client Index = 9	Epoch: 0	Loss: 0.590358
Client Index = 9	Epoch: 1	Loss: 0.396482
Client Index = 9	Epoch: 2	Loss: 0.380067
Client Index = 9	Epoch: 3	Loss: 0.299339
Client Index = 9	Epoch: 4	Loss: 0.330851
@@@@@@@@@@@@@@@@ Training Client CM(83): 13
Client Index = 13	Epoch: 0	Loss: 0.523940
Client Index = 13	Epoch: 1	Loss: 0.312007
Client Index = 13	Epoch: 2	Loss: 0.281436
Client Index = 13	Epoch: 3	Loss: 0.337091
Client Index = 13	Epoch: 4	Loss: 0.262140
{'training_loss': 0.37137120574712756}
################global_test_on_all_clients : 83
{'global_test_acc': 0.7156377339634361, 'global_test_loss': 0.8745754997213258}
{'person_test_acc': 0.8168839311107184, 'person_test_loss': 0.5912373024029755}
################Communication round : 84
client_indexes = [6 7]
client_indexes = [6 7]
@@@@@@@@@@@@@@@@ Training Client CM(84): 6
Client Index = 6	Epoch: 0	Loss: 0.529172
Client Index = 6	Epoch: 1	Loss: 0.341540
Client Index = 6	Epoch: 2	Loss: 0.279768
Client Index = 6	Epoch: 3	Loss: 0.295136
Client Index = 6	Epoch: 4	Loss: 0.294971
@@@@@@@@@@@@@@@@ Training Client CM(84): 7
Client Index = 7	Epoch: 0	Loss: 0.627831
Client Index = 7	Epoch: 1	Loss: 0.455679
Client Index = 7	Epoch: 2	Loss: 0.481444
Client Index = 7	Epoch: 3	Loss: 0.456669
Client Index = 7	Epoch: 4	Loss: 0.397528
{'training_loss': 0.4159736914932728}
################global_test_on_all_clients : 84
{'global_test_acc': 0.7456517500625752, 'global_test_loss': 0.8024206559667112}
{'person_test_acc': 0.8154928812914507, 'person_test_loss': 0.5988357157165406}
################Communication round : 85
client_indexes = [ 9 18]
client_indexes = [ 9 18]
@@@@@@@@@@@@@@@@ Training Client CM(85): 9
Client Index = 9	Epoch: 0	Loss: 0.538373
Client Index = 9	Epoch: 1	Loss: 0.371226
Client Index = 9	Epoch: 2	Loss: 0.299036
Client Index = 9	Epoch: 3	Loss: 0.266416
Client Index = 9	Epoch: 4	Loss: 0.289252
@@@@@@@@@@@@@@@@ Training Client CM(85): 18
Client Index = 18	Epoch: 0	Loss: 0.671467
Client Index = 18	Epoch: 1	Loss: 0.369882
Client Index = 18	Epoch: 2	Loss: 0.407240
Client Index = 18	Epoch: 3	Loss: 0.343761
Client Index = 18	Epoch: 4	Loss: 0.352478
{'training_loss': 0.3909130737930536}
################global_test_on_all_clients : 85
{'global_test_acc': 0.6686077375858673, 'global_test_loss': 0.9954309445722073}
{'person_test_acc': 0.8165821952103093, 'person_test_loss': 0.5957520099678861}
################Communication round : 86
client_indexes = [14 19]
client_indexes = [14 19]
@@@@@@@@@@@@@@@@ Training Client CM(86): 14
Client Index = 14	Epoch: 0	Loss: 0.461695
Client Index = 14	Epoch: 1	Loss: 0.334344
Client Index = 14	Epoch: 2	Loss: 0.376358
Client Index = 14	Epoch: 3	Loss: 0.236051
Client Index = 14	Epoch: 4	Loss: 0.201856
@@@@@@@@@@@@@@@@ Training Client CM(86): 19
Client Index = 19	Epoch: 0	Loss: 0.443717
Client Index = 19	Epoch: 1	Loss: 0.347495
Client Index = 19	Epoch: 2	Loss: 0.331416
Client Index = 19	Epoch: 3	Loss: 0.308603
Client Index = 19	Epoch: 4	Loss: 0.255193
{'training_loss': 0.32967284008860587}
################global_test_on_all_clients : 86
{'global_test_acc': 0.7394883345532979, 'global_test_loss': 0.7942574114283663}
{'person_test_acc': 0.8171786166814823, 'person_test_loss': 0.5939734438092079}
################Communication round : 87
client_indexes = [2 4]
client_indexes = [2 4]
@@@@@@@@@@@@@@@@ Training Client CM(87): 2
Client Index = 2	Epoch: 0	Loss: 0.252831
Client Index = 2	Epoch: 1	Loss: 0.172944
Client Index = 2	Epoch: 2	Loss: 0.137378
Client Index = 2	Epoch: 3	Loss: 0.115777
Client Index = 2	Epoch: 4	Loss: 0.116562
@@@@@@@@@@@@@@@@ Training Client CM(87): 4
Client Index = 4	Epoch: 0	Loss: 0.459572
Client Index = 4	Epoch: 1	Loss: 0.395558
Client Index = 4	Epoch: 2	Loss: 0.318262
Client Index = 4	Epoch: 3	Loss: 0.282005
Client Index = 4	Epoch: 4	Loss: 0.285465
{'training_loss': 0.25363550474867225}
################global_test_on_all_clients : 87
{'global_test_acc': 0.6705988394364424, 'global_test_loss': 1.1381973622945711}
{'person_test_acc': 0.8188651246179901, 'person_test_loss': 0.5928676079819091}
################Communication round : 88
client_indexes = [6 9]
client_indexes = [6 9]
@@@@@@@@@@@@@@@@ Training Client CM(88): 6
Client Index = 6	Epoch: 0	Loss: 0.368105
Client Index = 6	Epoch: 1	Loss: 0.287931
Client Index = 6	Epoch: 2	Loss: 0.301713
Client Index = 6	Epoch: 3	Loss: 0.245748
Client Index = 6	Epoch: 4	Loss: 0.334906
@@@@@@@@@@@@@@@@ Training Client CM(88): 9
Client Index = 9	Epoch: 0	Loss: 0.566415
Client Index = 9	Epoch: 1	Loss: 0.297514
Client Index = 9	Epoch: 2	Loss: 0.269659
Client Index = 9	Epoch: 3	Loss: 0.294116
Client Index = 9	Epoch: 4	Loss: 0.224571
{'training_loss': 0.31906792126595973}
################global_test_on_all_clients : 88
{'global_test_acc': 0.782044508576415, 'global_test_loss': 0.6695619681084634}
{'person_test_acc': 0.8200506996972372, 'person_test_loss': 0.5854907826712095}
################Communication round : 89
client_indexes = [3 6]
client_indexes = [3 6]
@@@@@@@@@@@@@@@@ Training Client CM(89): 3
Client Index = 3	Epoch: 0	Loss: 0.384120
Client Index = 3	Epoch: 1	Loss: 0.273557
Client Index = 3	Epoch: 2	Loss: 0.233032
Client Index = 3	Epoch: 3	Loss: 0.254949
Client Index = 3	Epoch: 4	Loss: 0.208320
@@@@@@@@@@@@@@@@ Training Client CM(89): 6
Client Index = 6	Epoch: 0	Loss: 0.263041
Client Index = 6	Epoch: 1	Loss: 0.234687
Client Index = 6	Epoch: 2	Loss: 0.258215
Client Index = 6	Epoch: 3	Loss: 0.214503
Client Index = 6	Epoch: 4	Loss: 0.188205
{'training_loss': 0.25126299016177656}
################global_test_on_all_clients : 89
{'global_test_acc': 0.7026639524080458, 'global_test_loss': 0.9920633716277125}
{'person_test_acc': 0.8207475015202765, 'person_test_loss': 0.5880656450842414}
################Communication round : 90
client_indexes = [12 17]
client_indexes = [12 17]
@@@@@@@@@@@@@@@@ Training Client CM(90): 12
Client Index = 12	Epoch: 0	Loss: 0.549476
Client Index = 12	Epoch: 1	Loss: 0.383494
Client Index = 12	Epoch: 2	Loss: 0.377848
Client Index = 12	Epoch: 3	Loss: 0.332369
Client Index = 12	Epoch: 4	Loss: 0.272963
@@@@@@@@@@@@@@@@ Training Client CM(90): 17
Client Index = 17	Epoch: 0	Loss: 0.680342
Client Index = 17	Epoch: 1	Loss: 0.451853
Client Index = 17	Epoch: 2	Loss: 0.442307
Client Index = 17	Epoch: 3	Loss: 0.375214
Client Index = 17	Epoch: 4	Loss: 0.368376
{'training_loss': 0.4234241821616888}
################global_test_on_all_clients : 90
{'global_test_acc': 0.7609898324504542, 'global_test_loss': 0.7840021861623174}
{'person_test_acc': 0.823631191444225, 'person_test_loss': 0.5822635433952518}
################Communication round : 91
client_indexes = [11 15]
client_indexes = [11 15]
@@@@@@@@@@@@@@@@ Training Client CM(91): 11
Client Index = 11	Epoch: 0	Loss: 0.730989
Client Index = 11	Epoch: 1	Loss: 0.213563
Client Index = 11	Epoch: 2	Loss: 0.185849
Client Index = 11	Epoch: 3	Loss: 0.158665
Client Index = 11	Epoch: 4	Loss: 0.186905
@@@@@@@@@@@@@@@@ Training Client CM(91): 15
Client Index = 15	Epoch: 0	Loss: 0.617929
Client Index = 15	Epoch: 1	Loss: 0.365523
Client Index = 15	Epoch: 2	Loss: 0.330820
Client Index = 15	Epoch: 3	Loss: 0.288393
Client Index = 15	Epoch: 4	Loss: 0.303321
{'training_loss': 0.33819562442600726}
################global_test_on_all_clients : 91
{'global_test_acc': 0.6441106443155459, 'global_test_loss': 1.2245113344162555}
{'person_test_acc': 0.8256046969458687, 'person_test_loss': 0.5739486336055534}
################Communication round : 92
client_indexes = [ 5 14]
client_indexes = [ 5 14]
@@@@@@@@@@@@@@@@ Training Client CM(92): 5
Client Index = 5	Epoch: 0	Loss: 0.643050
Client Index = 5	Epoch: 1	Loss: 0.420278
Client Index = 5	Epoch: 2	Loss: 0.365489
Client Index = 5	Epoch: 3	Loss: 0.359385
Client Index = 5	Epoch: 4	Loss: 0.336238
@@@@@@@@@@@@@@@@ Training Client CM(92): 14
Client Index = 14	Epoch: 0	Loss: 0.479754
Client Index = 14	Epoch: 1	Loss: 0.278705
Client Index = 14	Epoch: 2	Loss: 0.274279
Client Index = 14	Epoch: 3	Loss: 0.190084
Client Index = 14	Epoch: 4	Loss: 0.154767
{'training_loss': 0.3502030212059617}
################global_test_on_all_clients : 92
{'global_test_acc': 0.723998419074339, 'global_test_loss': 0.9128793857955412}
{'person_test_acc': 0.8292826293514353, 'person_test_loss': 0.5660223036336725}
################Communication round : 93
client_indexes = [8 6]
client_indexes = [6 8]
@@@@@@@@@@@@@@@@ Training Client CM(93): 6
Client Index = 6	Epoch: 0	Loss: 0.334919
Client Index = 6	Epoch: 1	Loss: 0.247573
Client Index = 6	Epoch: 2	Loss: 0.224277
Client Index = 6	Epoch: 3	Loss: 0.173764
Client Index = 6	Epoch: 4	Loss: 0.176424
@@@@@@@@@@@@@@@@ Training Client CM(93): 8
Client Index = 8	Epoch: 0	Loss: 0.281898
Client Index = 8	Epoch: 1	Loss: 0.110944
Client Index = 8	Epoch: 2	Loss: 0.091204
Client Index = 8	Epoch: 3	Loss: 0.070067
Client Index = 8	Epoch: 4	Loss: 0.068106
{'training_loss': 0.1779174606036395}
################global_test_on_all_clients : 93
{'global_test_acc': 0.7049334429016046, 'global_test_loss': 1.0096714596588718}
{'person_test_acc': 0.8300751014557886, 'person_test_loss': 0.5570199749960042}
################Communication round : 94
client_indexes = [ 4 10]
client_indexes = [ 4 10]
@@@@@@@@@@@@@@@@ Training Client CM(94): 4
Client Index = 4	Epoch: 0	Loss: 0.428895
Client Index = 4	Epoch: 1	Loss: 0.311571
Client Index = 4	Epoch: 2	Loss: 0.267645
Client Index = 4	Epoch: 3	Loss: 0.263221
Client Index = 4	Epoch: 4	Loss: 0.239038
@@@@@@@@@@@@@@@@ Training Client CM(94): 10
Client Index = 10	Epoch: 0	Loss: 0.703345
Client Index = 10	Epoch: 1	Loss: 0.434955
Client Index = 10	Epoch: 2	Loss: 0.418754
Client Index = 10	Epoch: 3	Loss: 0.361491
Client Index = 10	Epoch: 4	Loss: 0.375601
{'training_loss': 0.3804517202079296}
################global_test_on_all_clients : 94
{'global_test_acc': 0.6927287895815378, 'global_test_loss': 1.0423118089237526}
{'person_test_acc': 0.8281909697381579, 'person_test_loss': 0.5562452070095767}
################Communication round : 95
client_indexes = [12 10]
client_indexes = [10 12]
@@@@@@@@@@@@@@@@ Training Client CM(95): 10
Client Index = 10	Epoch: 0	Loss: 0.458312
Client Index = 10	Epoch: 1	Loss: 0.336603
Client Index = 10	Epoch: 2	Loss: 0.301200
Client Index = 10	Epoch: 3	Loss: 0.364906
Client Index = 10	Epoch: 4	Loss: 0.337268
@@@@@@@@@@@@@@@@ Training Client CM(95): 12
Client Index = 12	Epoch: 0	Loss: 0.633209
Client Index = 12	Epoch: 1	Loss: 0.308841
Client Index = 12	Epoch: 2	Loss: 0.345224
Client Index = 12	Epoch: 3	Loss: 0.306398
Client Index = 12	Epoch: 4	Loss: 0.231354
{'training_loss': 0.3623315992951393}
################global_test_on_all_clients : 95
{'global_test_acc': 0.7146190905147465, 'global_test_loss': 0.9656200245395354}
{'person_test_acc': 0.8371301915501432, 'person_test_loss': 0.5317972182929582}
################Communication round : 96
client_indexes = [0 3]
client_indexes = [0 3]
@@@@@@@@@@@@@@@@ Training Client CM(96): 0
Client Index = 0	Epoch: 0	Loss: 0.433631
Client Index = 0	Epoch: 1	Loss: 0.365407
Client Index = 0	Epoch: 2	Loss: 0.254496
Client Index = 0	Epoch: 3	Loss: 0.251906
Client Index = 0	Epoch: 4	Loss: 0.234870
@@@@@@@@@@@@@@@@ Training Client CM(96): 3
Client Index = 3	Epoch: 0	Loss: 0.380685
Client Index = 3	Epoch: 1	Loss: 0.222403
Client Index = 3	Epoch: 2	Loss: 0.204540
Client Index = 3	Epoch: 3	Loss: 0.176484
Client Index = 3	Epoch: 4	Loss: 0.170728
{'training_loss': 0.2695148884877563}
################global_test_on_all_clients : 96
{'global_test_acc': 0.7221127896549827, 'global_test_loss': 0.9093703918621611}
{'person_test_acc': 0.8360377383329384, 'person_test_loss': 0.5353534964962539}
################Communication round : 97
client_indexes = [ 1 13]
client_indexes = [ 1 13]
@@@@@@@@@@@@@@@@ Training Client CM(97): 1
Client Index = 1	Epoch: 0	Loss: 0.640138
Client Index = 1	Epoch: 1	Loss: 0.229497
Client Index = 1	Epoch: 2	Loss: 0.191836
Client Index = 1	Epoch: 3	Loss: 0.222527
Client Index = 1	Epoch: 4	Loss: 0.140807
@@@@@@@@@@@@@@@@ Training Client CM(97): 13
Client Index = 13	Epoch: 0	Loss: 0.428163
Client Index = 13	Epoch: 1	Loss: 0.300400
Client Index = 13	Epoch: 2	Loss: 0.253462
Client Index = 13	Epoch: 3	Loss: 0.225819
Client Index = 13	Epoch: 4	Loss: 0.249082
{'training_loss': 0.2881731522083283}
################global_test_on_all_clients : 97
{'global_test_acc': 0.7186352401153949, 'global_test_loss': 0.974131179133448}
{'person_test_acc': 0.8351588532277281, 'person_test_loss': 0.5269299954240539}
################Communication round : 98
client_indexes = [ 8 15]
client_indexes = [ 8 15]
@@@@@@@@@@@@@@@@ Training Client CM(98): 8
Client Index = 8	Epoch: 0	Loss: 0.447662
Client Index = 8	Epoch: 1	Loss: 0.108879
Client Index = 8	Epoch: 2	Loss: 0.077956
Client Index = 8	Epoch: 3	Loss: 0.059201
Client Index = 8	Epoch: 4	Loss: 0.056009
@@@@@@@@@@@@@@@@ Training Client CM(98): 15
Client Index = 15	Epoch: 0	Loss: 0.568050
Client Index = 15	Epoch: 1	Loss: 0.350236
Client Index = 15	Epoch: 2	Loss: 0.295311
Client Index = 15	Epoch: 3	Loss: 0.277873
Client Index = 15	Epoch: 4	Loss: 0.250194
{'training_loss': 0.2491370018897578}
################global_test_on_all_clients : 98
{'global_test_acc': 0.7367018684105424, 'global_test_loss': 0.8444285571989635}
{'person_test_acc': 0.83367371642947, 'person_test_loss': 0.5326237589595433}
################Communication round : 99
client_indexes = [11 15]
client_indexes = [11 15]
@@@@@@@@@@@@@@@@ Training Client CM(99): 11
Client Index = 11	Epoch: 0	Loss: 0.428606
Client Index = 11	Epoch: 1	Loss: 0.183138
Client Index = 11	Epoch: 2	Loss: 0.150381
Client Index = 11	Epoch: 3	Loss: 0.143138
Client Index = 11	Epoch: 4	Loss: 0.129266
@@@@@@@@@@@@@@@@ Training Client CM(99): 15
Client Index = 15	Epoch: 0	Loss: 0.383844
Client Index = 15	Epoch: 1	Loss: 0.253796
Client Index = 15	Epoch: 2	Loss: 0.279852
Client Index = 15	Epoch: 3	Loss: 0.247837
Client Index = 15	Epoch: 4	Loss: 0.267521
{'training_loss': 0.2467379006370902}
################global_test_on_all_clients : 99
{'global_test_acc': 0.6770681023160784, 'global_test_loss': 1.1314982547563988}
{'person_test_acc': 0.8339715334875176, 'person_test_loss': 0.5335962879123174}
