Namespace(batch_size=128, ci=0, client_num_in_total=20, client_num_per_round=2, client_optimizer='sgd', comm_round=100, data_dir='/Date/FL/DisPFL-master/data/', dataset='cifar100', epochs=5, frac=0.1, frequency_of_the_test=1, gpu=0, identity='fedavg-dir0.3-mdlresnet18-cm100-total_clnt20-neighbor2-seed1102', lr=0.1, lr_decay=0.998, model='resnet18', momentum=0, partition_alpha=0.3, partition_method='dir', seed=1102, tag='test', wd=0.0005)
cuda:0
running at devicecuda:0
*********partition data***************
train_num2500  test_num534
client_idx = 0, local_sample_number = 2500
train_num2500  test_num531
client_idx = 1, local_sample_number = 2500
train_num2500  test_num534
client_idx = 2, local_sample_number = 2500
train_num2500  test_num530
client_idx = 3, local_sample_number = 2500
train_num2500  test_num532
client_idx = 4, local_sample_number = 2500
train_num2500  test_num534
client_idx = 5, local_sample_number = 2500
train_num2500  test_num530
client_idx = 6, local_sample_number = 2500
train_num2500  test_num535
client_idx = 7, local_sample_number = 2500
train_num2500  test_num532
client_idx = 8, local_sample_number = 2500
train_num2500  test_num528
client_idx = 9, local_sample_number = 2500
train_num2500  test_num537
client_idx = 10, local_sample_number = 2500
train_num2500  test_num531
client_idx = 11, local_sample_number = 2500
train_num2500  test_num535
client_idx = 12, local_sample_number = 2500
train_num2500  test_num533
client_idx = 13, local_sample_number = 2500
train_num2500  test_num532
client_idx = 14, local_sample_number = 2500
train_num2500  test_num535
client_idx = 15, local_sample_number = 2500
train_num2500  test_num532
client_idx = 16, local_sample_number = 2500
train_num2500  test_num533
client_idx = 17, local_sample_number = 2500
train_num2500  test_num531
client_idx = 18, local_sample_number = 2500
train_num2500  test_num529
client_idx = 19, local_sample_number = 2500
DATA Partition: Train [22, 104, 2, 33, 34, 1, 2, 186, 0, 4, 1, 7, 5, 0, 0, 23, 2, 4, 4, 21, 2, 204, 3, 10, 30, 2, 2, 63, 0, 3, 53, 74, 1, 4, 64, 52, 0, 0, 28, 11, 75, 22, 35, 7, 0, 0, 54, 78, 51, 13, 0, 5, 16, 76, 6, 3, 9, 0, 43, 2, 85, 35, 5, 12, 4, 12, 35, 66, 0, 3, 0, 0, 8, 15, 0, 27, 1, 53, 7, 9, 0, 12, 5, 3, 2, 3, 58, 249, 0, 1, 1, 0, 15, 39, 63, 2, 7, 0, 102, 5]; Test [5, 21, 1, 7, 7, 1, 1, 38, 0, 1, 1, 2, 1, 0, 0, 5, 1, 1, 1, 5, 1, 41, 1, 2, 6, 1, 1, 13, 0, 1, 11, 15, 1, 1, 13, 11, 0, 0, 6, 3, 15, 5, 7, 2, 0, 0, 11, 16, 11, 3, 0, 1, 4, 16, 2, 1, 2, 0, 9, 1, 17, 7, 1, 3, 1, 3, 7, 14, 0, 1, 0, 0, 2, 3, 0, 6, 1, 11, 2, 2, 0, 3, 1, 1, 1, 1, 12, 50, 0, 1, 1, 0, 3, 8, 13, 1, 2, 0, 21, 1]
DATA Partition: Train [75, 1, 27, 55, 8, 1, 12, 0, 41, 8, 12, 1, 0, 3, 5, 85, 1, 8, 97, 104, 6, 1, 34, 15, 182, 0, 19, 38, 19, 6, 37, 15, 135, 9, 11, 0, 17, 5, 39, 19, 4, 10, 32, 0, 2, 61, 15, 0, 4, 13, 1, 7, 0, 10, 5, 105, 2, 0, 3, 0, 14, 3, 0, 46, 64, 4, 33, 20, 9, 0, 30, 33, 80, 18, 45, 42, 78, 5, 0, 1, 1, 80, 2, 172, 44, 5, 5, 11, 3, 69, 0, 0, 3, 19, 0, 3, 7, 23, 68, 35]; Test [15, 1, 6, 11, 2, 1, 3, 0, 9, 2, 3, 1, 0, 1, 1, 17, 1, 2, 20, 21, 2, 1, 7, 3, 37, 0, 4, 8, 4, 2, 8, 3, 27, 2, 3, 0, 4, 1, 8, 4, 1, 2, 7, 0, 1, 13, 3, 0, 1, 3, 1, 2, 0, 2, 1, 21, 1, 0, 1, 0, 3, 1, 0, 10, 13, 1, 7, 4, 2, 0, 6, 7, 16, 4, 9, 9, 16, 1, 0, 1, 1, 16, 1, 35, 9, 1, 1, 3, 1, 14, 0, 0, 1, 4, 0, 1, 2, 5, 14, 7]
DATA Partition: Train [0, 0, 7, 42, 39, 0, 0, 39, 102, 8, 2, 284, 17, 0, 3, 18, 2, 64, 58, 0, 2, 1, 76, 0, 0, 13, 0, 83, 4, 52, 9, 43, 139, 64, 2, 1, 1, 18, 74, 127, 2, 22, 0, 7, 1, 0, 20, 4, 8, 3, 3, 0, 1, 2, 24, 147, 12, 6, 0, 14, 15, 48, 2, 1, 0, 15, 0, 136, 52, 0, 0, 31, 0, 0, 0, 0, 29, 0, 2, 0, 121, 9, 0, 65, 8, 17, 0, 1, 3, 11, 3, 46, 51, 0, 4, 0, 69, 0, 10, 81]; Test [0, 0, 2, 9, 8, 0, 0, 8, 21, 2, 1, 57, 4, 0, 1, 4, 1, 13, 12, 0, 1, 1, 16, 0, 0, 3, 0, 17, 1, 11, 2, 9, 28, 13, 1, 1, 1, 4, 15, 26, 1, 5, 0, 2, 1, 0, 4, 1, 2, 1, 1, 0, 1, 1, 5, 30, 3, 2, 0, 3, 3, 10, 1, 1, 0, 3, 0, 28, 11, 0, 0, 7, 0, 0, 0, 0, 6, 0, 1, 0, 25, 2, 0, 13, 2, 4, 0, 1, 1, 3, 1, 10, 11, 0, 1, 0, 14, 0, 2, 17]
DATA Partition: Train [94, 2, 1, 0, 21, 0, 0, 12, 0, 12, 1, 3, 0, 0, 2, 15, 70, 4, 0, 20, 0, 20, 0, 26, 2, 17, 0, 19, 66, 34, 0, 22, 3, 51, 136, 0, 0, 0, 0, 42, 4, 10, 97, 2, 12, 21, 0, 11, 30, 2, 137, 23, 0, 2, 17, 0, 38, 134, 0, 60, 37, 0, 7, 0, 5, 0, 4, 0, 1, 79, 0, 1, 24, 201, 58, 54, 162, 0, 4, 0, 12, 30, 7, 0, 24, 0, 2, 4, 24, 52, 237, 101, 5, 0, 10, 0, 0, 15, 18, 27]; Test [19, 1, 1, 0, 5, 0, 0, 3, 0, 3, 1, 1, 0, 0, 1, 3, 14, 1, 0, 4, 0, 4, 0, 6, 1, 4, 0, 4, 14, 7, 0, 5, 1, 11, 28, 0, 0, 0, 0, 9, 1, 2, 20, 1, 3, 5, 0, 3, 6, 1, 28, 5, 0, 1, 4, 0, 8, 27, 0, 12, 8, 0, 2, 0, 1, 0, 1, 0, 1, 16, 0, 1, 5, 41, 12, 11, 33, 0, 1, 0, 3, 6, 2, 0, 5, 0, 1, 1, 5, 11, 48, 21, 1, 0, 2, 0, 0, 3, 4, 6]
DATA Partition: Train [8, 2, 0, 16, 123, 25, 66, 10, 1, 74, 14, 65, 50, 132, 18, 14, 1, 2, 0, 1, 35, 2, 78, 27, 4, 0, 69, 0, 4, 7, 150, 0, 3, 65, 1, 15, 84, 11, 15, 0, 82, 29, 13, 1, 1, 0, 4, 4, 4, 5, 4, 56, 25, 60, 32, 20, 36, 52, 0, 5, 1, 81, 122, 8, 3, 0, 1, 0, 88, 8, 0, 65, 0, 4, 215, 7, 0, 0, 26, 0, 0, 26, 0, 0, 0, 0, 2, 4, 7, 3, 1, 0, 0, 1, 18, 0, 9, 162, 2, 11]; Test [2, 1, 0, 4, 25, 5, 14, 2, 1, 15, 3, 13, 10, 27, 4, 3, 1, 1, 0, 1, 7, 1, 16, 6, 1, 0, 14, 0, 1, 2, 30, 0, 1, 13, 1, 3, 17, 3, 3, 0, 17, 6, 3, 1, 1, 0, 1, 1, 1, 1, 1, 12, 5, 12, 7, 4, 8, 11, 0, 1, 1, 17, 25, 2, 1, 0, 1, 0, 18, 2, 0, 13, 0, 1, 43, 2, 0, 0, 6, 0, 0, 6, 0, 0, 0, 0, 1, 1, 2, 1, 1, 0, 0, 1, 4, 0, 2, 33, 1, 3]
DATA Partition: Train [29, 1, 5, 9, 0, 100, 42, 0, 0, 1, 112, 16, 8, 4, 76, 4, 81, 0, 2, 44, 0, 41, 0, 5, 17, 112, 9, 52, 0, 12, 26, 46, 82, 1, 22, 185, 0, 103, 17, 0, 88, 0, 18, 81, 29, 0, 33, 11, 11, 1, 16, 89, 10, 32, 0, 0, 1, 0, 5, 0, 23, 4, 0, 7, 0, 153, 8, 97, 0, 13, 10, 0, 32, 50, 1, 0, 3, 79, 0, 0, 0, 0, 25, 15, 36, 11, 1, 1, 1, 0, 0, 0, 15, 29, 3, 106, 11, 44, 0, 33]; Test [6, 1, 1, 2, 0, 20, 9, 0, 0, 1, 23, 4, 2, 1, 16, 1, 17, 0, 1, 9, 0, 9, 0, 1, 4, 23, 2, 11, 0, 3, 6, 10, 17, 1, 5, 37, 0, 21, 4, 0, 18, 0, 4, 17, 6, 0, 7, 3, 3, 1, 4, 18, 2, 7, 0, 0, 1, 0, 1, 0, 5, 1, 0, 2, 0, 31, 2, 20, 0, 3, 2, 0, 7, 10, 1, 0, 1, 16, 0, 0, 0, 0, 5, 3, 8, 3, 1, 1, 1, 0, 0, 0, 3, 6, 1, 22, 3, 9, 0, 7]
DATA Partition: Train [7, 18, 108, 0, 29, 0, 60, 0, 0, 0, 3, 8, 0, 82, 46, 0, 97, 0, 53, 61, 179, 8, 54, 11, 18, 29, 0, 0, 0, 1, 12, 0, 39, 1, 2, 38, 111, 0, 75, 0, 43, 0, 39, 6, 156, 0, 1, 2, 3, 0, 14, 0, 0, 128, 44, 0, 33, 0, 2, 0, 23, 14, 12, 2, 21, 110, 75, 4, 0, 0, 17, 0, 4, 49, 0, 0, 9, 210, 2, 131, 5, 4, 9, 3, 59, 47, 1, 0, 1, 4, 44, 0, 2, 6, 0, 0, 0, 8, 1, 2]; Test [2, 4, 22, 0, 6, 0, 12, 0, 0, 0, 1, 2, 0, 17, 10, 0, 20, 0, 11, 13, 36, 2, 11, 3, 4, 6, 0, 0, 0, 1, 3, 0, 8, 1, 1, 8, 23, 0, 15, 0, 9, 0, 8, 2, 32, 0, 1, 1, 1, 0, 3, 0, 0, 26, 9, 0, 7, 0, 1, 0, 5, 3, 3, 1, 5, 22, 15, 1, 0, 0, 4, 0, 1, 10, 0, 0, 2, 42, 1, 27, 1, 1, 2, 1, 12, 10, 1, 0, 1, 1, 9, 0, 1, 2, 0, 0, 0, 2, 1, 1]
DATA Partition: Train [41, 7, 0, 7, 87, 7, 11, 9, 0, 1, 0, 18, 12, 6, 0, 3, 2, 2, 12, 0, 0, 29, 7, 0, 103, 4, 29, 0, 6, 47, 11, 1, 3, 0, 0, 0, 23, 4, 2, 13, 0, 0, 4, 0, 0, 0, 187, 28, 189, 172, 62, 0, 1, 37, 53, 0, 45, 60, 53, 1, 121, 29, 109, 42, 83, 27, 122, 9, 0, 3, 0, 44, 50, 1, 39, 2, 2, 16, 0, 20, 30, 41, 17, 0, 5, 1, 4, 0, 0, 69, 1, 0, 2, 14, 35, 10, 12, 16, 3, 122]; Test [9, 2, 0, 2, 18, 2, 3, 2, 0, 1, 0, 4, 3, 2, 0, 1, 1, 1, 3, 0, 0, 6, 2, 0, 21, 1, 6, 0, 2, 10, 3, 1, 1, 0, 0, 0, 5, 1, 1, 3, 0, 0, 1, 0, 0, 0, 38, 6, 38, 35, 13, 0, 1, 8, 11, 0, 9, 12, 11, 1, 25, 6, 22, 9, 17, 6, 25, 2, 0, 1, 0, 9, 10, 1, 8, 1, 1, 4, 0, 4, 6, 9, 4, 0, 1, 1, 1, 0, 0, 14, 1, 0, 1, 3, 7, 2, 3, 4, 1, 25]
DATA Partition: Train [4, 1, 0, 64, 1, 96, 0, 0, 15, 68, 1, 9, 22, 3, 40, 4, 0, 87, 1, 1, 55, 1, 100, 226, 5, 1, 190, 30, 1, 141, 0, 1, 8, 205, 47, 0, 0, 15, 0, 0, 0, 0, 0, 10, 6, 0, 14, 1, 0, 0, 0, 0, 0, 22, 1, 2, 16, 0, 55, 20, 9, 1, 6, 82, 55, 20, 21, 12, 168, 0, 6, 38, 0, 0, 2, 3, 44, 0, 28, 7, 32, 1, 0, 3, 9, 1, 58, 18, 0, 1, 48, 0, 126, 5, 0, 0, 2, 0, 104, 0]; Test [1, 1, 0, 13, 1, 20, 0, 0, 3, 14, 1, 2, 5, 1, 8, 1, 0, 18, 1, 1, 11, 1, 20, 46, 1, 1, 38, 6, 1, 29, 0, 1, 2, 41, 10, 0, 0, 3, 0, 0, 0, 0, 0, 2, 2, 0, 3, 1, 0, 0, 0, 0, 0, 5, 1, 1, 4, 0, 11, 4, 2, 1, 2, 17, 11, 4, 5, 3, 34, 0, 2, 8, 0, 0, 1, 1, 9, 0, 6, 2, 7, 1, 0, 1, 2, 1, 12, 4, 0, 1, 10, 0, 26, 1, 0, 0, 1, 0, 21, 0]
DATA Partition: Train [28, 8, 0, 4, 14, 0, 3, 0, 22, 35, 104, 34, 9, 1, 39, 61, 6, 114, 73, 39, 4, 44, 0, 22, 43, 30, 1, 0, 4, 24, 83, 31, 9, 0, 27, 0, 28, 0, 7, 104, 95, 11, 0, 53, 2, 0, 28, 35, 10, 0, 91, 1, 0, 100, 20, 32, 54, 1, 4, 0, 0, 46, 3, 30, 40, 50, 0, 20, 76, 10, 0, 0, 77, 0, 0, 77, 0, 0, 22, 10, 95, 12, 130, 0, 3, 0, 12, 15, 0, 0, 17, 7, 1, 10, 79, 6, 19, 12, 8, 21]; Test [6, 2, 0, 1, 3, 0, 1, 0, 5, 7, 21, 7, 2, 1, 8, 13, 2, 23, 15, 8, 1, 9, 0, 5, 9, 6, 1, 0, 1, 5, 17, 7, 2, 0, 6, 0, 6, 0, 2, 21, 19, 3, 0, 11, 1, 0, 6, 7, 2, 0, 19, 1, 0, 20, 4, 7, 11, 1, 1, 0, 0, 10, 1, 6, 8, 10, 0, 4, 16, 2, 0, 0, 16, 0, 0, 16, 0, 0, 5, 2, 19, 3, 26, 0, 1, 0, 3, 3, 0, 0, 4, 2, 1, 2, 16, 2, 4, 3, 2, 5]
DATA Partition: Train [53, 2, 117, 11, 3, 10, 8, 154, 95, 12, 18, 16, 143, 1, 7, 67, 1, 1, 4, 2, 6, 10, 28, 23, 47, 0, 0, 7, 3, 58, 0, 26, 0, 0, 0, 1, 74, 12, 0, 1, 9, 62, 33, 0, 0, 1, 3, 0, 14, 1, 0, 92, 42, 7, 3, 10, 6, 2, 196, 76, 10, 0, 20, 73, 65, 2, 0, 0, 18, 82, 59, 4, 0, 1, 17, 0, 46, 16, 22, 7, 6, 25, 32, 0, 61, 20, 3, 7, 0, 18, 0, 10, 0, 0, 28, 230, 3, 0, 0, 37]; Test [11, 1, 24, 3, 1, 2, 2, 31, 19, 3, 4, 4, 29, 1, 2, 14, 1, 1, 1, 1, 2, 2, 6, 5, 10, 0, 0, 2, 1, 12, 0, 6, 0, 0, 0, 1, 15, 3, 0, 1, 2, 13, 7, 0, 0, 1, 1, 0, 3, 1, 0, 19, 9, 2, 1, 2, 2, 1, 40, 16, 2, 0, 4, 15, 13, 1, 0, 0, 4, 17, 12, 1, 0, 1, 4, 0, 10, 4, 5, 2, 2, 5, 7, 0, 13, 4, 1, 2, 0, 4, 0, 2, 0, 0, 6, 46, 1, 0, 0, 8]
DATA Partition: Train [7, 12, 0, 0, 1, 2, 131, 0, 0, 0, 10, 1, 13, 1, 0, 2, 0, 10, 10, 2, 9, 0, 0, 57, 0, 58, 27, 0, 39, 0, 25, 6, 35, 7, 10, 0, 1, 122, 118, 32, 7, 1, 169, 0, 12, 5, 68, 12, 0, 0, 14, 3, 32, 0, 21, 39, 14, 1, 0, 0, 76, 16, 0, 63, 0, 3, 30, 43, 0, 0, 78, 34, 7, 0, 8, 27, 7, 0, 44, 29, 97, 0, 70, 173, 3, 133, 108, 2, 0, 101, 35, 7, 0, 0, 117, 3, 8, 20, 0, 12]; Test [2, 3, 0, 0, 1, 1, 27, 0, 0, 0, 2, 1, 3, 1, 0, 1, 0, 2, 2, 1, 2, 0, 0, 12, 0, 12, 6, 0, 8, 0, 5, 2, 7, 2, 2, 0, 1, 25, 24, 7, 2, 1, 34, 0, 3, 1, 14, 3, 0, 0, 3, 1, 7, 0, 5, 8, 3, 1, 0, 0, 16, 4, 0, 13, 0, 1, 6, 9, 0, 0, 16, 7, 2, 0, 2, 6, 2, 0, 9, 6, 20, 0, 14, 35, 1, 27, 22, 1, 0, 21, 7, 2, 0, 0, 24, 1, 2, 4, 0, 3]
DATA Partition: Train [0, 69, 70, 63, 3, 1, 1, 4, 1, 1, 9, 1, 70, 20, 133, 1, 0, 2, 45, 0, 1, 5, 0, 7, 1, 64, 30, 31, 1, 4, 11, 25, 0, 1, 80, 38, 102, 13, 1, 9, 1, 34, 7, 1, 35, 17, 8, 19, 2, 66, 0, 30, 0, 4, 3, 1, 14, 10, 1, 65, 0, 54, 39, 1, 3, 0, 47, 3, 0, 21, 175, 106, 85, 27, 0, 156, 1, 1, 74, 14, 0, 70, 27, 7, 53, 0, 54, 0, 68, 79, 2, 33, 0, 1, 63, 0, 0, 0, 0, 0]; Test [0, 14, 14, 13, 1, 1, 1, 1, 1, 1, 2, 1, 14, 4, 27, 1, 0, 1, 9, 0, 1, 1, 0, 2, 1, 13, 6, 7, 1, 1, 3, 5, 0, 1, 16, 8, 21, 3, 1, 2, 1, 7, 2, 1, 7, 4, 2, 4, 1, 14, 0, 6, 0, 1, 1, 1, 3, 2, 1, 13, 0, 11, 8, 1, 1, 0, 10, 1, 0, 5, 35, 22, 17, 6, 0, 32, 1, 1, 15, 3, 0, 14, 6, 2, 11, 0, 11, 0, 14, 16, 1, 7, 0, 1, 13, 0, 0, 0, 0, 0]
DATA Partition: Train [81, 28, 1, 64, 66, 11, 0, 13, 9, 0, 4, 5, 9, 1, 0, 78, 81, 106, 0, 177, 38, 0, 2, 0, 0, 100, 21, 53, 71, 0, 7, 0, 23, 0, 8, 88, 3, 1, 11, 72, 1, 0, 2, 0, 1, 3, 0, 0, 66, 0, 32, 39, 1, 4, 1, 1, 25, 14, 0, 24, 38, 0, 68, 0, 107, 0, 1, 0, 1, 0, 64, 4, 0, 3, 1, 8, 35, 14, 32, 111, 18, 58, 107, 0, 119, 106, 104, 0, 0, 5, 0, 1, 15, 0, 0, 0, 15, 15, 0, 4]; Test [17, 6, 1, 13, 14, 3, 0, 3, 2, 0, 1, 1, 2, 1, 0, 16, 17, 22, 0, 36, 8, 0, 1, 0, 0, 20, 5, 11, 15, 0, 2, 0, 5, 0, 2, 18, 1, 1, 3, 15, 1, 0, 1, 0, 1, 1, 0, 0, 14, 0, 7, 8, 1, 1, 1, 1, 5, 3, 0, 5, 8, 0, 14, 0, 22, 0, 1, 0, 1, 0, 13, 1, 0, 1, 1, 2, 7, 3, 7, 23, 4, 12, 22, 0, 24, 22, 21, 0, 0, 1, 0, 1, 3, 0, 0, 0, 3, 3, 0, 1]
DATA Partition: Train [0, 29, 10, 0, 42, 27, 2, 7, 0, 1, 1, 5, 8, 21, 4, 113, 21, 34, 1, 0, 68, 7, 9, 0, 8, 6, 35, 8, 0, 0, 0, 34, 2, 10, 33, 34, 1, 0, 0, 39, 38, 140, 0, 25, 0, 4, 0, 86, 3, 76, 9, 0, 103, 4, 265, 40, 38, 0, 0, 1, 0, 16, 25, 48, 0, 14, 38, 8, 15, 16, 17, 15, 83, 1, 42, 3, 18, 8, 65, 0, 36, 72, 0, 22, 21, 87, 0, 16, 38, 4, 0, 34, 134, 1, 16, 114, 9, 0, 0, 12]; Test [0, 6, 2, 0, 9, 6, 1, 2, 0, 1, 1, 1, 2, 5, 1, 23, 5, 7, 1, 0, 14, 2, 2, 0, 2, 2, 7, 2, 0, 0, 0, 7, 1, 2, 7, 7, 1, 0, 0, 8, 8, 28, 0, 5, 0, 1, 0, 18, 1, 16, 2, 0, 21, 1, 53, 8, 8, 0, 0, 1, 0, 4, 5, 10, 0, 3, 8, 2, 3, 4, 4, 3, 17, 1, 9, 1, 4, 2, 13, 0, 8, 15, 0, 5, 5, 18, 0, 4, 8, 1, 0, 7, 27, 1, 4, 23, 2, 0, 0, 3]
DATA Partition: Train [0, 92, 10, 78, 0, 64, 0, 14, 7, 45, 12, 3, 1, 66, 6, 12, 1, 3, 20, 0, 26, 0, 30, 6, 0, 22, 0, 54, 0, 73, 0, 0, 0, 16, 10, 3, 38, 9, 2, 27, 0, 5, 1, 116, 5, 44, 1, 47, 0, 0, 0, 133, 171, 1, 3, 7, 60, 5, 20, 2, 24, 152, 0, 1, 3, 21, 85, 39, 0, 11, 0, 5, 0, 8, 7, 0, 21, 36, 6, 3, 13, 32, 44, 18, 42, 24, 35, 103, 16, 2, 10, 225, 12, 2, 0, 7, 4, 35, 81, 2]; Test [0, 19, 2, 16, 0, 13, 0, 3, 2, 9, 3, 1, 1, 14, 2, 3, 1, 1, 4, 0, 6, 0, 6, 2, 0, 5, 0, 11, 0, 15, 0, 0, 0, 4, 2, 1, 8, 2, 1, 6, 0, 1, 1, 24, 1, 9, 1, 10, 0, 0, 0, 27, 35, 1, 1, 2, 12, 1, 4, 1, 5, 31, 0, 1, 1, 5, 17, 8, 0, 3, 0, 1, 0, 2, 2, 0, 5, 8, 2, 1, 3, 7, 9, 4, 9, 5, 7, 21, 4, 1, 2, 45, 3, 1, 0, 2, 1, 7, 17, 1]
DATA Partition: Train [0, 29, 1, 0, 29, 73, 0, 2, 0, 7, 114, 13, 38, 0, 17, 0, 7, 43, 1, 6, 0, 44, 12, 1, 12, 25, 0, 10, 128, 10, 0, 58, 17, 10, 1, 3, 3, 0, 46, 0, 3, 4, 2, 118, 166, 116, 1, 155, 1, 74, 0, 5, 80, 11, 0, 71, 7, 15, 26, 11, 10, 0, 14, 3, 0, 1, 0, 8, 53, 89, 0, 0, 0, 96, 32, 80, 0, 18, 63, 0, 3, 12, 15, 0, 0, 2, 0, 0, 115, 6, 28, 0, 3, 40, 37, 1, 79, 63, 0, 3]; Test [0, 6, 1, 0, 6, 15, 0, 1, 0, 2, 23, 3, 8, 0, 4, 0, 2, 9, 1, 2, 0, 9, 3, 1, 3, 5, 0, 2, 26, 2, 0, 12, 4, 2, 1, 1, 1, 0, 10, 0, 1, 1, 1, 24, 34, 24, 1, 31, 1, 15, 0, 1, 16, 3, 0, 15, 2, 3, 6, 3, 2, 0, 3, 1, 0, 1, 0, 2, 11, 18, 0, 0, 0, 20, 7, 16, 0, 4, 13, 0, 1, 3, 3, 0, 0, 1, 0, 0, 23, 2, 6, 0, 1, 8, 8, 1, 16, 13, 0, 1]
DATA Partition: Train [19, 11, 13, 30, 0, 0, 137, 7, 14, 154, 81, 7, 81, 0, 81, 0, 0, 16, 110, 0, 13, 82, 67, 3, 2, 0, 0, 20, 6, 28, 14, 35, 1, 2, 2, 11, 1, 105, 63, 3, 23, 8, 11, 46, 9, 5, 0, 0, 0, 0, 16, 17, 17, 0, 2, 22, 45, 179, 1, 35, 8, 1, 33, 45, 42, 7, 0, 10, 8, 59, 0, 83, 47, 25, 3, 0, 0, 8, 6, 95, 25, 4, 0, 19, 0, 0, 52, 68, 5, 0, 27, 33, 31, 5, 3, 3, 1, 45, 10, 34]; Test [4, 3, 3, 6, 0, 0, 28, 2, 3, 31, 17, 2, 17, 0, 17, 0, 0, 4, 22, 0, 3, 17, 14, 1, 1, 0, 0, 4, 2, 6, 3, 7, 1, 1, 1, 3, 1, 21, 13, 1, 5, 2, 3, 10, 2, 1, 0, 0, 0, 0, 4, 4, 4, 0, 1, 5, 9, 36, 1, 7, 2, 1, 7, 9, 9, 2, 0, 2, 2, 12, 0, 17, 10, 5, 1, 0, 0, 2, 2, 19, 5, 1, 0, 4, 0, 0, 11, 14, 1, 0, 6, 7, 7, 1, 1, 1, 1, 9, 2, 7]
DATA Partition: Train [31, 45, 29, 7, 0, 39, 1, 1, 68, 36, 1, 0, 0, 142, 5, 0, 24, 0, 2, 0, 0, 1, 0, 18, 7, 12, 0, 0, 119, 0, 40, 2, 0, 20, 44, 4, 4, 1, 2, 0, 0, 38, 2, 0, 63, 210, 6, 1, 1, 0, 47, 0, 0, 0, 0, 0, 45, 20, 91, 0, 0, 0, 25, 2, 5, 61, 0, 4, 3, 106, 30, 37, 0, 1, 25, 13, 2, 34, 22, 63, 3, 10, 3, 0, 10, 43, 1, 0, 219, 22, 3, 3, 21, 328, 11, 0, 48, 28, 84, 1]; Test [7, 9, 6, 2, 0, 8, 1, 1, 14, 8, 1, 0, 0, 29, 1, 0, 5, 0, 1, 0, 0, 1, 0, 4, 2, 3, 0, 0, 24, 0, 8, 1, 0, 4, 9, 1, 1, 1, 1, 0, 0, 8, 1, 0, 13, 42, 2, 1, 1, 0, 10, 0, 0, 0, 0, 0, 9, 4, 19, 0, 0, 0, 5, 1, 1, 13, 0, 1, 1, 22, 6, 8, 0, 1, 5, 3, 1, 7, 5, 13, 1, 2, 1, 0, 2, 9, 1, 0, 44, 5, 1, 1, 5, 66, 3, 0, 10, 6, 17, 1]
DATA Partition: Train [1, 39, 99, 17, 0, 43, 24, 42, 125, 33, 0, 4, 14, 17, 18, 0, 103, 0, 7, 22, 56, 0, 0, 43, 19, 5, 68, 32, 29, 0, 22, 81, 0, 34, 0, 27, 9, 81, 0, 1, 25, 104, 35, 27, 0, 13, 57, 6, 103, 74, 54, 0, 1, 0, 0, 0, 0, 1, 0, 184, 6, 0, 10, 34, 0, 0, 0, 21, 8, 0, 14, 0, 3, 0, 5, 1, 42, 2, 75, 0, 3, 2, 7, 0, 1, 0, 0, 1, 0, 53, 43, 0, 64, 0, 13, 15, 197, 14, 9, 58]; Test [1, 8, 20, 4, 0, 9, 5, 9, 25, 7, 0, 1, 3, 4, 4, 0, 21, 0, 2, 5, 12, 0, 0, 9, 4, 1, 14, 7, 6, 0, 5, 17, 0, 7, 0, 6, 2, 17, 0, 1, 5, 21, 7, 6, 0, 3, 12, 2, 21, 15, 11, 0, 1, 0, 0, 0, 0, 1, 0, 37, 2, 0, 2, 7, 0, 0, 0, 5, 2, 0, 3, 0, 1, 0, 1, 1, 9, 1, 15, 0, 1, 1, 2, 0, 1, 0, 0, 1, 0, 11, 9, 0, 13, 0, 3, 3, 40, 3, 2, 12]
create_model. model_name = resnet18
ResNet(
  (conv1): Conv2d(3, 64, kernel_size=(3, 3), stride=(1, 1), padding=(1, 1), bias=False)
  (bn1): GroupNorm(32, 64, eps=1e-05, affine=True)
  (layer1): Sequential(
    (0): BasicBlock(
      (conv1): Conv2d(64, 64, kernel_size=(3, 3), stride=(1, 1), padding=(1, 1), bias=False)
      (bn1): GroupNorm(32, 64, eps=1e-05, affine=True)
      (conv2): Conv2d(64, 64, kernel_size=(3, 3), stride=(1, 1), padding=(1, 1), bias=False)
      (bn2): GroupNorm(32, 64, eps=1e-05, affine=True)
      (shortcut): Sequential()
    )
    (1): BasicBlock(
      (conv1): Conv2d(64, 64, kernel_size=(3, 3), stride=(1, 1), padding=(1, 1), bias=False)
      (bn1): GroupNorm(32, 64, eps=1e-05, affine=True)
      (conv2): Conv2d(64, 64, kernel_size=(3, 3), stride=(1, 1), padding=(1, 1), bias=False)
      (bn2): GroupNorm(32, 64, eps=1e-05, affine=True)
      (shortcut): Sequential()
    )
  )
  (layer2): Sequential(
    (0): BasicBlock(
      (conv1): Conv2d(64, 128, kernel_size=(3, 3), stride=(2, 2), padding=(1, 1), bias=False)
      (bn1): GroupNorm(32, 128, eps=1e-05, affine=True)
      (conv2): Conv2d(128, 128, kernel_size=(3, 3), stride=(1, 1), padding=(1, 1), bias=False)
      (bn2): GroupNorm(32, 128, eps=1e-05, affine=True)
      (shortcut): Sequential(
        (0): Conv2d(64, 128, kernel_size=(1, 1), stride=(2, 2), bias=False)
        (1): GroupNorm(32, 128, eps=1e-05, affine=True)
      )
    )
    (1): BasicBlock(
      (conv1): Conv2d(128, 128, kernel_size=(3, 3), stride=(1, 1), padding=(1, 1), bias=False)
      (bn1): GroupNorm(32, 128, eps=1e-05, affine=True)
      (conv2): Conv2d(128, 128, kernel_size=(3, 3), stride=(1, 1), padding=(1, 1), bias=False)
      (bn2): GroupNorm(32, 128, eps=1e-05, affine=True)
      (shortcut): Sequential()
    )
  )
  (layer3): Sequential(
    (0): BasicBlock(
      (conv1): Conv2d(128, 256, kernel_size=(3, 3), stride=(2, 2), padding=(1, 1), bias=False)
      (bn1): GroupNorm(32, 256, eps=1e-05, affine=True)
      (conv2): Conv2d(256, 256, kernel_size=(3, 3), stride=(1, 1), padding=(1, 1), bias=False)
      (bn2): GroupNorm(32, 256, eps=1e-05, affine=True)
      (shortcut): Sequential(
        (0): Conv2d(128, 256, kernel_size=(1, 1), stride=(2, 2), bias=False)
        (1): GroupNorm(32, 256, eps=1e-05, affine=True)
      )
    )
    (1): BasicBlock(
      (conv1): Conv2d(256, 256, kernel_size=(3, 3), stride=(1, 1), padding=(1, 1), bias=False)
      (bn1): GroupNorm(32, 256, eps=1e-05, affine=True)
      (conv2): Conv2d(256, 256, kernel_size=(3, 3), stride=(1, 1), padding=(1, 1), bias=False)
      (bn2): GroupNorm(32, 256, eps=1e-05, affine=True)
      (shortcut): Sequential()
    )
  )
  (layer4): Sequential(
    (0): BasicBlock(
      (conv1): Conv2d(256, 512, kernel_size=(3, 3), stride=(2, 2), padding=(1, 1), bias=False)
      (bn1): GroupNorm(32, 512, eps=1e-05, affine=True)
      (conv2): Conv2d(512, 512, kernel_size=(3, 3), stride=(1, 1), padding=(1, 1), bias=False)
      (bn2): GroupNorm(32, 512, eps=1e-05, affine=True)
      (shortcut): Sequential(
        (0): Conv2d(256, 512, kernel_size=(1, 1), stride=(2, 2), bias=False)
        (1): GroupNorm(32, 512, eps=1e-05, affine=True)
      )
    )
    (1): BasicBlock(
      (conv1): Conv2d(512, 512, kernel_size=(3, 3), stride=(1, 1), padding=(1, 1), bias=False)
      (bn1): GroupNorm(32, 512, eps=1e-05, affine=True)
      (conv2): Conv2d(512, 512, kernel_size=(3, 3), stride=(1, 1), padding=(1, 1), bias=False)
      (bn2): GroupNorm(32, 512, eps=1e-05, affine=True)
      (shortcut): Sequential()
    )
  )
  (linear): Linear(in_features=512, out_features=100, bias=True)
)
############setup_clients (START)#############
self.local_sample_number = 2500
self.local_sample_number = 2500
self.local_sample_number = 2500
self.local_sample_number = 2500
self.local_sample_number = 2500
self.local_sample_number = 2500
self.local_sample_number = 2500
self.local_sample_number = 2500
self.local_sample_number = 2500
self.local_sample_number = 2500
self.local_sample_number = 2500
self.local_sample_number = 2500
self.local_sample_number = 2500
self.local_sample_number = 2500
self.local_sample_number = 2500
self.local_sample_number = 2500
self.local_sample_number = 2500
self.local_sample_number = 2500
self.local_sample_number = 2500
self.local_sample_number = 2500
############setup_clients (END)#############
################Communication round : 0
client_indexes = [18  1]
client_indexes = [ 1 18]
@@@@@@@@@@@@@@@@ Training Client CM(0): 1
Client Index = 1	Epoch: 0	Loss: 5.067598
Client Index = 1	Epoch: 1	Loss: 3.927011
Client Index = 1	Epoch: 2	Loss: 3.886157
Client Index = 1	Epoch: 3	Loss: 3.814400
Client Index = 1	Epoch: 4	Loss: 3.820388
@@@@@@@@@@@@@@@@ Training Client CM(0): 18
Client Index = 18	Epoch: 0	Loss: 5.400406
Client Index = 18	Epoch: 1	Loss: 3.668827
Client Index = 18	Epoch: 2	Loss: 3.542482
Client Index = 18	Epoch: 3	Loss: 3.550690
Client Index = 18	Epoch: 4	Loss: 3.493717
{'training_loss': 4.017167489528656}
################global_test_on_all_clients : 0
{'global_test_acc': 0.009873626129905772, 'global_test_loss': 5.240583442186513}
{'person_test_acc': 0.015519535118083539, 'person_test_loss': 4.661042210094346}
################Communication round : 1
client_indexes = [ 3 16]
client_indexes = [ 3 16]
@@@@@@@@@@@@@@@@ Training Client CM(1): 3
Client Index = 3	Epoch: 0	Loss: 4.035100
Client Index = 3	Epoch: 1	Loss: 3.748710
Client Index = 3	Epoch: 2	Loss: 3.570840
Client Index = 3	Epoch: 3	Loss: 3.518137
Client Index = 3	Epoch: 4	Loss: 3.497200
@@@@@@@@@@@@@@@@ Training Client CM(1): 16
Client Index = 16	Epoch: 0	Loss: 4.009597
Client Index = 16	Epoch: 1	Loss: 3.744226
Client Index = 16	Epoch: 2	Loss: 3.683332
Client Index = 16	Epoch: 3	Loss: 3.607904
